[0m2023-11-28 12:17:43 V/Net 3815829425: Invalidate caches because hash file not available.[0m
[0m2023-11-28 12:17:43 V/Net 3815829425: No server list cached.[0m
[92m2023-11-28 12:17:43 I/Net 3815829425: EncryptService SPI is not provided, sso secure ecdh will not be initialized.[0m
[92m2023-11-28 12:17:43 I/Net 3815829425: ECDH key is invalid, start to fetch ecdh public key from server.[0m
[92m2023-11-28 12:17:43 I/Net 3815829425: Successfully fetched ecdh public key from server.[0m
[0m2023-11-28 12:17:43 V/Net 3815829425: [AuthControl/acquire] Acquiring auth method[0m
[96m2023-11-28 12:17:43 D/Net 3815829425: [AuthControl/acquire] Authorization responded: Password@1034891919[0m
[0m2023-11-28 12:17:44 V/Net 3815829425: Send: wtlogin.login(9:password-login)[0m
[0m2023-11-28 12:17:44 V/Net 3815829425: Recv: wtlogin.login[0m
[0m2023-11-28 12:18:07 V/Net 3815829425: Send: wtlogin.login(2:submit-slider)[0m
[0m2023-11-28 12:18:07 V/Net 3815829425: Recv: wtlogin.login[0m
[93m2023-11-28 12:18:07 W/Net 3815829425: Failed with auth method: Password@1034891919
net.mamoe.mirai.network.WrongPasswordException: Error(bot=Bot(3815829425), code=45, title=ç¦æ­¢ç™»å½•, message=ç™»å½•å¤±è´¥ï¼Œè¯·å‰å¾€QQå®˜ç½‘im.qq.comä¸‹è½½æœ€æ–°ç‰ˆQQåé‡è¯•ï¼Œæˆ–é€šè¿‡é—®é¢˜åé¦ˆä¸æˆ‘ä»¬è”ç³»ã€‚, errorInfo=)
	at net.mamoe.mirai.internal.network.components.SsoProcessorImpl$SlowLoginImpl.doLogin(SsoProcessor.kt:490)
	at net.mamoe.mirai.internal.network.components.SsoProcessorImpl$SlowLoginImpl$doLogin$1.invokeSuspend(SsoProcessor.kt)
	at kotlin.coroutines.jvm.internal.BaseContinuationImpl.resumeWith(ContinuationImpl.kt:33)
	at kotlinx.coroutines.internal.ScopeCoroutine.afterResume(Scopes.kt:33)
	at kotlinx.coroutines.AbstractCoroutine.resumeWith(AbstractCoroutine.kt:102)
	at kotlin.coroutines.jvm.internal.BaseContinuationImpl.resumeWith(ContinuationImpl.kt:46)
	at kotlinx.coroutines.DispatchedTask.run(DispatchedTask.kt:106)
	at kotlinx.coroutines.scheduling.CoroutineScheduler.runSafely(CoroutineScheduler.kt:570)
	at kotlinx.coroutines.scheduling.CoroutineScheduler$Worker.executeTask(CoroutineScheduler.kt:750)
	at kotlinx.coroutines.scheduling.CoroutineScheduler$Worker.runWorker(CoroutineScheduler.kt:677)
	at kotlinx.coroutines.scheduling.CoroutineScheduler$Worker.run(CoroutineScheduler.kt:664)
[0m
[0m2023-11-28 12:18:07 V/Net 3815829425: [AuthControl/resume] Fire auth failed with cause: net.mamoe.mirai.network.WrongPasswordException: Error(bot=Bot(3815829425), code=45, title=ç¦æ­¢ç™»å½•, message=ç™»å½•å¤±è´¥ï¼Œè¯·å‰å¾€QQå®˜ç½‘im.qq.comä¸‹è½½æœ€æ–°ç‰ˆQQåé‡è¯•ï¼Œæˆ–é€šè¿‡é—®é¢˜åé¦ˆä¸æˆ‘ä»¬è”ç³»ã€‚, errorInfo=)[0m
[93m2023-11-28 12:18:07 W/Net 3815829425: Exception in resumeConnection.
net.mamoe.mirai.internal.network.handler.selector.SelectorRequireReconnectException
[0m
[92m2023-11-28 12:18:07 I/Net 3815829425: ECDH key is valid.[0m
[0m2023-11-28 12:18:07 V/Net 3815829425: [AuthControl/acquire] Acquiring auth method[0m
[96m2023-11-28 12:18:07 D/Net 3815829425: [AuthControl/acquire] Authorization responded: Error[net.mamoe.mirai.network.WrongPasswordException: Error(bot=Bot(3815829425), code=45, title=ç¦æ­¢ç™»å½•, message=ç™»å½•å¤±è´¥ï¼Œè¯·å‰å¾€QQå®˜ç½‘im.qq.comä¸‹è½½æœ€æ–°ç‰ˆQQåé‡è¯•ï¼Œæˆ–é€šè¿‡é—®é¢˜åé¦ˆä¸æˆ‘ä»¬è”ç³»ã€‚, errorInfo=)]@968871047[0m
[93m2023-11-28 12:18:07 W/Net 3815829425: Failed with auth method: Error[net.mamoe.mirai.network.WrongPasswordException: Error(bot=Bot(3815829425), code=45, title=ç¦æ­¢ç™»å½•, message=ç™»å½•å¤±è´¥ï¼Œè¯·å‰å¾€QQå®˜ç½‘im.qq.comä¸‹è½½æœ€æ–°ç‰ˆQQåé‡è¯•ï¼Œæˆ–é€šè¿‡é—®é¢˜åé¦ˆä¸æˆ‘ä»¬è”ç³»ã€‚, errorInfo=)]@968871047
net.mamoe.mirai.network.BotAuthorizationException: BotAuthorization(BotAuthorization.byPassword(<ERASED>)) threw an exception during authorization process. See cause below.
	at net.mamoe.mirai.internal.network.components.SsoProcessorImpl.login(SsoProcessor.kt:263)
	at net.mamoe.mirai.internal.network.handler.CommonNetworkHandler$StateConnecting$startState$2.invokeSuspend(CommonNetworkHandler.kt:247)
	at kotlin.coroutines.jvm.internal.BaseContinuationImpl.resumeWith(ContinuationImpl.kt:33)
	at kotlinx.coroutines.DispatchedTask.run(DispatchedTask.kt:106)
	at kotlinx.coroutines.scheduling.CoroutineScheduler.runSafely(CoroutineScheduler.kt:570)
	at kotlinx.coroutines.scheduling.CoroutineScheduler$Worker.executeTask(CoroutineScheduler.kt:750)
	at kotlinx.coroutines.scheduling.CoroutineScheduler$Worker.runWorker(CoroutineScheduler.kt:677)
	at kotlinx.coroutines.scheduling.CoroutineScheduler$Worker.run(CoroutineScheduler.kt:664)
Caused by: net.mamoe.mirai.network.WrongPasswordException: Error(bot=Bot(3815829425), code=45, title=ç¦æ­¢ç™»å½•, message=ç™»å½•å¤±è´¥ï¼Œè¯·å‰å¾€QQå®˜ç½‘im.qq.comä¸‹è½½æœ€æ–°ç‰ˆQQåé‡è¯•ï¼Œæˆ–é€šè¿‡é—®é¢˜åé¦ˆä¸æˆ‘ä»¬è”ç³»ã€‚, errorInfo=)
	at net.mamoe.mirai.internal.network.components.SsoProcessorImpl$SlowLoginImpl.doLogin(SsoProcessor.kt:490)
	at net.mamoe.mirai.internal.network.components.SsoProcessorImpl$SlowLoginImpl$doLogin$1.invokeSuspend(SsoProcessor.kt)
	at kotlin.coroutines.jvm.internal.BaseContinuationImpl.resumeWith(ContinuationImpl.kt:33)
	at kotlinx.coroutines.internal.ScopeCoroutine.afterResume(Scopes.kt:33)
	at kotlinx.coroutines.AbstractCoroutine.resumeWith(AbstractCoroutine.kt:102)
	at kotlin.coroutines.jvm.internal.BaseContinuationImpl.resumeWith(ContinuationImpl.kt:46)
	... 5 more
[0m
[93m2023-11-28 12:18:07 W/Net 3815829425: Exception in resumeConnection.
net.mamoe.mirai.internal.network.components.LoginFailedExceptionAsNetworkException: BotAuthorization(BotAuthorization.byPassword(<ERASED>)) threw an exception during authorization process. See cause below.
	at net.mamoe.mirai.internal.network.handler.CommonNetworkHandler$StateConnecting$startState$2.invokeSuspend(CommonNetworkHandler.kt:249)
	at kotlin.coroutines.jvm.internal.BaseContinuationImpl.resumeWith(ContinuationImpl.kt:33)
	at kotlinx.coroutines.DispatchedTask.run(DispatchedTask.kt:106)
	at kotlinx.coroutines.scheduling.CoroutineScheduler.runSafely(CoroutineScheduler.kt:570)
	at kotlinx.coroutines.scheduling.CoroutineScheduler$Worker.executeTask(CoroutineScheduler.kt:750)
	at kotlinx.coroutines.scheduling.CoroutineScheduler$Worker.runWorker(CoroutineScheduler.kt:677)
	at kotlinx.coroutines.scheduling.CoroutineScheduler$Worker.run(CoroutineScheduler.kt:664)
Caused by: net.mamoe.mirai.network.BotAuthorizationException: BotAuthorization(BotAuthorization.byPassword(<ERASED>)) threw an exception during authorization process. See cause below.
	at net.mamoe.mirai.internal.network.components.SsoProcessorImpl.login(SsoProcessor.kt:263)
	at net.mamoe.mirai.internal.network.handler.CommonNetworkHandler$StateConnecting$startState$2.invokeSuspend(CommonNetworkHandler.kt:247)
	... 6 more
	Suppressed: net.mamoe.mirai.network.WrongPasswordException: Error(bot=Bot(3815829425), code=45, title=ç¦æ­¢ç™»å½•, message=ç™»å½•å¤±è´¥ï¼Œè¯·å‰å¾€QQå®˜ç½‘im.qq.comä¸‹è½½æœ€æ–°ç‰ˆQQåé‡è¯•ï¼Œæˆ–é€šè¿‡é—®é¢˜åé¦ˆä¸æˆ‘ä»¬è”ç³»ã€‚, errorInfo=)
		at net.mamoe.mirai.internal.network.components.SsoProcessorImpl$SlowLoginImpl.doLogin(SsoProcessor.kt:490)
		at net.mamoe.mirai.internal.network.components.SsoProcessorImpl$SlowLoginImpl$doLogin$1.invokeSuspend(SsoProcessor.kt)
		at kotlin.coroutines.jvm.internal.BaseContinuationImpl.resumeWith(ContinuationImpl.kt:33)
		at kotlinx.coroutines.internal.ScopeCoroutine.afterResume(Scopes.kt:33)
		at kotlinx.coroutines.AbstractCoroutine.resumeWith(AbstractCoroutine.kt:102)
		at kotlin.coroutines.jvm.internal.BaseContinuationImpl.resumeWith(ContinuationImpl.kt:46)
		... 5 more
Caused by: [CIRCULAR REFERENCE: net.mamoe.mirai.network.WrongPasswordException: Error(bot=Bot(3815829425), code=45, title=ç¦æ­¢ç™»å½•, message=ç™»å½•å¤±è´¥ï¼Œè¯·å‰å¾€QQå®˜ç½‘im.qq.comä¸‹è½½æœ€æ–°ç‰ˆQQåé‡è¯•ï¼Œæˆ–é€šè¿‡é—®é¢˜åé¦ˆä¸æˆ‘ä»¬è”ç³»ã€‚, errorInfo=)]
[0m
[93m2023-11-28 12:18:07 W/Net 3815829425: Network selector received exception, closing bot. (net.mamoe.mirai.internal.network.components.LoginFailedExceptionAsNetworkException: BotAuthorization(BotAuthorization.byPassword(<ERASED>)) threw an exception during authorization process. See cause below.)[0m
