2023-12-16 15:43:59 I/main: Starting mirai-console...
2023-12-16 15:43:59 I/main: 

===================================[ Mirai console 2.16.0 ]===================================
 __       __ __                   __  ______                                      __
|  \     /  \  \                 |  \/      \                                    |  \
| ▓▓\   /  ▓▓\▓▓ ______   ______  \▓▓  ▓▓▓▓▓▓\ ______  _______   _______  ______ | ▓▓ ______
| ▓▓▓\ /  ▓▓▓  \/      \ |      \|  \ ▓▓   \▓▓/      \|       \ /       \/      \| ▓▓/      \
| ▓▓▓▓\  ▓▓▓▓ ▓▓  ▓▓▓▓▓▓\ \▓▓▓▓▓▓\ ▓▓ ▓▓     |  ▓▓▓▓▓▓\ ▓▓▓▓▓▓▓\  ▓▓▓▓▓▓▓  ▓▓▓▓▓▓\ ▓▓  ▓▓▓▓▓▓\
| ▓▓\▓▓ ▓▓ ▓▓ ▓▓ ▓▓   \▓▓/      ▓▓ ▓▓ ▓▓   __| ▓▓  | ▓▓ ▓▓  | ▓▓\▓▓    \| ▓▓  | ▓▓ ▓▓ ▓▓    ▓▓
| ▓▓ \▓▓▓| ▓▓ ▓▓ ▓▓     |  ▓▓▓▓▓▓▓ ▓▓ ▓▓__/  \ ▓▓__/ ▓▓ ▓▓  | ▓▓_\▓▓▓▓▓▓\ ▓▓__/ ▓▓ ▓▓ ▓▓▓▓▓▓▓▓
| ▓▓  \▓ | ▓▓ ▓▓ ▓▓      \▓▓    ▓▓ ▓▓\▓▓    ▓▓\▓▓    ▓▓ ▓▓  | ▓▓       ▓▓\▓▓    ▓▓ ▓▓\▓▓     \
 \▓▓      \▓▓\▓▓\▓▓       \▓▓▓▓▓▓▓\▓▓ \▓▓▓▓▓▓  \▓▓▓▓▓▓ \▓▓   \▓▓\▓▓▓▓▓▓▓  \▓▓▓▓▓▓ \▓▓ \▓▓▓▓▓▓▓


2023-12-16 15:43:59 I/main: Backend: version 2.16.0, built on 2023-10-20 06:28:10.
2023-12-16 15:43:59 I/main: Frontend Terminal: version 2.16.0, provided by Mamoe Technologies
2023-12-16 15:43:59 I/main: Welcome to visit https://mirai.mamoe.net/
2023-12-16 15:44:00 I/plugin: Successfully loaded plugin miaomiao v1.0.0
2023-12-16 15:44:00 I/main: Prepared built-in commands: autoLogin, help, login, logout, permission, status, stop
2023-12-16 15:44:00 I/stdout: 文件保存成功
2023-12-16 15:44:00 I/stdout: 初始化成功...
2023-12-16 15:44:01 I/main: 2 plugin(s) enabled.
2023-12-16 15:44:01 I/main: mirai-console started successfully.
2023-12-16 15:49:39 W/console: Closing input service...
2023-12-16 15:49:43 I/main: Starting mirai-console...
2023-12-16 15:49:43 I/main: 

===================================[ Mirai console 2.16.0 ]===================================
 __       __ __                   __  ______                                      __
|  \     /  \  \                 |  \/      \                                    |  \
| ▓▓\   /  ▓▓\▓▓ ______   ______  \▓▓  ▓▓▓▓▓▓\ ______  _______   _______  ______ | ▓▓ ______
| ▓▓▓\ /  ▓▓▓  \/      \ |      \|  \ ▓▓   \▓▓/      \|       \ /       \/      \| ▓▓/      \
| ▓▓▓▓\  ▓▓▓▓ ▓▓  ▓▓▓▓▓▓\ \▓▓▓▓▓▓\ ▓▓ ▓▓     |  ▓▓▓▓▓▓\ ▓▓▓▓▓▓▓\  ▓▓▓▓▓▓▓  ▓▓▓▓▓▓\ ▓▓  ▓▓▓▓▓▓\
| ▓▓\▓▓ ▓▓ ▓▓ ▓▓ ▓▓   \▓▓/      ▓▓ ▓▓ ▓▓   __| ▓▓  | ▓▓ ▓▓  | ▓▓\▓▓    \| ▓▓  | ▓▓ ▓▓ ▓▓    ▓▓
| ▓▓ \▓▓▓| ▓▓ ▓▓ ▓▓     |  ▓▓▓▓▓▓▓ ▓▓ ▓▓__/  \ ▓▓__/ ▓▓ ▓▓  | ▓▓_\▓▓▓▓▓▓\ ▓▓__/ ▓▓ ▓▓ ▓▓▓▓▓▓▓▓
| ▓▓  \▓ | ▓▓ ▓▓ ▓▓      \▓▓    ▓▓ ▓▓\▓▓    ▓▓\▓▓    ▓▓ ▓▓  | ▓▓       ▓▓\▓▓    ▓▓ ▓▓\▓▓     \
 \▓▓      \▓▓\▓▓\▓▓       \▓▓▓▓▓▓▓\▓▓ \▓▓▓▓▓▓  \▓▓▓▓▓▓ \▓▓   \▓▓\▓▓▓▓▓▓▓  \▓▓▓▓▓▓ \▓▓ \▓▓▓▓▓▓▓


2023-12-16 15:49:43 I/main: Backend: version 2.16.0, built on 2023-10-20 06:28:10.
2023-12-16 15:49:43 I/main: Frontend Terminal: version 2.16.0, provided by Mamoe Technologies
2023-12-16 15:49:43 I/main: Welcome to visit https://mirai.mamoe.net/
2023-12-16 15:49:44 I/plugin: Successfully loaded plugin miaomiao v1.0.0
2023-12-16 15:49:45 I/main: Prepared built-in commands: autoLogin, help, login, logout, permission, status, stop
2023-12-16 15:49:45 I/stdout: 文件保存成功
2023-12-16 15:49:45 I/stdout: 初始化成功...
2023-12-16 15:49:45 I/main: 2 plugin(s) enabled.
2023-12-16 15:49:45 I/main: mirai-console started successfully.
2023-12-16 15:49:49 W/console: Closing input service...
