2023-12-21 20:44:30 I/main: Starting mirai-console...
2023-12-21 20:44:30 I/main: 

===================================[ Mirai console 2.16.0 ]===================================
 __       __ __                   __  ______                                      __
|  \     /  \  \                 |  \/      \                                    |  \
| ▓▓\   /  ▓▓\▓▓ ______   ______  \▓▓  ▓▓▓▓▓▓\ ______  _______   _______  ______ | ▓▓ ______
| ▓▓▓\ /  ▓▓▓  \/      \ |      \|  \ ▓▓   \▓▓/      \|       \ /       \/      \| ▓▓/      \
| ▓▓▓▓\  ▓▓▓▓ ▓▓  ▓▓▓▓▓▓\ \▓▓▓▓▓▓\ ▓▓ ▓▓     |  ▓▓▓▓▓▓\ ▓▓▓▓▓▓▓\  ▓▓▓▓▓▓▓  ▓▓▓▓▓▓\ ▓▓  ▓▓▓▓▓▓\
| ▓▓\▓▓ ▓▓ ▓▓ ▓▓ ▓▓   \▓▓/      ▓▓ ▓▓ ▓▓   __| ▓▓  | ▓▓ ▓▓  | ▓▓\▓▓    \| ▓▓  | ▓▓ ▓▓ ▓▓    ▓▓
| ▓▓ \▓▓▓| ▓▓ ▓▓ ▓▓     |  ▓▓▓▓▓▓▓ ▓▓ ▓▓__/  \ ▓▓__/ ▓▓ ▓▓  | ▓▓_\▓▓▓▓▓▓\ ▓▓__/ ▓▓ ▓▓ ▓▓▓▓▓▓▓▓
| ▓▓  \▓ | ▓▓ ▓▓ ▓▓      \▓▓    ▓▓ ▓▓\▓▓    ▓▓\▓▓    ▓▓ ▓▓  | ▓▓       ▓▓\▓▓    ▓▓ ▓▓\▓▓     \
 \▓▓      \▓▓\▓▓\▓▓       \▓▓▓▓▓▓▓\▓▓ \▓▓▓▓▓▓  \▓▓▓▓▓▓ \▓▓   \▓▓\▓▓▓▓▓▓▓  \▓▓▓▓▓▓ \▓▓ \▓▓▓▓▓▓▓


2023-12-21 20:44:30 I/main: Backend: version 2.16.0, built on 2023-10-20 06:28:10.
2023-12-21 20:44:30 I/main: Frontend Terminal: version 2.16.0, provided by Mamoe Technologies
2023-12-21 20:44:30 I/main: Welcome to visit https://mirai.mamoe.net/
2023-12-21 20:44:31 I/plugin: Successfully loaded plugin miaomiao v1.0.0
2023-12-21 20:44:31 I/main: Prepared built-in commands: autoLogin, help, login, logout, permission, status, stop
2023-12-21 20:44:31 W/stderr: Exception in thread "Timer-0" java.lang.NullPointerException
2023-12-21 20:44:31 W/stderr: 	at com.hncpu.maomao.utils.timing.TimingUtilming$1.run(Timing.java:24)
2023-12-21 20:44:31 W/stderr: 	at java.util.TimerThread.mainLoop(Timer.java:555)
2023-12-21 20:44:31 W/stderr: 	at java.util.TimerThread.run(Timer.java:505)
2023-12-21 20:44:31 I/stdout: 文件保存成功
2023-12-21 20:44:31 E/miaomiao: java.lang.NullPointerException
java.lang.NullPointerException
	at com.hn.cat.Cat.MiaoMiaoInit(MiaoMiao.java:61)
	at com.hn.cat.Cat.onEnable(MiaoMiao.java:31)
	at net.mamoe.mirai.console.internal.plugin.JvmPluginInternal.internalOnEnable$mirai_console(JvmPluginInternal.kt:244)
	at net.mamoe.mirai.console.internal.plugin.BuiltInJvmPluginLoaderImpl.enable(BuiltInJvmPluginLoaderImpl.kt:393)
	at net.mamoe.mirai.console.internal.plugin.BuiltInJvmPluginLoaderImpl.enable(BuiltInJvmPluginLoaderImpl.kt:40)
	at net.mamoe.mirai.console.plugin.jvm.JvmPluginLoader$BuiltIn.enable(JvmPluginLoader.kt)
	at net.mamoe.mirai.console.plugin.jvm.JvmPluginLoader$BuiltIn.enable(JvmPluginLoader.kt:54)
	at net.mamoe.mirai.console.plugin.PluginManager.enablePlugin(PluginManager.kt:173)
	at net.mamoe.mirai.console.internal.plugin.PluginManagerImpl.enableAllLoadedPlugins$mirai_console(PluginManagerImpl.kt:193)
	at net.mamoe.mirai.console.internal.MiraiConsoleImplementationBridge.doStart$mirai_console(MiraiConsoleImplementationBridge.kt:360)
	at net.mamoe.mirai.console.MiraiConsoleImplementation$Companion.start(MiraiConsoleImplementation.kt:512)
	at net.mamoe.mirai.console.terminal.MiraiConsoleTerminalLoader.startAsDaemon(MiraiConsoleTerminalLoader.kt:182)
	at net.mamoe.mirai.console.terminal.MiraiConsoleTerminalLoader.startAsDaemon$default(MiraiConsoleTerminalLoader.kt:181)
	at net.mamoe.mirai.console.terminal.MiraiConsoleTerminalLoader.main(MiraiConsoleTerminalLoader.kt:59)

2023-12-21 20:44:31 I/main: 1 plugin(s) enabled.
2023-12-21 20:44:31 I/main: mirai-console started successfully.
2023-12-21 20:45:25 W/console: Closing input service...
2023-12-21 20:45:27 I/main: Starting mirai-console...
2023-12-21 20:45:27 I/main: 

===================================[ Mirai console 2.16.0 ]===================================
 __       __ __                   __  ______                                      __
|  \     /  \  \                 |  \/      \                                    |  \
| ▓▓\   /  ▓▓\▓▓ ______   ______  \▓▓  ▓▓▓▓▓▓\ ______  _______   _______  ______ | ▓▓ ______
| ▓▓▓\ /  ▓▓▓  \/      \ |      \|  \ ▓▓   \▓▓/      \|       \ /       \/      \| ▓▓/      \
| ▓▓▓▓\  ▓▓▓▓ ▓▓  ▓▓▓▓▓▓\ \▓▓▓▓▓▓\ ▓▓ ▓▓     |  ▓▓▓▓▓▓\ ▓▓▓▓▓▓▓\  ▓▓▓▓▓▓▓  ▓▓▓▓▓▓\ ▓▓  ▓▓▓▓▓▓\
| ▓▓\▓▓ ▓▓ ▓▓ ▓▓ ▓▓   \▓▓/      ▓▓ ▓▓ ▓▓   __| ▓▓  | ▓▓ ▓▓  | ▓▓\▓▓    \| ▓▓  | ▓▓ ▓▓ ▓▓    ▓▓
| ▓▓ \▓▓▓| ▓▓ ▓▓ ▓▓     |  ▓▓▓▓▓▓▓ ▓▓ ▓▓__/  \ ▓▓__/ ▓▓ ▓▓  | ▓▓_\▓▓▓▓▓▓\ ▓▓__/ ▓▓ ▓▓ ▓▓▓▓▓▓▓▓
| ▓▓  \▓ | ▓▓ ▓▓ ▓▓      \▓▓    ▓▓ ▓▓\▓▓    ▓▓\▓▓    ▓▓ ▓▓  | ▓▓       ▓▓\▓▓    ▓▓ ▓▓\▓▓     \
 \▓▓      \▓▓\▓▓\▓▓       \▓▓▓▓▓▓▓\▓▓ \▓▓▓▓▓▓  \▓▓▓▓▓▓ \▓▓   \▓▓\▓▓▓▓▓▓▓  \▓▓▓▓▓▓ \▓▓ \▓▓▓▓▓▓▓


2023-12-21 20:45:27 I/main: Backend: version 2.16.0, built on 2023-10-20 06:28:10.
2023-12-21 20:45:27 I/main: Frontend Terminal: version 2.16.0, provided by Mamoe Technologies
2023-12-21 20:45:27 I/main: Welcome to visit https://mirai.mamoe.net/
2023-12-21 20:45:28 I/plugin: Successfully loaded plugin miaomiao v1.0.0
2023-12-21 20:45:28 I/main: Prepared built-in commands: autoLogin, help, login, logout, permission, status, stop
2023-12-21 20:45:28 W/stderr: Exception in thread "Timer-0" java.lang.NullPointerException
2023-12-21 20:45:28 W/stderr: 	at com.hncpu.maomao.utils.timing.TimingUtilming$1.run(Timing.java:24)
2023-12-21 20:45:28 W/stderr: 	at java.util.TimerThread.mainLoop(Timer.java:555)
2023-12-21 20:45:28 W/stderr: 	at java.util.TimerThread.run(Timer.java:505)
2023-12-21 20:45:28 I/stdout: 文件保存成功
2023-12-21 20:45:28 E/miaomiao: java.lang.NullPointerException
java.lang.NullPointerException
	at com.hn.cat.Cat.MiaoMiaoInit(MiaoMiao.java:61)
	at com.hn.cat.Cat.onEnable(MiaoMiao.java:31)
	at net.mamoe.mirai.console.internal.plugin.JvmPluginInternal.internalOnEnable$mirai_console(JvmPluginInternal.kt:244)
	at net.mamoe.mirai.console.internal.plugin.BuiltInJvmPluginLoaderImpl.enable(BuiltInJvmPluginLoaderImpl.kt:393)
	at net.mamoe.mirai.console.internal.plugin.BuiltInJvmPluginLoaderImpl.enable(BuiltInJvmPluginLoaderImpl.kt:40)
	at net.mamoe.mirai.console.plugin.jvm.JvmPluginLoader$BuiltIn.enable(JvmPluginLoader.kt)
	at net.mamoe.mirai.console.plugin.jvm.JvmPluginLoader$BuiltIn.enable(JvmPluginLoader.kt:54)
	at net.mamoe.mirai.console.plugin.PluginManager.enablePlugin(PluginManager.kt:173)
	at net.mamoe.mirai.console.internal.plugin.PluginManagerImpl.enableAllLoadedPlugins$mirai_console(PluginManagerImpl.kt:193)
	at net.mamoe.mirai.console.internal.MiraiConsoleImplementationBridge.doStart$mirai_console(MiraiConsoleImplementationBridge.kt:360)
	at net.mamoe.mirai.console.MiraiConsoleImplementation$Companion.start(MiraiConsoleImplementation.kt:512)
	at net.mamoe.mirai.console.terminal.MiraiConsoleTerminalLoader.startAsDaemon(MiraiConsoleTerminalLoader.kt:182)
	at net.mamoe.mirai.console.terminal.MiraiConsoleTerminalLoader.startAsDaemon$default(MiraiConsoleTerminalLoader.kt:181)
	at net.mamoe.mirai.console.terminal.MiraiConsoleTerminalLoader.main(MiraiConsoleTerminalLoader.kt:59)

2023-12-21 20:45:28 I/main: 1 plugin(s) enabled.
2023-12-21 20:45:28 I/main: mirai-console started successfully.
2023-12-21 20:46:48 W/console: Closing input service...
2023-12-21 20:46:59 I/main: Starting mirai-console...
2023-12-21 20:47:00 I/main: 

===================================[ Mirai console 2.16.0 ]===================================
 __       __ __                   __  ______                                      __
|  \     /  \  \                 |  \/      \                                    |  \
| ▓▓\   /  ▓▓\▓▓ ______   ______  \▓▓  ▓▓▓▓▓▓\ ______  _______   _______  ______ | ▓▓ ______
| ▓▓▓\ /  ▓▓▓  \/      \ |      \|  \ ▓▓   \▓▓/      \|       \ /       \/      \| ▓▓/      \
| ▓▓▓▓\  ▓▓▓▓ ▓▓  ▓▓▓▓▓▓\ \▓▓▓▓▓▓\ ▓▓ ▓▓     |  ▓▓▓▓▓▓\ ▓▓▓▓▓▓▓\  ▓▓▓▓▓▓▓  ▓▓▓▓▓▓\ ▓▓  ▓▓▓▓▓▓\
| ▓▓\▓▓ ▓▓ ▓▓ ▓▓ ▓▓   \▓▓/      ▓▓ ▓▓ ▓▓   __| ▓▓  | ▓▓ ▓▓  | ▓▓\▓▓    \| ▓▓  | ▓▓ ▓▓ ▓▓    ▓▓
| ▓▓ \▓▓▓| ▓▓ ▓▓ ▓▓     |  ▓▓▓▓▓▓▓ ▓▓ ▓▓__/  \ ▓▓__/ ▓▓ ▓▓  | ▓▓_\▓▓▓▓▓▓\ ▓▓__/ ▓▓ ▓▓ ▓▓▓▓▓▓▓▓
| ▓▓  \▓ | ▓▓ ▓▓ ▓▓      \▓▓    ▓▓ ▓▓\▓▓    ▓▓\▓▓    ▓▓ ▓▓  | ▓▓       ▓▓\▓▓    ▓▓ ▓▓\▓▓     \
 \▓▓      \▓▓\▓▓\▓▓       \▓▓▓▓▓▓▓\▓▓ \▓▓▓▓▓▓  \▓▓▓▓▓▓ \▓▓   \▓▓\▓▓▓▓▓▓▓  \▓▓▓▓▓▓ \▓▓ \▓▓▓▓▓▓▓


2023-12-21 20:47:00 I/main: Backend: version 2.16.0, built on 2023-10-20 06:28:10.
2023-12-21 20:47:00 I/main: Frontend Terminal: version 2.16.0, provided by Mamoe Technologies
2023-12-21 20:47:00 I/main: Welcome to visit https://mirai.mamoe.net/
2023-12-21 20:47:00 I/plugin: Successfully loaded plugin miaomiao v1.0.0
2023-12-21 20:47:01 I/main: Prepared built-in commands: autoLogin, help, login, logout, permission, status, stop
2023-12-21 20:47:01 W/stderr: Exception in thread "Timer-0" java.lang.NullPointerException
2023-12-21 20:47:01 W/stderr: 	at com.hncpu.maomao.utils.timing.TimingUtilming$1.run(Timing.java:24)
2023-12-21 20:47:01 W/stderr: 	at java.util.TimerThread.mainLoop(Timer.java:555)
2023-12-21 20:47:01 W/stderr: 	at java.util.TimerThread.run(Timer.java:505)
2023-12-21 20:47:01 I/stdout: 文件保存成功
2023-12-21 20:47:01 E/miaomiao: java.lang.NullPointerException
java.lang.NullPointerException
	at com.hn.cat.Cat.MiaoMiaoInit(MiaoMiao.java:61)
	at com.hn.cat.Cat.onEnable(MiaoMiao.java:31)
	at net.mamoe.mirai.console.internal.plugin.JvmPluginInternal.internalOnEnable$mirai_console(JvmPluginInternal.kt:244)
	at net.mamoe.mirai.console.internal.plugin.BuiltInJvmPluginLoaderImpl.enable(BuiltInJvmPluginLoaderImpl.kt:393)
	at net.mamoe.mirai.console.internal.plugin.BuiltInJvmPluginLoaderImpl.enable(BuiltInJvmPluginLoaderImpl.kt:40)
	at net.mamoe.mirai.console.plugin.jvm.JvmPluginLoader$BuiltIn.enable(JvmPluginLoader.kt)
	at net.mamoe.mirai.console.plugin.jvm.JvmPluginLoader$BuiltIn.enable(JvmPluginLoader.kt:54)
	at net.mamoe.mirai.console.plugin.PluginManager.enablePlugin(PluginManager.kt:173)
	at net.mamoe.mirai.console.internal.plugin.PluginManagerImpl.enableAllLoadedPlugins$mirai_console(PluginManagerImpl.kt:193)
	at net.mamoe.mirai.console.internal.MiraiConsoleImplementationBridge.doStart$mirai_console(MiraiConsoleImplementationBridge.kt:360)
	at net.mamoe.mirai.console.MiraiConsoleImplementation$Companion.start(MiraiConsoleImplementation.kt:512)
	at net.mamoe.mirai.console.terminal.MiraiConsoleTerminalLoader.startAsDaemon(MiraiConsoleTerminalLoader.kt:182)
	at net.mamoe.mirai.console.terminal.MiraiConsoleTerminalLoader.startAsDaemon$default(MiraiConsoleTerminalLoader.kt:181)
	at net.mamoe.mirai.console.terminal.MiraiConsoleTerminalLoader.main(MiraiConsoleTerminalLoader.kt:59)

2023-12-21 20:47:01 I/main: 1 plugin(s) enabled.
2023-12-21 20:47:01 I/main: mirai-console started successfully.
2023-12-21 20:47:23 I/main: Starting mirai-console...
2023-12-21 20:47:23 I/main: 

===================================[ Mirai console 2.16.0 ]===================================
 __       __ __                   __  ______                                      __
|  \     /  \  \                 |  \/      \                                    |  \
| ▓▓\   /  ▓▓\▓▓ ______   ______  \▓▓  ▓▓▓▓▓▓\ ______  _______   _______  ______ | ▓▓ ______
| ▓▓▓\ /  ▓▓▓  \/      \ |      \|  \ ▓▓   \▓▓/      \|       \ /       \/      \| ▓▓/      \
| ▓▓▓▓\  ▓▓▓▓ ▓▓  ▓▓▓▓▓▓\ \▓▓▓▓▓▓\ ▓▓ ▓▓     |  ▓▓▓▓▓▓\ ▓▓▓▓▓▓▓\  ▓▓▓▓▓▓▓  ▓▓▓▓▓▓\ ▓▓  ▓▓▓▓▓▓\
| ▓▓\▓▓ ▓▓ ▓▓ ▓▓ ▓▓   \▓▓/      ▓▓ ▓▓ ▓▓   __| ▓▓  | ▓▓ ▓▓  | ▓▓\▓▓    \| ▓▓  | ▓▓ ▓▓ ▓▓    ▓▓
| ▓▓ \▓▓▓| ▓▓ ▓▓ ▓▓     |  ▓▓▓▓▓▓▓ ▓▓ ▓▓__/  \ ▓▓__/ ▓▓ ▓▓  | ▓▓_\▓▓▓▓▓▓\ ▓▓__/ ▓▓ ▓▓ ▓▓▓▓▓▓▓▓
| ▓▓  \▓ | ▓▓ ▓▓ ▓▓      \▓▓    ▓▓ ▓▓\▓▓    ▓▓\▓▓    ▓▓ ▓▓  | ▓▓       ▓▓\▓▓    ▓▓ ▓▓\▓▓     \
 \▓▓      \▓▓\▓▓\▓▓       \▓▓▓▓▓▓▓\▓▓ \▓▓▓▓▓▓  \▓▓▓▓▓▓ \▓▓   \▓▓\▓▓▓▓▓▓▓  \▓▓▓▓▓▓ \▓▓ \▓▓▓▓▓▓▓


2023-12-21 20:47:23 I/main: Backend: version 2.16.0, built on 2023-10-20 06:28:10.
2023-12-21 20:47:23 I/main: Frontend Terminal: version 2.16.0, provided by Mamoe Technologies
2023-12-21 20:47:23 I/main: Welcome to visit https://mirai.mamoe.net/
2023-12-21 20:47:24 I/plugin: Successfully loaded plugin miaomiao v1.0.0
2023-12-21 20:47:24 I/main: Prepared built-in commands: autoLogin, help, login, logout, permission, status, stop
2023-12-21 20:47:24 W/stderr: Exception in thread "Timer-0" java.lang.NullPointerException
2023-12-21 20:47:24 W/stderr: 	at com.hncpu.maomao.utils.timing.TimingUtilming$1.run(Timing.java:24)
2023-12-21 20:47:24 W/stderr: 	at java.util.TimerThread.mainLoop(Timer.java:555)
2023-12-21 20:47:24 W/stderr: 	at java.util.TimerThread.run(Timer.java:505)
2023-12-21 20:47:24 I/stdout: 文件保存成功
2023-12-21 20:48:01 I/main: Starting mirai-console...
2023-12-21 20:48:01 I/main: 

===================================[ Mirai console 2.16.0 ]===================================
 __       __ __                   __  ______                                      __
|  \     /  \  \                 |  \/      \                                    |  \
| ▓▓\   /  ▓▓\▓▓ ______   ______  \▓▓  ▓▓▓▓▓▓\ ______  _______   _______  ______ | ▓▓ ______
| ▓▓▓\ /  ▓▓▓  \/      \ |      \|  \ ▓▓   \▓▓/      \|       \ /       \/      \| ▓▓/      \
| ▓▓▓▓\  ▓▓▓▓ ▓▓  ▓▓▓▓▓▓\ \▓▓▓▓▓▓\ ▓▓ ▓▓     |  ▓▓▓▓▓▓\ ▓▓▓▓▓▓▓\  ▓▓▓▓▓▓▓  ▓▓▓▓▓▓\ ▓▓  ▓▓▓▓▓▓\
| ▓▓\▓▓ ▓▓ ▓▓ ▓▓ ▓▓   \▓▓/      ▓▓ ▓▓ ▓▓   __| ▓▓  | ▓▓ ▓▓  | ▓▓\▓▓    \| ▓▓  | ▓▓ ▓▓ ▓▓    ▓▓
| ▓▓ \▓▓▓| ▓▓ ▓▓ ▓▓     |  ▓▓▓▓▓▓▓ ▓▓ ▓▓__/  \ ▓▓__/ ▓▓ ▓▓  | ▓▓_\▓▓▓▓▓▓\ ▓▓__/ ▓▓ ▓▓ ▓▓▓▓▓▓▓▓
| ▓▓  \▓ | ▓▓ ▓▓ ▓▓      \▓▓    ▓▓ ▓▓\▓▓    ▓▓\▓▓    ▓▓ ▓▓  | ▓▓       ▓▓\▓▓    ▓▓ ▓▓\▓▓     \
 \▓▓      \▓▓\▓▓\▓▓       \▓▓▓▓▓▓▓\▓▓ \▓▓▓▓▓▓  \▓▓▓▓▓▓ \▓▓   \▓▓\▓▓▓▓▓▓▓  \▓▓▓▓▓▓ \▓▓ \▓▓▓▓▓▓▓


2023-12-21 20:48:01 I/main: Backend: version 2.16.0, built on 2023-10-20 06:28:10.
2023-12-21 20:48:01 I/main: Frontend Terminal: version 2.16.0, provided by Mamoe Technologies
2023-12-21 20:48:01 I/main: Welcome to visit https://mirai.mamoe.net/
2023-12-21 20:48:02 I/plugin: Successfully loaded plugin miaomiao v1.0.0
2023-12-21 20:48:02 I/main: Prepared built-in commands: autoLogin, help, login, logout, permission, status, stop
2023-12-21 20:48:02 W/stderr: Exception in thread "Timer-0" java.lang.NullPointerException
2023-12-21 20:48:02 W/stderr: 	at com.hncpu.maomao.utils.timing.TimingUtilming$1.run(Timing.java:24)
2023-12-21 20:48:02 W/stderr: 	at java.util.TimerThread.mainLoop(Timer.java:555)
2023-12-21 20:48:02 W/stderr: 	at java.util.TimerThread.run(Timer.java:505)
2023-12-21 20:48:02 I/stdout: 文件保存成功
2023-12-21 20:48:02 I/stdout: 初始化成功...
2023-12-21 20:48:02 I/main: 2 plugin(s) enabled.
2023-12-21 20:48:02 I/main: mirai-console started successfully.
2023-12-21 20:51:29 I/main: Starting mirai-console...
2023-12-21 20:51:29 I/main: 

===================================[ Mirai console 2.16.0 ]===================================
 __       __ __                   __  ______                                      __
|  \     /  \  \                 |  \/      \                                    |  \
| ▓▓\   /  ▓▓\▓▓ ______   ______  \▓▓  ▓▓▓▓▓▓\ ______  _______   _______  ______ | ▓▓ ______
| ▓▓▓\ /  ▓▓▓  \/      \ |      \|  \ ▓▓   \▓▓/      \|       \ /       \/      \| ▓▓/      \
| ▓▓▓▓\  ▓▓▓▓ ▓▓  ▓▓▓▓▓▓\ \▓▓▓▓▓▓\ ▓▓ ▓▓     |  ▓▓▓▓▓▓\ ▓▓▓▓▓▓▓\  ▓▓▓▓▓▓▓  ▓▓▓▓▓▓\ ▓▓  ▓▓▓▓▓▓\
| ▓▓\▓▓ ▓▓ ▓▓ ▓▓ ▓▓   \▓▓/      ▓▓ ▓▓ ▓▓   __| ▓▓  | ▓▓ ▓▓  | ▓▓\▓▓    \| ▓▓  | ▓▓ ▓▓ ▓▓    ▓▓
| ▓▓ \▓▓▓| ▓▓ ▓▓ ▓▓     |  ▓▓▓▓▓▓▓ ▓▓ ▓▓__/  \ ▓▓__/ ▓▓ ▓▓  | ▓▓_\▓▓▓▓▓▓\ ▓▓__/ ▓▓ ▓▓ ▓▓▓▓▓▓▓▓
| ▓▓  \▓ | ▓▓ ▓▓ ▓▓      \▓▓    ▓▓ ▓▓\▓▓    ▓▓\▓▓    ▓▓ ▓▓  | ▓▓       ▓▓\▓▓    ▓▓ ▓▓\▓▓     \
 \▓▓      \▓▓\▓▓\▓▓       \▓▓▓▓▓▓▓\▓▓ \▓▓▓▓▓▓  \▓▓▓▓▓▓ \▓▓   \▓▓\▓▓▓▓▓▓▓  \▓▓▓▓▓▓ \▓▓ \▓▓▓▓▓▓▓


2023-12-21 20:51:29 I/main: Backend: version 2.16.0, built on 2023-10-20 06:28:10.
2023-12-21 20:51:29 I/main: Frontend Terminal: version 2.16.0, provided by Mamoe Technologies
2023-12-21 20:51:29 I/main: Welcome to visit https://mirai.mamoe.net/
2023-12-21 20:51:30 I/plugin: Successfully loaded plugin miaomiao v1.0.0
2023-12-21 20:51:30 I/main: Prepared built-in commands: autoLogin, help, login, logout, permission, status, stop
2023-12-21 20:51:30 W/stderr: Exception in thread "Timer-0" java.lang.NullPointerException
2023-12-21 20:51:30 W/stderr: 	at com.hncpu.maomao.utils.timing.TimingUtilming$1.run(Timing.java:24)
2023-12-21 20:51:30 W/stderr: 	at java.util.TimerThread.mainLoop(Timer.java:555)
2023-12-21 20:51:30 W/stderr: 	at java.util.TimerThread.run(Timer.java:505)
2023-12-21 20:51:30 I/stdout: 文件保存成功
2023-12-21 20:51:30 I/stdout: 初始化成功...
2023-12-21 20:51:30 I/main: 2 plugin(s) enabled.
2023-12-21 20:51:30 I/main: mirai-console started successfully.
2023-12-21 20:52:01 I/main: Starting mirai-console...
2023-12-21 20:52:01 I/main: 

===================================[ Mirai console 2.16.0 ]===================================
 __       __ __                   __  ______                                      __
|  \     /  \  \                 |  \/      \                                    |  \
| ▓▓\   /  ▓▓\▓▓ ______   ______  \▓▓  ▓▓▓▓▓▓\ ______  _______   _______  ______ | ▓▓ ______
| ▓▓▓\ /  ▓▓▓  \/      \ |      \|  \ ▓▓   \▓▓/      \|       \ /       \/      \| ▓▓/      \
| ▓▓▓▓\  ▓▓▓▓ ▓▓  ▓▓▓▓▓▓\ \▓▓▓▓▓▓\ ▓▓ ▓▓     |  ▓▓▓▓▓▓\ ▓▓▓▓▓▓▓\  ▓▓▓▓▓▓▓  ▓▓▓▓▓▓\ ▓▓  ▓▓▓▓▓▓\
| ▓▓\▓▓ ▓▓ ▓▓ ▓▓ ▓▓   \▓▓/      ▓▓ ▓▓ ▓▓   __| ▓▓  | ▓▓ ▓▓  | ▓▓\▓▓    \| ▓▓  | ▓▓ ▓▓ ▓▓    ▓▓
| ▓▓ \▓▓▓| ▓▓ ▓▓ ▓▓     |  ▓▓▓▓▓▓▓ ▓▓ ▓▓__/  \ ▓▓__/ ▓▓ ▓▓  | ▓▓_\▓▓▓▓▓▓\ ▓▓__/ ▓▓ ▓▓ ▓▓▓▓▓▓▓▓
| ▓▓  \▓ | ▓▓ ▓▓ ▓▓      \▓▓    ▓▓ ▓▓\▓▓    ▓▓\▓▓    ▓▓ ▓▓  | ▓▓       ▓▓\▓▓    ▓▓ ▓▓\▓▓     \
 \▓▓      \▓▓\▓▓\▓▓       \▓▓▓▓▓▓▓\▓▓ \▓▓▓▓▓▓  \▓▓▓▓▓▓ \▓▓   \▓▓\▓▓▓▓▓▓▓  \▓▓▓▓▓▓ \▓▓ \▓▓▓▓▓▓▓


2023-12-21 20:52:01 I/main: Backend: version 2.16.0, built on 2023-10-20 06:28:10.
2023-12-21 20:52:01 I/main: Frontend Terminal: version 2.16.0, provided by Mamoe Technologies
2023-12-21 20:52:01 I/main: Welcome to visit https://mirai.mamoe.net/
2023-12-21 20:52:02 I/plugin: Successfully loaded plugin miaomiao v1.0.0
2023-12-21 20:52:02 I/main: Prepared built-in commands: autoLogin, help, login, logout, permission, status, stop
2023-12-21 20:52:04 W/stderr: Exception in thread "Timer-0" java.lang.NullPointerException
2023-12-21 20:52:04 W/stderr: 	at com.hncpu.maomao.utils.timing.TimingUtilming$1.run(Timing.java:24)
2023-12-21 20:52:04 W/stderr: 	at java.util.TimerThread.mainLoop(Timer.java:555)
2023-12-21 20:52:04 W/stderr: 	at java.util.TimerThread.run(Timer.java:505)
2023-12-21 20:52:04 I/stdout: 文件保存成功
2023-12-21 20:52:04 I/stdout: 初始化成功...
2023-12-21 20:52:04 I/main: 2 plugin(s) enabled.
2023-12-21 20:52:04 I/main: mirai-console started successfully.
2023-12-21 20:52:52 I/main: Starting mirai-console...
2023-12-21 20:52:52 I/main: 

===================================[ Mirai console 2.16.0 ]===================================
 __       __ __                   __  ______                                      __
|  \     /  \  \                 |  \/      \                                    |  \
| ▓▓\   /  ▓▓\▓▓ ______   ______  \▓▓  ▓▓▓▓▓▓\ ______  _______   _______  ______ | ▓▓ ______
| ▓▓▓\ /  ▓▓▓  \/      \ |      \|  \ ▓▓   \▓▓/      \|       \ /       \/      \| ▓▓/      \
| ▓▓▓▓\  ▓▓▓▓ ▓▓  ▓▓▓▓▓▓\ \▓▓▓▓▓▓\ ▓▓ ▓▓     |  ▓▓▓▓▓▓\ ▓▓▓▓▓▓▓\  ▓▓▓▓▓▓▓  ▓▓▓▓▓▓\ ▓▓  ▓▓▓▓▓▓\
| ▓▓\▓▓ ▓▓ ▓▓ ▓▓ ▓▓   \▓▓/      ▓▓ ▓▓ ▓▓   __| ▓▓  | ▓▓ ▓▓  | ▓▓\▓▓    \| ▓▓  | ▓▓ ▓▓ ▓▓    ▓▓
| ▓▓ \▓▓▓| ▓▓ ▓▓ ▓▓     |  ▓▓▓▓▓▓▓ ▓▓ ▓▓__/  \ ▓▓__/ ▓▓ ▓▓  | ▓▓_\▓▓▓▓▓▓\ ▓▓__/ ▓▓ ▓▓ ▓▓▓▓▓▓▓▓
| ▓▓  \▓ | ▓▓ ▓▓ ▓▓      \▓▓    ▓▓ ▓▓\▓▓    ▓▓\▓▓    ▓▓ ▓▓  | ▓▓       ▓▓\▓▓    ▓▓ ▓▓\▓▓     \
 \▓▓      \▓▓\▓▓\▓▓       \▓▓▓▓▓▓▓\▓▓ \▓▓▓▓▓▓  \▓▓▓▓▓▓ \▓▓   \▓▓\▓▓▓▓▓▓▓  \▓▓▓▓▓▓ \▓▓ \▓▓▓▓▓▓▓


2023-12-21 20:52:52 I/main: Backend: version 2.16.0, built on 2023-10-20 06:28:10.
2023-12-21 20:52:52 I/main: Frontend Terminal: version 2.16.0, provided by Mamoe Technologies
2023-12-21 20:52:52 I/main: Welcome to visit https://mirai.mamoe.net/
2023-12-21 20:52:53 I/plugin: Successfully loaded plugin miaomiao v1.0.0
2023-12-21 20:52:53 I/main: Prepared built-in commands: autoLogin, help, login, logout, permission, status, stop
2023-12-21 20:52:53 I/stdout: 文件保存成功
2023-12-21 20:52:53 I/stdout: 文件保存成功
2023-12-21 20:52:53 I/stdout: 0点定时任务被调用了..
2023-12-21 20:52:53 I/stdout: 初始化成功...
2023-12-21 20:52:53 I/main: 2 plugin(s) enabled.
2023-12-21 20:52:53 I/main: mirai-console started successfully.
2023-12-21 20:53:28 I/main: Starting mirai-console...
2023-12-21 20:53:28 I/main: 

===================================[ Mirai console 2.16.0 ]===================================
 __       __ __                   __  ______                                      __
|  \     /  \  \                 |  \/      \                                    |  \
| ▓▓\   /  ▓▓\▓▓ ______   ______  \▓▓  ▓▓▓▓▓▓\ ______  _______   _______  ______ | ▓▓ ______
| ▓▓▓\ /  ▓▓▓  \/      \ |      \|  \ ▓▓   \▓▓/      \|       \ /       \/      \| ▓▓/      \
| ▓▓▓▓\  ▓▓▓▓ ▓▓  ▓▓▓▓▓▓\ \▓▓▓▓▓▓\ ▓▓ ▓▓     |  ▓▓▓▓▓▓\ ▓▓▓▓▓▓▓\  ▓▓▓▓▓▓▓  ▓▓▓▓▓▓\ ▓▓  ▓▓▓▓▓▓\
| ▓▓\▓▓ ▓▓ ▓▓ ▓▓ ▓▓   \▓▓/      ▓▓ ▓▓ ▓▓   __| ▓▓  | ▓▓ ▓▓  | ▓▓\▓▓    \| ▓▓  | ▓▓ ▓▓ ▓▓    ▓▓
| ▓▓ \▓▓▓| ▓▓ ▓▓ ▓▓     |  ▓▓▓▓▓▓▓ ▓▓ ▓▓__/  \ ▓▓__/ ▓▓ ▓▓  | ▓▓_\▓▓▓▓▓▓\ ▓▓__/ ▓▓ ▓▓ ▓▓▓▓▓▓▓▓
| ▓▓  \▓ | ▓▓ ▓▓ ▓▓      \▓▓    ▓▓ ▓▓\▓▓    ▓▓\▓▓    ▓▓ ▓▓  | ▓▓       ▓▓\▓▓    ▓▓ ▓▓\▓▓     \
 \▓▓      \▓▓\▓▓\▓▓       \▓▓▓▓▓▓▓\▓▓ \▓▓▓▓▓▓  \▓▓▓▓▓▓ \▓▓   \▓▓\▓▓▓▓▓▓▓  \▓▓▓▓▓▓ \▓▓ \▓▓▓▓▓▓▓


2023-12-21 20:53:28 I/main: Backend: version 2.16.0, built on 2023-10-20 06:28:10.
2023-12-21 20:53:28 I/main: Frontend Terminal: version 2.16.0, provided by Mamoe Technologies
2023-12-21 20:53:28 I/main: Welcome to visit https://mirai.mamoe.net/
2023-12-21 20:53:29 I/plugin: Successfully loaded plugin miaomiao v1.0.0
2023-12-21 20:53:29 I/main: Prepared built-in commands: autoLogin, help, login, logout, permission, status, stop
2023-12-21 20:53:36 I/stdout: 文件保存成功
2023-12-21 20:53:36 I/stdout: 文件保存成功
2023-12-21 20:53:36 I/stdout: 0点定时任务被调用了..
2023-12-21 21:00:07 I/main: Starting mirai-console...
2023-12-21 21:00:07 I/main: 

===================================[ Mirai console 2.16.0 ]===================================
 __       __ __                   __  ______                                      __
|  \     /  \  \                 |  \/      \                                    |  \
| ▓▓\   /  ▓▓\▓▓ ______   ______  \▓▓  ▓▓▓▓▓▓\ ______  _______   _______  ______ | ▓▓ ______
| ▓▓▓\ /  ▓▓▓  \/      \ |      \|  \ ▓▓   \▓▓/      \|       \ /       \/      \| ▓▓/      \
| ▓▓▓▓\  ▓▓▓▓ ▓▓  ▓▓▓▓▓▓\ \▓▓▓▓▓▓\ ▓▓ ▓▓     |  ▓▓▓▓▓▓\ ▓▓▓▓▓▓▓\  ▓▓▓▓▓▓▓  ▓▓▓▓▓▓\ ▓▓  ▓▓▓▓▓▓\
| ▓▓\▓▓ ▓▓ ▓▓ ▓▓ ▓▓   \▓▓/      ▓▓ ▓▓ ▓▓   __| ▓▓  | ▓▓ ▓▓  | ▓▓\▓▓    \| ▓▓  | ▓▓ ▓▓ ▓▓    ▓▓
| ▓▓ \▓▓▓| ▓▓ ▓▓ ▓▓     |  ▓▓▓▓▓▓▓ ▓▓ ▓▓__/  \ ▓▓__/ ▓▓ ▓▓  | ▓▓_\▓▓▓▓▓▓\ ▓▓__/ ▓▓ ▓▓ ▓▓▓▓▓▓▓▓
| ▓▓  \▓ | ▓▓ ▓▓ ▓▓      \▓▓    ▓▓ ▓▓\▓▓    ▓▓\▓▓    ▓▓ ▓▓  | ▓▓       ▓▓\▓▓    ▓▓ ▓▓\▓▓     \
 \▓▓      \▓▓\▓▓\▓▓       \▓▓▓▓▓▓▓\▓▓ \▓▓▓▓▓▓  \▓▓▓▓▓▓ \▓▓   \▓▓\▓▓▓▓▓▓▓  \▓▓▓▓▓▓ \▓▓ \▓▓▓▓▓▓▓


2023-12-21 21:00:07 I/main: Backend: version 2.16.0, built on 2023-10-20 06:28:10.
2023-12-21 21:00:07 I/main: Frontend Terminal: version 2.16.0, provided by Mamoe Technologies
2023-12-21 21:00:07 I/main: Welcome to visit https://mirai.mamoe.net/
2023-12-21 21:00:08 I/plugin: Successfully loaded plugin miaomiao v1.0.0
2023-12-21 21:00:08 I/main: Prepared built-in commands: autoLogin, help, login, logout, permission, status, stop
2023-12-21 21:00:28 I/stdout: 文件保存成功
2023-12-21 21:00:28 I/stdout: 文件保存成功
2023-12-21 21:00:28 I/stdout: 0点定时任务被调用了..
2023-12-21 21:00:56 I/main: Starting mirai-console...
2023-12-21 21:00:56 I/main: 

===================================[ Mirai console 2.16.0 ]===================================
 __       __ __                   __  ______                                      __
|  \     /  \  \                 |  \/      \                                    |  \
| ▓▓\   /  ▓▓\▓▓ ______   ______  \▓▓  ▓▓▓▓▓▓\ ______  _______   _______  ______ | ▓▓ ______
| ▓▓▓\ /  ▓▓▓  \/      \ |      \|  \ ▓▓   \▓▓/      \|       \ /       \/      \| ▓▓/      \
| ▓▓▓▓\  ▓▓▓▓ ▓▓  ▓▓▓▓▓▓\ \▓▓▓▓▓▓\ ▓▓ ▓▓     |  ▓▓▓▓▓▓\ ▓▓▓▓▓▓▓\  ▓▓▓▓▓▓▓  ▓▓▓▓▓▓\ ▓▓  ▓▓▓▓▓▓\
| ▓▓\▓▓ ▓▓ ▓▓ ▓▓ ▓▓   \▓▓/      ▓▓ ▓▓ ▓▓   __| ▓▓  | ▓▓ ▓▓  | ▓▓\▓▓    \| ▓▓  | ▓▓ ▓▓ ▓▓    ▓▓
| ▓▓ \▓▓▓| ▓▓ ▓▓ ▓▓     |  ▓▓▓▓▓▓▓ ▓▓ ▓▓__/  \ ▓▓__/ ▓▓ ▓▓  | ▓▓_\▓▓▓▓▓▓\ ▓▓__/ ▓▓ ▓▓ ▓▓▓▓▓▓▓▓
| ▓▓  \▓ | ▓▓ ▓▓ ▓▓      \▓▓    ▓▓ ▓▓\▓▓    ▓▓\▓▓    ▓▓ ▓▓  | ▓▓       ▓▓\▓▓    ▓▓ ▓▓\▓▓     \
 \▓▓      \▓▓\▓▓\▓▓       \▓▓▓▓▓▓▓\▓▓ \▓▓▓▓▓▓  \▓▓▓▓▓▓ \▓▓   \▓▓\▓▓▓▓▓▓▓  \▓▓▓▓▓▓ \▓▓ \▓▓▓▓▓▓▓


2023-12-21 21:00:56 I/main: Backend: version 2.16.0, built on 2023-10-20 06:28:10.
2023-12-21 21:00:56 I/main: Frontend Terminal: version 2.16.0, provided by Mamoe Technologies
2023-12-21 21:00:56 I/main: Welcome to visit https://mirai.mamoe.net/
2023-12-21 21:00:56 I/plugin: Successfully loaded plugin miaomiao v1.0.0
2023-12-21 21:00:57 I/main: Prepared built-in commands: autoLogin, help, login, logout, permission, status, stop
2023-12-21 21:01:00 I/stdout: 文件保存成功
2023-12-21 21:01:00 I/stdout: 文件保存成功
2023-12-21 21:01:00 I/stdout: 0点定时任务被调用了..
2023-12-21 21:01:28 I/main: Starting mirai-console...
2023-12-21 21:01:28 I/main: 

===================================[ Mirai console 2.16.0 ]===================================
 __       __ __                   __  ______                                      __
|  \     /  \  \                 |  \/      \                                    |  \
| ▓▓\   /  ▓▓\▓▓ ______   ______  \▓▓  ▓▓▓▓▓▓\ ______  _______   _______  ______ | ▓▓ ______
| ▓▓▓\ /  ▓▓▓  \/      \ |      \|  \ ▓▓   \▓▓/      \|       \ /       \/      \| ▓▓/      \
| ▓▓▓▓\  ▓▓▓▓ ▓▓  ▓▓▓▓▓▓\ \▓▓▓▓▓▓\ ▓▓ ▓▓     |  ▓▓▓▓▓▓\ ▓▓▓▓▓▓▓\  ▓▓▓▓▓▓▓  ▓▓▓▓▓▓\ ▓▓  ▓▓▓▓▓▓\
| ▓▓\▓▓ ▓▓ ▓▓ ▓▓ ▓▓   \▓▓/      ▓▓ ▓▓ ▓▓   __| ▓▓  | ▓▓ ▓▓  | ▓▓\▓▓    \| ▓▓  | ▓▓ ▓▓ ▓▓    ▓▓
| ▓▓ \▓▓▓| ▓▓ ▓▓ ▓▓     |  ▓▓▓▓▓▓▓ ▓▓ ▓▓__/  \ ▓▓__/ ▓▓ ▓▓  | ▓▓_\▓▓▓▓▓▓\ ▓▓__/ ▓▓ ▓▓ ▓▓▓▓▓▓▓▓
| ▓▓  \▓ | ▓▓ ▓▓ ▓▓      \▓▓    ▓▓ ▓▓\▓▓    ▓▓\▓▓    ▓▓ ▓▓  | ▓▓       ▓▓\▓▓    ▓▓ ▓▓\▓▓     \
 \▓▓      \▓▓\▓▓\▓▓       \▓▓▓▓▓▓▓\▓▓ \▓▓▓▓▓▓  \▓▓▓▓▓▓ \▓▓   \▓▓\▓▓▓▓▓▓▓  \▓▓▓▓▓▓ \▓▓ \▓▓▓▓▓▓▓


2023-12-21 21:01:28 I/main: Backend: version 2.16.0, built on 2023-10-20 06:28:10.
2023-12-21 21:01:28 I/main: Frontend Terminal: version 2.16.0, provided by Mamoe Technologies
2023-12-21 21:01:28 I/main: Welcome to visit https://mirai.mamoe.net/
2023-12-21 21:01:29 I/plugin: Successfully loaded plugin miaomiao v1.0.0
2023-12-21 21:01:29 I/main: Prepared built-in commands: autoLogin, help, login, logout, permission, status, stop
2023-12-21 21:01:29 I/stdout: 文件保存成功
2023-12-21 21:01:29 I/stdout: 文件保存成功
2023-12-21 21:01:29 I/stdout: 0点定时任务被调用了..
2023-12-21 21:01:29 I/stdout: 初始化成功...
2023-12-21 21:01:29 I/main: 2 plugin(s) enabled.
2023-12-21 21:01:29 I/main: mirai-console started successfully.
2023-12-21 21:03:05 I/main: Starting mirai-console...
2023-12-21 21:03:05 I/main: 

===================================[ Mirai console 2.16.0 ]===================================
 __       __ __                   __  ______                                      __
|  \     /  \  \                 |  \/      \                                    |  \
| ▓▓\   /  ▓▓\▓▓ ______   ______  \▓▓  ▓▓▓▓▓▓\ ______  _______   _______  ______ | ▓▓ ______
| ▓▓▓\ /  ▓▓▓  \/      \ |      \|  \ ▓▓   \▓▓/      \|       \ /       \/      \| ▓▓/      \
| ▓▓▓▓\  ▓▓▓▓ ▓▓  ▓▓▓▓▓▓\ \▓▓▓▓▓▓\ ▓▓ ▓▓     |  ▓▓▓▓▓▓\ ▓▓▓▓▓▓▓\  ▓▓▓▓▓▓▓  ▓▓▓▓▓▓\ ▓▓  ▓▓▓▓▓▓\
| ▓▓\▓▓ ▓▓ ▓▓ ▓▓ ▓▓   \▓▓/      ▓▓ ▓▓ ▓▓   __| ▓▓  | ▓▓ ▓▓  | ▓▓\▓▓    \| ▓▓  | ▓▓ ▓▓ ▓▓    ▓▓
| ▓▓ \▓▓▓| ▓▓ ▓▓ ▓▓     |  ▓▓▓▓▓▓▓ ▓▓ ▓▓__/  \ ▓▓__/ ▓▓ ▓▓  | ▓▓_\▓▓▓▓▓▓\ ▓▓__/ ▓▓ ▓▓ ▓▓▓▓▓▓▓▓
| ▓▓  \▓ | ▓▓ ▓▓ ▓▓      \▓▓    ▓▓ ▓▓\▓▓    ▓▓\▓▓    ▓▓ ▓▓  | ▓▓       ▓▓\▓▓    ▓▓ ▓▓\▓▓     \
 \▓▓      \▓▓\▓▓\▓▓       \▓▓▓▓▓▓▓\▓▓ \▓▓▓▓▓▓  \▓▓▓▓▓▓ \▓▓   \▓▓\▓▓▓▓▓▓▓  \▓▓▓▓▓▓ \▓▓ \▓▓▓▓▓▓▓


2023-12-21 21:03:05 I/main: Backend: version 2.16.0, built on 2023-10-20 06:28:10.
2023-12-21 21:03:05 I/main: Frontend Terminal: version 2.16.0, provided by Mamoe Technologies
2023-12-21 21:03:05 I/main: Welcome to visit https://mirai.mamoe.net/
2023-12-21 21:03:05 I/plugin: Successfully loaded plugin miaomiao v1.0.0
2023-12-21 21:03:06 I/main: Prepared built-in commands: autoLogin, help, login, logout, permission, status, stop
2023-12-21 21:03:09 W/stderr: Exception in thread "Timer-1" java.lang.NullPointerException
2023-12-21 21:03:09 W/stderr: 	at com.hncpu.maomao.utils.timing.TimingUtilming$2.run(Timing.java:48)
2023-12-21 21:03:09 W/stderr: 	at java.util.TimerThread.mainLoop(Timer.java:555)
2023-12-21 21:03:09 W/stderr: 	at java.util.TimerThread.run(Timer.java:505)
2023-12-21 21:03:09 I/stdout: 文件保存成功
2023-12-21 21:03:09 I/stdout: 0点定时任务被调用了..
2023-12-21 21:03:20 I/stdout: 初始化成功...
2023-12-21 21:03:20 I/main: 2 plugin(s) enabled.
2023-12-21 21:03:20 I/main: mirai-console started successfully.
2023-12-21 21:06:01 I/main: Starting mirai-console...
2023-12-21 21:06:01 I/main: 

===================================[ Mirai console 2.16.0 ]===================================
 __       __ __                   __  ______                                      __
|  \     /  \  \                 |  \/      \                                    |  \
| ▓▓\   /  ▓▓\▓▓ ______   ______  \▓▓  ▓▓▓▓▓▓\ ______  _______   _______  ______ | ▓▓ ______
| ▓▓▓\ /  ▓▓▓  \/      \ |      \|  \ ▓▓   \▓▓/      \|       \ /       \/      \| ▓▓/      \
| ▓▓▓▓\  ▓▓▓▓ ▓▓  ▓▓▓▓▓▓\ \▓▓▓▓▓▓\ ▓▓ ▓▓     |  ▓▓▓▓▓▓\ ▓▓▓▓▓▓▓\  ▓▓▓▓▓▓▓  ▓▓▓▓▓▓\ ▓▓  ▓▓▓▓▓▓\
| ▓▓\▓▓ ▓▓ ▓▓ ▓▓ ▓▓   \▓▓/      ▓▓ ▓▓ ▓▓   __| ▓▓  | ▓▓ ▓▓  | ▓▓\▓▓    \| ▓▓  | ▓▓ ▓▓ ▓▓    ▓▓
| ▓▓ \▓▓▓| ▓▓ ▓▓ ▓▓     |  ▓▓▓▓▓▓▓ ▓▓ ▓▓__/  \ ▓▓__/ ▓▓ ▓▓  | ▓▓_\▓▓▓▓▓▓\ ▓▓__/ ▓▓ ▓▓ ▓▓▓▓▓▓▓▓
| ▓▓  \▓ | ▓▓ ▓▓ ▓▓      \▓▓    ▓▓ ▓▓\▓▓    ▓▓\▓▓    ▓▓ ▓▓  | ▓▓       ▓▓\▓▓    ▓▓ ▓▓\▓▓     \
 \▓▓      \▓▓\▓▓\▓▓       \▓▓▓▓▓▓▓\▓▓ \▓▓▓▓▓▓  \▓▓▓▓▓▓ \▓▓   \▓▓\▓▓▓▓▓▓▓  \▓▓▓▓▓▓ \▓▓ \▓▓▓▓▓▓▓


2023-12-21 21:06:01 I/main: Backend: version 2.16.0, built on 2023-10-20 06:28:10.
2023-12-21 21:06:01 I/main: Frontend Terminal: version 2.16.0, provided by Mamoe Technologies
2023-12-21 21:06:01 I/main: Welcome to visit https://mirai.mamoe.net/
2023-12-21 21:06:02 I/plugin: Successfully loaded plugin miaomiao v1.0.0
2023-12-21 21:06:02 I/main: Prepared built-in commands: autoLogin, help, login, logout, permission, status, stop
2023-12-21 21:06:06 I/stdout: 文件保存成功
2023-12-21 21:07:25 I/main: Starting mirai-console...
2023-12-21 21:07:25 I/main: 

===================================[ Mirai console 2.16.0 ]===================================
 __       __ __                   __  ______                                      __
|  \     /  \  \                 |  \/      \                                    |  \
| ▓▓\   /  ▓▓\▓▓ ______   ______  \▓▓  ▓▓▓▓▓▓\ ______  _______   _______  ______ | ▓▓ ______
| ▓▓▓\ /  ▓▓▓  \/      \ |      \|  \ ▓▓   \▓▓/      \|       \ /       \/      \| ▓▓/      \
| ▓▓▓▓\  ▓▓▓▓ ▓▓  ▓▓▓▓▓▓\ \▓▓▓▓▓▓\ ▓▓ ▓▓     |  ▓▓▓▓▓▓\ ▓▓▓▓▓▓▓\  ▓▓▓▓▓▓▓  ▓▓▓▓▓▓\ ▓▓  ▓▓▓▓▓▓\
| ▓▓\▓▓ ▓▓ ▓▓ ▓▓ ▓▓   \▓▓/      ▓▓ ▓▓ ▓▓   __| ▓▓  | ▓▓ ▓▓  | ▓▓\▓▓    \| ▓▓  | ▓▓ ▓▓ ▓▓    ▓▓
| ▓▓ \▓▓▓| ▓▓ ▓▓ ▓▓     |  ▓▓▓▓▓▓▓ ▓▓ ▓▓__/  \ ▓▓__/ ▓▓ ▓▓  | ▓▓_\▓▓▓▓▓▓\ ▓▓__/ ▓▓ ▓▓ ▓▓▓▓▓▓▓▓
| ▓▓  \▓ | ▓▓ ▓▓ ▓▓      \▓▓    ▓▓ ▓▓\▓▓    ▓▓\▓▓    ▓▓ ▓▓  | ▓▓       ▓▓\▓▓    ▓▓ ▓▓\▓▓     \
 \▓▓      \▓▓\▓▓\▓▓       \▓▓▓▓▓▓▓\▓▓ \▓▓▓▓▓▓  \▓▓▓▓▓▓ \▓▓   \▓▓\▓▓▓▓▓▓▓  \▓▓▓▓▓▓ \▓▓ \▓▓▓▓▓▓▓


2023-12-21 21:07:25 I/main: Backend: version 2.16.0, built on 2023-10-20 06:28:10.
2023-12-21 21:07:25 I/main: Frontend Terminal: version 2.16.0, provided by Mamoe Technologies
2023-12-21 21:07:25 I/main: Welcome to visit https://mirai.mamoe.net/
2023-12-21 21:07:26 I/plugin: Successfully loaded plugin miaomiao v1.0.0
2023-12-21 21:07:26 I/main: Prepared built-in commands: autoLogin, help, login, logout, permission, status, stop
2023-12-21 21:07:30 I/stdout: 文件保存成功
2023-12-21 21:09:48 I/main: Starting mirai-console...
2023-12-21 21:09:48 I/main: 

===================================[ Mirai console 2.16.0 ]===================================
 __       __ __                   __  ______                                      __
|  \     /  \  \                 |  \/      \                                    |  \
| ▓▓\   /  ▓▓\▓▓ ______   ______  \▓▓  ▓▓▓▓▓▓\ ______  _______   _______  ______ | ▓▓ ______
| ▓▓▓\ /  ▓▓▓  \/      \ |      \|  \ ▓▓   \▓▓/      \|       \ /       \/      \| ▓▓/      \
| ▓▓▓▓\  ▓▓▓▓ ▓▓  ▓▓▓▓▓▓\ \▓▓▓▓▓▓\ ▓▓ ▓▓     |  ▓▓▓▓▓▓\ ▓▓▓▓▓▓▓\  ▓▓▓▓▓▓▓  ▓▓▓▓▓▓\ ▓▓  ▓▓▓▓▓▓\
| ▓▓\▓▓ ▓▓ ▓▓ ▓▓ ▓▓   \▓▓/      ▓▓ ▓▓ ▓▓   __| ▓▓  | ▓▓ ▓▓  | ▓▓\▓▓    \| ▓▓  | ▓▓ ▓▓ ▓▓    ▓▓
| ▓▓ \▓▓▓| ▓▓ ▓▓ ▓▓     |  ▓▓▓▓▓▓▓ ▓▓ ▓▓__/  \ ▓▓__/ ▓▓ ▓▓  | ▓▓_\▓▓▓▓▓▓\ ▓▓__/ ▓▓ ▓▓ ▓▓▓▓▓▓▓▓
| ▓▓  \▓ | ▓▓ ▓▓ ▓▓      \▓▓    ▓▓ ▓▓\▓▓    ▓▓\▓▓    ▓▓ ▓▓  | ▓▓       ▓▓\▓▓    ▓▓ ▓▓\▓▓     \
 \▓▓      \▓▓\▓▓\▓▓       \▓▓▓▓▓▓▓\▓▓ \▓▓▓▓▓▓  \▓▓▓▓▓▓ \▓▓   \▓▓\▓▓▓▓▓▓▓  \▓▓▓▓▓▓ \▓▓ \▓▓▓▓▓▓▓


2023-12-21 21:09:48 I/main: Backend: version 2.16.0, built on 2023-10-20 06:28:10.
2023-12-21 21:09:48 I/main: Frontend Terminal: version 2.16.0, provided by Mamoe Technologies
2023-12-21 21:09:48 I/main: Welcome to visit https://mirai.mamoe.net/
2023-12-21 21:09:49 I/plugin: Successfully loaded plugin miaomiao v1.0.0
2023-12-21 21:09:50 I/main: Prepared built-in commands: autoLogin, help, login, logout, permission, status, stop
2023-12-21 21:09:53 I/stdout: 读取文件失败!C:\Users\ASUS\Desktop\Miao\debug-sandbox\config\com.hncpu.miaomiao\map.ser (系统找不到指定的文件。)
2023-12-21 21:10:00 I/stdout: 文件保存成功
2023-12-21 21:21:51 I/main: Starting mirai-console...
2023-12-21 21:21:51 I/main: 

===================================[ Mirai console 2.16.0 ]===================================
 __       __ __                   __  ______                                      __
|  \     /  \  \                 |  \/      \                                    |  \
| ▓▓\   /  ▓▓\▓▓ ______   ______  \▓▓  ▓▓▓▓▓▓\ ______  _______   _______  ______ | ▓▓ ______
| ▓▓▓\ /  ▓▓▓  \/      \ |      \|  \ ▓▓   \▓▓/      \|       \ /       \/      \| ▓▓/      \
| ▓▓▓▓\  ▓▓▓▓ ▓▓  ▓▓▓▓▓▓\ \▓▓▓▓▓▓\ ▓▓ ▓▓     |  ▓▓▓▓▓▓\ ▓▓▓▓▓▓▓\  ▓▓▓▓▓▓▓  ▓▓▓▓▓▓\ ▓▓  ▓▓▓▓▓▓\
| ▓▓\▓▓ ▓▓ ▓▓ ▓▓ ▓▓   \▓▓/      ▓▓ ▓▓ ▓▓   __| ▓▓  | ▓▓ ▓▓  | ▓▓\▓▓    \| ▓▓  | ▓▓ ▓▓ ▓▓    ▓▓
| ▓▓ \▓▓▓| ▓▓ ▓▓ ▓▓     |  ▓▓▓▓▓▓▓ ▓▓ ▓▓__/  \ ▓▓__/ ▓▓ ▓▓  | ▓▓_\▓▓▓▓▓▓\ ▓▓__/ ▓▓ ▓▓ ▓▓▓▓▓▓▓▓
| ▓▓  \▓ | ▓▓ ▓▓ ▓▓      \▓▓    ▓▓ ▓▓\▓▓    ▓▓\▓▓    ▓▓ ▓▓  | ▓▓       ▓▓\▓▓    ▓▓ ▓▓\▓▓     \
 \▓▓      \▓▓\▓▓\▓▓       \▓▓▓▓▓▓▓\▓▓ \▓▓▓▓▓▓  \▓▓▓▓▓▓ \▓▓   \▓▓\▓▓▓▓▓▓▓  \▓▓▓▓▓▓ \▓▓ \▓▓▓▓▓▓▓


2023-12-21 21:21:51 I/main: Backend: version 2.16.0, built on 2023-10-20 06:28:10.
2023-12-21 21:21:51 I/main: Frontend Terminal: version 2.16.0, provided by Mamoe Technologies
2023-12-21 21:21:51 I/main: Welcome to visit https://mirai.mamoe.net/
2023-12-21 21:21:52 I/plugin: Successfully loaded plugin miaomiao v1.0.0
2023-12-21 21:21:53 I/main: Prepared built-in commands: autoLogin, help, login, logout, permission, status, stop
2023-12-21 21:21:53 I/stdout: 读取文件失败!invalid stream header: FEFFE108
2023-12-21 21:21:53 I/stdout: 初始化成功...
2023-12-21 21:21:53 I/stdout: 文件保存成功
2023-12-21 21:21:53 I/stdout: 文件保存成功
2023-12-21 21:21:53 I/stdout: 0点定时任务被调用了..
2023-12-21 21:21:53 I/main: 2 plugin(s) enabled.
2023-12-21 21:21:53 I/main: mirai-console started successfully.
2023-12-21 21:22:05 I/Bot.2680785606: Calculating type 2 PoW, it can take some time....
2023-12-21 21:22:05 I/Bot.2680785606: Got PoW result, cost: 89 ms
2023-12-21 21:22:05 I/Bot.2680785606: [SliderCaptcha] 需要滑动验证码, 请按照以下链接的步骤完成滑动验证码, 然后输入获取到的 ticket
2023-12-21 21:22:05 I/Bot.2680785606: [SliderCaptcha] Slider captcha required. Please solve the captcha with following link. Type ticket here after completion.
2023-12-21 21:22:05 I/Bot.2680785606: [SliderCaptcha] @see https://github.com/project-mirai/mirai-login-solver-selenium
2023-12-21 21:22:05 I/Bot.2680785606: [SliderCaptcha] @see https://docs.mirai.mamoe.net/mirai-login-solver-selenium/
2023-12-21 21:22:05 I/Bot.2680785606: [SliderCaptcha] 或者输入 helper 来使用 TxCaptchaHelper 完成滑动验证码
2023-12-21 21:22:05 I/Bot.2680785606: [SliderCaptcha] Or type helper to resolve slider captcha with TxCaptchaHelper.apk
2023-12-21 21:22:05 W/Bot.2680785606: [SliderCaptcha] TxCaptchaHelper 的在线服务疑似被屏蔽，可能无法使用。TxCaptchaHelper 现已无法满足登录QQ机器人，请在以下链接下载全新的验证器
2023-12-21 21:22:05 W/Bot.2680785606: [SliderCaptcha] The service of TxCaptchaHelper might be blocked. We recommend you to download the new login solver plugin in below link.
2023-12-21 21:22:05 W/Bot.2680785606: [SliderCaptcha] @see https://github.com/KasukuSakura/mirai-login-solver-sakura
2023-12-21 21:22:05 I/Bot.2680785606: [SliderCaptcha] Captcha link: https://ssl.captcha.qq.com/template/wireless_mqq_captcha.html?style=simple&aid=16&uin=2680785606&sid=499968215393516542&cap_cd=9J6TpYU_wwgh5m4fxHRJw571g05h8jrJ714FiD4rFI-JMOQ17JCu_w**&clientype=1&apptype=2
2023-12-21 21:22:44 I/Bot.2680785606: [SliderCaptcha] 正在提交中...
2023-12-21 21:22:44 I/Bot.2680785606: [SliderCaptcha] Submitting...
2023-12-21 21:22:44 I/Bot.2680785606: Bot cancelled: Bot closed
2023-12-21 21:22:44 E/console: net.mamoe.mirai.network.BotAuthorizationException: BotAuthorization(BotAuthorization.byPassword(<ERASED>)) threw an exception during authorization process. See cause below.
net.mamoe.mirai.network.BotAuthorizationException: BotAuthorization(BotAuthorization.byPassword(<ERASED>)) threw an exception during authorization process. See cause below.
	at net.mamoe.mirai.internal.network.components.SsoProcessorImpl.login(SsoProcessor.kt:263)
	at net.mamoe.mirai.internal.network.handler.CommonNetworkHandler$StateConnecting$startState$2.invokeSuspend(CommonNetworkHandler.kt:247)
	at kotlin.coroutines.jvm.internal.BaseContinuationImpl.resumeWith(ContinuationImpl.kt:33)
	at kotlinx.coroutines.DispatchedTask.run(DispatchedTask.kt:106)
	at kotlinx.coroutines.scheduling.CoroutineScheduler.runSafely(CoroutineScheduler.kt:570)
	at kotlinx.coroutines.scheduling.CoroutineScheduler$Worker.executeTask(CoroutineScheduler.kt:750)
	at kotlinx.coroutines.scheduling.CoroutineScheduler$Worker.runWorker(CoroutineScheduler.kt:677)
	at kotlinx.coroutines.scheduling.CoroutineScheduler$Worker.run(CoroutineScheduler.kt:664)
	Suppressed: net.mamoe.mirai.network.WrongPasswordException: Error(bot=Bot(2680785606), code=237, title=安全提醒, message=当前网络不稳定，登录失败。推荐使用常用设备或通过手机号登录。, errorInfo=)
		at net.mamoe.mirai.internal.network.components.SsoProcessorImpl$SlowLoginImpl.doLogin(SsoProcessor.kt:490)
		at net.mamoe.mirai.internal.network.components.SsoProcessorImpl$SlowLoginImpl$doLogin$1.invokeSuspend(SsoProcessor.kt)
		at kotlin.coroutines.jvm.internal.BaseContinuationImpl.resumeWith(ContinuationImpl.kt:33)
		at kotlinx.coroutines.internal.ScopeCoroutine.afterResume(Scopes.kt:33)
		at kotlinx.coroutines.AbstractCoroutine.resumeWith(AbstractCoroutine.kt:102)
		at kotlin.coroutines.jvm.internal.BaseContinuationImpl.resumeWith(ContinuationImpl.kt:46)
		... 5 more
Caused by: [CIRCULAR REFERENCE: net.mamoe.mirai.network.WrongPasswordException: Error(bot=Bot(2680785606), code=237, title=安全提醒, message=当前网络不稳定，登录失败。推荐使用常用设备或通过手机号登录。, errorInfo=)]

2023-12-21 21:22:57 W/console: Closing input service...
2023-12-21 23:58:45 I/main: Starting mirai-console...
2023-12-21 23:58:45 I/main: 

===================================[ Mirai console 2.16.0 ]===================================
 __       __ __                   __  ______                                      __
|  \     /  \  \                 |  \/      \                                    |  \
| ▓▓\   /  ▓▓\▓▓ ______   ______  \▓▓  ▓▓▓▓▓▓\ ______  _______   _______  ______ | ▓▓ ______
| ▓▓▓\ /  ▓▓▓  \/      \ |      \|  \ ▓▓   \▓▓/      \|       \ /       \/      \| ▓▓/      \
| ▓▓▓▓\  ▓▓▓▓ ▓▓  ▓▓▓▓▓▓\ \▓▓▓▓▓▓\ ▓▓ ▓▓     |  ▓▓▓▓▓▓\ ▓▓▓▓▓▓▓\  ▓▓▓▓▓▓▓  ▓▓▓▓▓▓\ ▓▓  ▓▓▓▓▓▓\
| ▓▓\▓▓ ▓▓ ▓▓ ▓▓ ▓▓   \▓▓/      ▓▓ ▓▓ ▓▓   __| ▓▓  | ▓▓ ▓▓  | ▓▓\▓▓    \| ▓▓  | ▓▓ ▓▓ ▓▓    ▓▓
| ▓▓ \▓▓▓| ▓▓ ▓▓ ▓▓     |  ▓▓▓▓▓▓▓ ▓▓ ▓▓__/  \ ▓▓__/ ▓▓ ▓▓  | ▓▓_\▓▓▓▓▓▓\ ▓▓__/ ▓▓ ▓▓ ▓▓▓▓▓▓▓▓
| ▓▓  \▓ | ▓▓ ▓▓ ▓▓      \▓▓    ▓▓ ▓▓\▓▓    ▓▓\▓▓    ▓▓ ▓▓  | ▓▓       ▓▓\▓▓    ▓▓ ▓▓\▓▓     \
 \▓▓      \▓▓\▓▓\▓▓       \▓▓▓▓▓▓▓\▓▓ \▓▓▓▓▓▓  \▓▓▓▓▓▓ \▓▓   \▓▓\▓▓▓▓▓▓▓  \▓▓▓▓▓▓ \▓▓ \▓▓▓▓▓▓▓


2023-12-21 23:58:45 I/main: Backend: version 2.16.0, built on 2023-10-20 06:28:10.
2023-12-21 23:58:45 I/main: Frontend Terminal: version 2.16.0, provided by Mamoe Technologies
2023-12-21 23:58:45 I/main: Welcome to visit https://mirai.mamoe.net/
2023-12-21 23:58:46 I/plugin: Successfully loaded plugin miaomiao v1.0.0
2023-12-21 23:58:46 I/main: Prepared built-in commands: autoLogin, help, login, logout, permission, status, stop
2023-12-21 23:58:46 I/stdout: 初始化成功...
2023-12-21 23:58:46 I/stdout: 文件保存成功
2023-12-21 23:58:46 I/stdout: 文件保存成功
2023-12-21 23:58:46 I/stdout: 0点定时任务被调用了..
2023-12-21 23:58:46 I/main: 2 plugin(s) enabled.
2023-12-21 23:58:46 I/main: mirai-console started successfully.
2023-12-21 23:59:14 W/console: Closing input service...
2023-12-21 23:59:16 I/main: Starting mirai-console...
2023-12-21 23:59:16 I/main: 

===================================[ Mirai console 2.16.0 ]===================================
 __       __ __                   __  ______                                      __
|  \     /  \  \                 |  \/      \                                    |  \
| ▓▓\   /  ▓▓\▓▓ ______   ______  \▓▓  ▓▓▓▓▓▓\ ______  _______   _______  ______ | ▓▓ ______
| ▓▓▓\ /  ▓▓▓  \/      \ |      \|  \ ▓▓   \▓▓/      \|       \ /       \/      \| ▓▓/      \
| ▓▓▓▓\  ▓▓▓▓ ▓▓  ▓▓▓▓▓▓\ \▓▓▓▓▓▓\ ▓▓ ▓▓     |  ▓▓▓▓▓▓\ ▓▓▓▓▓▓▓\  ▓▓▓▓▓▓▓  ▓▓▓▓▓▓\ ▓▓  ▓▓▓▓▓▓\
| ▓▓\▓▓ ▓▓ ▓▓ ▓▓ ▓▓   \▓▓/      ▓▓ ▓▓ ▓▓   __| ▓▓  | ▓▓ ▓▓  | ▓▓\▓▓    \| ▓▓  | ▓▓ ▓▓ ▓▓    ▓▓
| ▓▓ \▓▓▓| ▓▓ ▓▓ ▓▓     |  ▓▓▓▓▓▓▓ ▓▓ ▓▓__/  \ ▓▓__/ ▓▓ ▓▓  | ▓▓_\▓▓▓▓▓▓\ ▓▓__/ ▓▓ ▓▓ ▓▓▓▓▓▓▓▓
| ▓▓  \▓ | ▓▓ ▓▓ ▓▓      \▓▓    ▓▓ ▓▓\▓▓    ▓▓\▓▓    ▓▓ ▓▓  | ▓▓       ▓▓\▓▓    ▓▓ ▓▓\▓▓     \
 \▓▓      \▓▓\▓▓\▓▓       \▓▓▓▓▓▓▓\▓▓ \▓▓▓▓▓▓  \▓▓▓▓▓▓ \▓▓   \▓▓\▓▓▓▓▓▓▓  \▓▓▓▓▓▓ \▓▓ \▓▓▓▓▓▓▓


2023-12-21 23:59:16 I/main: Backend: version 2.16.0, built on 2023-10-20 06:28:10.
2023-12-21 23:59:16 I/main: Frontend Terminal: version 2.16.0, provided by Mamoe Technologies
2023-12-21 23:59:16 I/main: Welcome to visit https://mirai.mamoe.net/
2023-12-21 23:59:17 I/plugin: Successfully loaded plugin miaomiao v1.0.0
2023-12-21 23:59:17 I/main: Prepared built-in commands: autoLogin, help, login, logout, permission, status, stop
2023-12-21 23:59:17 I/stdout: 初始化成功...
2023-12-21 23:59:17 I/stdout: 文件保存成功
2023-12-21 23:59:17 I/stdout: 文件保存成功
2023-12-21 23:59:17 I/stdout: 0点定时任务被调用了..
2023-12-21 23:59:17 W/BotConfiguration: 未指定设备信息, 已使用随机设备信息. 请查看 BotConfiguration.deviceInfo 以获取更多信息.
2023-12-21 23:59:17 W/BotConfiguration: Device info isn't specified. Please refer to BotConfiguration.deviceInfo for more information
2023-12-21 23:59:18 I/Net 2680785606: EncryptService SPI is not provided, sso secure ecdh will not be initialized.
2023-12-21 23:59:18 I/Net 2680785606: ECDH key is invalid, start to fetch ecdh public key from server.
2023-12-21 23:59:18 I/Net 2680785606: Successfully fetched ecdh public key from server.
2023-12-21 23:59:19 I/Bot 2680785606: [QRCodeLogin] 已获取登录二维码，请在手机 QQ 使用账号 2680785606 扫码
2023-12-21 23:59:19 I/Bot 2680785606: [QRCodeLogin] Fetched login qrcode, please scan via qq android with account 2680785606.
2023-12-21 23:59:19 I/Bot 2680785606: [QRCodeLogin] 将会显示二维码图片，若看不清图片，请查看文件 file:///C:/Users/ASUS/AppData/Local/Temp/mirai-qrcode-2680785606-17031743595710942246745893277.png
2023-12-21 23:59:19 I/Bot 2680785606: [QRCodeLogin] Displaying qrcode image. If not clear, view file file:///C:/Users/ASUS/AppData/Local/Temp/mirai-qrcode-2680785606-17031743595710942246745893277.png.
2023-12-21 23:59:19 I/Bot 2680785606: [QRCodeLogin] 

                                                                                                                     
                                                                                                                     
                                                                                                                     
                                                                                                                     
                                                                                                                     
                                                                                                                     
                                                                                                                     
                                                                                                                     
                                                                                                                     
                                                                                                                     
                                                                                                                     
                                                                                                                     
                                                                                                                     
                                                                                                                     
                                                                                                                     
                                                                                                                     
                                                                                                                     
                                                                                                                     
                                                                                                                     
                                                                                                                     
                                                                                                                     
                                                                                                                     
                                                                                                                     
                                                                                                                     
                                                                                                                     
                                                                                                                     
                                                                                                                     
                                                                                                                     
                                                                                                                     
                                                                                                                     
                                                                                                                     
                                                                                                                     
                                                                                                                     
                                                                                                                     
                                                                                                                     
                                                                                                                     
                                                                                                                     
                                                                                                                     
                                                                                                                     

2023-12-21 23:59:19 I/Bot 2680785606: [QRCodeLogin] 等待扫描二维码中
2023-12-21 23:59:19 I/Bot 2680785606: [QRCodeLogin] Waiting for scanning qrcode.
2023-12-21 23:59:29 I/Bot 2680785606: [QRCodeLogin] 扫描完成，请在手机 QQ 确认登录
2023-12-21 23:59:29 I/Bot 2680785606: [QRCodeLogin] Scan complete. Please confirm login.
2023-12-21 23:59:34 I/Bot 2680785606: [QRCodeLogin] 已确认登录
2023-12-21 23:59:34 I/Bot 2680785606: [QRCodeLogin] Login confirmed.
2023-12-21 23:59:34 I/Bot 2680785606: Login successful
2023-12-21 23:59:34 I/Bot 2680785606: Saved account secrets to local cache for fast login.
2023-12-21 23:59:34 I/Bot 2680785606: Login successful.
2023-12-21 23:59:34 I/Net 2680785606: Server time updated, serverTime: 1703174375, diff: 1ms=0.001s
2023-12-21 23:59:34 I/Net 2680785606: Syncing friend message history...
2023-12-21 23:59:34 I/Net 2680785606: Start loading friend list...
2023-12-21 23:59:34 I/Net 2680785606: Start loading stranger list...
2023-12-21 23:59:34 I/Net 2680785606: Start loading friendGroup list...
2023-12-21 23:59:34 I/Net 2680785606: Successfully loaded stranger list: 0 in total
2023-12-21 23:59:34 I/Net 2680785606: Start loading group list...
2023-12-21 23:59:34 I/Net 2680785606: Online OtherClients: PHP110(MOBILE)
2023-12-21 23:59:34 I/Net 2680785606: Syncing friend message history: Success.
2023-12-21 23:59:34 I/Net 2680785606: Successfully loaded friend list: 3 in total
2023-12-21 23:59:34 I/Net 2680785606: Successfully loaded friendGroup list: 4 in total
2023-12-21 23:59:34 I/Net 2680785606: Successfully loaded group list: 1 in total.
2023-12-21 23:59:34 I/Net 2680785606: Scheduled key refresh in 23h 55min 0.0s.
2023-12-21 23:59:34 I/Net 2680785606: Scheduled refresh login session in 19d 23h 55min 0.0s.
2023-12-21 23:59:34 I/Bot 2680785606: Bot login successful.
2023-12-21 23:59:35 I/main: 2 plugin(s) enabled.
2023-12-21 23:59:35 I/main: mirai-console started successfully.
