2023-12-22 00:00:00 I/stdout: 文件保存成功
2023-12-22 00:00:00 I/stdout: 0点定时任务被调用了..
2023-12-22 00:06:15 I/main: Starting mirai-console...
2023-12-22 00:06:15 I/main: 

===================================[ Mirai console 2.16.0 ]===================================
 __       __ __                   __  ______                                      __
|  \     /  \  \                 |  \/      \                                    |  \
| ▓▓\   /  ▓▓\▓▓ ______   ______  \▓▓  ▓▓▓▓▓▓\ ______  _______   _______  ______ | ▓▓ ______
| ▓▓▓\ /  ▓▓▓  \/      \ |      \|  \ ▓▓   \▓▓/      \|       \ /       \/      \| ▓▓/      \
| ▓▓▓▓\  ▓▓▓▓ ▓▓  ▓▓▓▓▓▓\ \▓▓▓▓▓▓\ ▓▓ ▓▓     |  ▓▓▓▓▓▓\ ▓▓▓▓▓▓▓\  ▓▓▓▓▓▓▓  ▓▓▓▓▓▓\ ▓▓  ▓▓▓▓▓▓\
| ▓▓\▓▓ ▓▓ ▓▓ ▓▓ ▓▓   \▓▓/      ▓▓ ▓▓ ▓▓   __| ▓▓  | ▓▓ ▓▓  | ▓▓\▓▓    \| ▓▓  | ▓▓ ▓▓ ▓▓    ▓▓
| ▓▓ \▓▓▓| ▓▓ ▓▓ ▓▓     |  ▓▓▓▓▓▓▓ ▓▓ ▓▓__/  \ ▓▓__/ ▓▓ ▓▓  | ▓▓_\▓▓▓▓▓▓\ ▓▓__/ ▓▓ ▓▓ ▓▓▓▓▓▓▓▓
| ▓▓  \▓ | ▓▓ ▓▓ ▓▓      \▓▓    ▓▓ ▓▓\▓▓    ▓▓\▓▓    ▓▓ ▓▓  | ▓▓       ▓▓\▓▓    ▓▓ ▓▓\▓▓     \
 \▓▓      \▓▓\▓▓\▓▓       \▓▓▓▓▓▓▓\▓▓ \▓▓▓▓▓▓  \▓▓▓▓▓▓ \▓▓   \▓▓\▓▓▓▓▓▓▓  \▓▓▓▓▓▓ \▓▓ \▓▓▓▓▓▓▓


2023-12-22 00:06:15 I/main: Backend: version 2.16.0, built on 2023-10-20 06:28:10.
2023-12-22 00:06:15 I/main: Frontend Terminal: version 2.16.0, provided by Mamoe Technologies
2023-12-22 00:06:15 I/main: Welcome to visit https://mirai.mamoe.net/
2023-12-22 00:06:16 I/plugin: Successfully loaded plugin miaomiao v1.0.0
2023-12-22 00:06:16 I/main: Prepared built-in commands: autoLogin, help, login, logout, permission, status, stop
2023-12-22 00:06:16 I/stdout: 初始化成功...
2023-12-22 00:06:16 I/stdout: 文件保存成功
2023-12-22 00:06:16 I/stdout: 文件保存成功
2023-12-22 00:06:16 I/stdout: 0点定时任务被调用了..
2023-12-22 00:06:16 W/BotConfiguration: 未指定设备信息, 已使用随机设备信息. 请查看 BotConfiguration.deviceInfo 以获取更多信息.
2023-12-22 00:06:16 W/BotConfiguration: Device info isn't specified. Please refer to BotConfiguration.deviceInfo for more information
2023-12-22 00:06:17 I/Net 2680785606: EncryptService SPI is not provided, sso secure ecdh will not be initialized.
2023-12-22 00:06:17 I/Net 2680785606: ECDH key is invalid, start to fetch ecdh public key from server.
2023-12-22 00:06:17 I/Net 2680785606: Successfully fetched ecdh public key from server.
2023-12-22 00:06:17 I/Bot 2680785606: [QRCodeLogin] 已获取登录二维码，请在手机 QQ 使用账号 2680785606 扫码
2023-12-22 00:06:17 I/Bot 2680785606: [QRCodeLogin] Fetched login qrcode, please scan via qq android with account 2680785606.
2023-12-22 00:06:17 I/Bot 2680785606: [QRCodeLogin] 将会显示二维码图片，若看不清图片，请查看文件 file:///C:/Users/ASUS/AppData/Local/Temp/mirai-qrcode-2680785606-17031747777330768415603862742.png
2023-12-22 00:06:17 I/Bot 2680785606: [QRCodeLogin] Displaying qrcode image. If not clear, view file file:///C:/Users/ASUS/AppData/Local/Temp/mirai-qrcode-2680785606-17031747777330768415603862742.png.
2023-12-22 00:06:17 I/Bot 2680785606: [QRCodeLogin] 

                                                                                                                     
                                                                                                                     
                                                                                                                     
                                                                                                                     
                                                                                                                     
                                                                                                                     
                                                                                                                     
                                                                                                                     
                                                                                                                     
                                                                                                                     
                                                                                                                     
                                                                                                                     
                                                                                                                     
                                                                                                                     
                                                                                                                     
                                                                                                                     
                                                                                                                     
                                                                                                                     
                                                                                                                     
                                                                                                                     
                                                                                                                     
                                                                                                                     
                                                                                                                     
                                                                                                                     
                                                                                                                     
                                                                                                                     
                                                                                                                     
                                                                                                                     
                                                                                                                     
                                                                                                                     
                                                                                                                     
                                                                                                                     
                                                                                                                     
                                                                                                                     
                                                                                                                     
                                                                                                                     
                                                                                                                     
                                                                                                                     
                                                                                                                     

2023-12-22 00:06:17 I/Bot 2680785606: [QRCodeLogin] 等待扫描二维码中
2023-12-22 00:06:17 I/Bot 2680785606: [QRCodeLogin] Waiting for scanning qrcode.
2023-12-22 00:06:22 I/Bot 2680785606: [QRCodeLogin] 扫描完成，请在手机 QQ 确认登录
2023-12-22 00:06:22 I/Bot 2680785606: [QRCodeLogin] Scan complete. Please confirm login.
2023-12-22 00:06:33 I/Bot 2680785606: [QRCodeLogin] 已确认登录
2023-12-22 00:06:33 I/Bot 2680785606: [QRCodeLogin] Login confirmed.
2023-12-22 00:06:33 I/Bot 2680785606: Login successful
2023-12-22 00:06:33 I/Bot 2680785606: Saved account secrets to local cache for fast login.
2023-12-22 00:06:33 I/Bot 2680785606: Login successful.
2023-12-22 00:06:33 I/Net 2680785606: Server time updated, serverTime: 1703174794, diff: 1ms=0.001s
2023-12-22 00:06:33 I/Net 2680785606: Syncing friend message history...
2023-12-22 00:06:33 I/Net 2680785606: Start loading friend list...
2023-12-22 00:06:33 I/Net 2680785606: Start loading stranger list...
2023-12-22 00:06:33 I/Net 2680785606: Start loading friendGroup list...
2023-12-22 00:06:33 I/Net 2680785606: Successfully loaded stranger list: 0 in total
2023-12-22 00:06:33 I/Net 2680785606: Start loading group list...
2023-12-22 00:06:33 I/Net 2680785606: Online OtherClients: PHP110(MOBILE)
2023-12-22 00:06:33 I/Net 2680785606: Syncing friend message history: Success.
2023-12-22 00:06:33 I/Net 2680785606: Successfully loaded friendGroup list: 4 in total
2023-12-22 00:06:33 I/Net 2680785606: Successfully loaded friend list: 3 in total
2023-12-22 00:06:33 I/Net 2680785606: Successfully loaded group list: 1 in total.
2023-12-22 00:06:33 I/Net 2680785606: Scheduled key refresh in 23h 55min 0.0s.
2023-12-22 00:06:33 I/Net 2680785606: Scheduled refresh login session in 19d 23h 55min 0.0s.
2023-12-22 00:06:33 I/Bot 2680785606: Bot login successful.
2023-12-22 00:06:33 I/main: 2 plugin(s) enabled.
2023-12-22 00:06:33 I/main: mirai-console started successfully.
2023-12-22 00:17:51 W/console: Closing input service...
2023-12-22 00:18:01 I/main: Starting mirai-console...
2023-12-22 00:18:01 I/main: 

===================================[ Mirai console 2.16.0 ]===================================
 __       __ __                   __  ______                                      __
|  \     /  \  \                 |  \/      \                                    |  \
| ▓▓\   /  ▓▓\▓▓ ______   ______  \▓▓  ▓▓▓▓▓▓\ ______  _______   _______  ______ | ▓▓ ______
| ▓▓▓\ /  ▓▓▓  \/      \ |      \|  \ ▓▓   \▓▓/      \|       \ /       \/      \| ▓▓/      \
| ▓▓▓▓\  ▓▓▓▓ ▓▓  ▓▓▓▓▓▓\ \▓▓▓▓▓▓\ ▓▓ ▓▓     |  ▓▓▓▓▓▓\ ▓▓▓▓▓▓▓\  ▓▓▓▓▓▓▓  ▓▓▓▓▓▓\ ▓▓  ▓▓▓▓▓▓\
| ▓▓\▓▓ ▓▓ ▓▓ ▓▓ ▓▓   \▓▓/      ▓▓ ▓▓ ▓▓   __| ▓▓  | ▓▓ ▓▓  | ▓▓\▓▓    \| ▓▓  | ▓▓ ▓▓ ▓▓    ▓▓
| ▓▓ \▓▓▓| ▓▓ ▓▓ ▓▓     |  ▓▓▓▓▓▓▓ ▓▓ ▓▓__/  \ ▓▓__/ ▓▓ ▓▓  | ▓▓_\▓▓▓▓▓▓\ ▓▓__/ ▓▓ ▓▓ ▓▓▓▓▓▓▓▓
| ▓▓  \▓ | ▓▓ ▓▓ ▓▓      \▓▓    ▓▓ ▓▓\▓▓    ▓▓\▓▓    ▓▓ ▓▓  | ▓▓       ▓▓\▓▓    ▓▓ ▓▓\▓▓     \
 \▓▓      \▓▓\▓▓\▓▓       \▓▓▓▓▓▓▓\▓▓ \▓▓▓▓▓▓  \▓▓▓▓▓▓ \▓▓   \▓▓\▓▓▓▓▓▓▓  \▓▓▓▓▓▓ \▓▓ \▓▓▓▓▓▓▓


2023-12-22 00:18:01 I/main: Backend: version 2.16.0, built on 2023-10-20 06:28:10.
2023-12-22 00:18:01 I/main: Frontend Terminal: version 2.16.0, provided by Mamoe Technologies
2023-12-22 00:18:01 I/main: Welcome to visit https://mirai.mamoe.net/
2023-12-22 00:18:02 I/plugin: Successfully loaded plugin miaomiao v1.0.0
2023-12-22 00:18:02 I/main: Prepared built-in commands: autoLogin, help, login, logout, permission, status, stop
2023-12-22 00:18:02 I/stdout: 初始化成功...
2023-12-22 00:18:02 I/stdout: 文件保存成功
2023-12-22 00:18:02 I/stdout: 文件保存成功
2023-12-22 00:18:02 I/stdout: 0点定时任务被调用了..
2023-12-22 00:18:02 W/BotConfiguration: 未指定设备信息, 已使用随机设备信息. 请查看 BotConfiguration.deviceInfo 以获取更多信息.
2023-12-22 00:18:02 W/BotConfiguration: Device info isn't specified. Please refer to BotConfiguration.deviceInfo for more information
2023-12-22 00:18:03 I/Net 2680785606: EncryptService SPI is not provided, sso secure ecdh will not be initialized.
2023-12-22 00:18:03 I/Net 2680785606: ECDH key is invalid, start to fetch ecdh public key from server.
2023-12-22 00:18:03 I/Net 2680785606: Successfully fetched ecdh public key from server.
2023-12-22 00:18:03 I/Bot 2680785606: [QRCodeLogin] 已获取登录二维码，请在手机 QQ 使用账号 2680785606 扫码
2023-12-22 00:18:03 I/Bot 2680785606: [QRCodeLogin] Fetched login qrcode, please scan via qq android with account 2680785606.
2023-12-22 00:18:03 I/Bot 2680785606: [QRCodeLogin] 将会显示二维码图片，若看不清图片，请查看文件 file:///C:/Users/ASUS/AppData/Local/Temp/mirai-qrcode-2680785606-17031754838985643941588843321.png
2023-12-22 00:18:03 I/Bot 2680785606: [QRCodeLogin] Displaying qrcode image. If not clear, view file file:///C:/Users/ASUS/AppData/Local/Temp/mirai-qrcode-2680785606-17031754838985643941588843321.png.
2023-12-22 00:18:03 I/Bot 2680785606: [QRCodeLogin] 

                                                                                                                     
                                                                                                                     
                                                                                                                     
                                                                                                                     
                                                                                                                     
                                                                                                                     
                                                                                                                     
                                                                                                                     
                                                                                                                     
                                                                                                                     
                                                                                                                     
                                                                                                                     
                                                                                                                     
                                                                                                                     
                                                                                                                     
                                                                                                                     
                                                                                                                     
                                                                                                                     
                                                                                                                     
                                                                                                                     
                                                                                                                     
                                                                                                                     
                                                                                                                     
                                                                                                                     
                                                                                                                     
                                                                                                                     
                                                                                                                     
                                                                                                                     
                                                                                                                     
                                                                                                                     
                                                                                                                     
                                                                                                                     
                                                                                                                     
                                                                                                                     
                                                                                                                     
                                                                                                                     
                                                                                                                     
                                                                                                                     
                                                                                                                     

2023-12-22 00:18:03 I/Bot 2680785606: [QRCodeLogin] 等待扫描二维码中
2023-12-22 00:18:03 I/Bot 2680785606: [QRCodeLogin] Waiting for scanning qrcode.
2023-12-22 00:18:08 I/Bot 2680785606: [QRCodeLogin] 扫描完成，请在手机 QQ 确认登录
2023-12-22 00:18:08 I/Bot 2680785606: [QRCodeLogin] Scan complete. Please confirm login.
2023-12-22 00:18:19 I/Bot 2680785606: [QRCodeLogin] 已确认登录
2023-12-22 00:18:19 I/Bot 2680785606: [QRCodeLogin] Login confirmed.
2023-12-22 00:18:19 I/Bot 2680785606: Login successful
2023-12-22 00:18:19 I/Bot 2680785606: Saved account secrets to local cache for fast login.
2023-12-22 00:18:19 I/Bot 2680785606: Login successful.
2023-12-22 00:18:19 I/Net 2680785606: Server time updated, serverTime: 1703175500, diff: 1ms=0.001s
2023-12-22 00:18:19 I/Net 2680785606: Syncing friend message history...
2023-12-22 00:18:19 I/Net 2680785606: Start loading stranger list...
2023-12-22 00:18:19 I/Net 2680785606: Start loading friend list...
2023-12-22 00:18:19 I/Net 2680785606: Start loading friendGroup list...
2023-12-22 00:18:19 I/Net 2680785606: Successfully loaded stranger list: 0 in total
2023-12-22 00:18:19 I/Net 2680785606: Start loading group list...
2023-12-22 00:18:19 I/Net 2680785606: Syncing friend message history: Success.
2023-12-22 00:18:19 I/Net 2680785606: Online OtherClients: PHP110(MOBILE)
2023-12-22 00:18:19 I/Net 2680785606: Successfully loaded friend list: 3 in total
2023-12-22 00:18:19 I/Net 2680785606: Successfully loaded friendGroup list: 4 in total
2023-12-22 00:18:19 I/Net 2680785606: Successfully loaded group list: 1 in total.
2023-12-22 00:18:19 I/Net 2680785606: Scheduled refresh login session in 19d 23h 55min 0.0s.
2023-12-22 00:18:19 I/Net 2680785606: Scheduled key refresh in 23h 55min 0.0s.
2023-12-22 00:18:19 I/Bot 2680785606: Bot login successful.
2023-12-22 00:18:19 I/main: 2 plugin(s) enabled.
2023-12-22 00:18:19 I/main: mirai-console started successfully.
2023-12-22 00:20:32 I/main: Starting mirai-console...
2023-12-22 00:20:32 I/main: 

===================================[ Mirai console 2.16.0 ]===================================
 __       __ __                   __  ______                                      __
|  \     /  \  \                 |  \/      \                                    |  \
| ▓▓\   /  ▓▓\▓▓ ______   ______  \▓▓  ▓▓▓▓▓▓\ ______  _______   _______  ______ | ▓▓ ______
| ▓▓▓\ /  ▓▓▓  \/      \ |      \|  \ ▓▓   \▓▓/      \|       \ /       \/      \| ▓▓/      \
| ▓▓▓▓\  ▓▓▓▓ ▓▓  ▓▓▓▓▓▓\ \▓▓▓▓▓▓\ ▓▓ ▓▓     |  ▓▓▓▓▓▓\ ▓▓▓▓▓▓▓\  ▓▓▓▓▓▓▓  ▓▓▓▓▓▓\ ▓▓  ▓▓▓▓▓▓\
| ▓▓\▓▓ ▓▓ ▓▓ ▓▓ ▓▓   \▓▓/      ▓▓ ▓▓ ▓▓   __| ▓▓  | ▓▓ ▓▓  | ▓▓\▓▓    \| ▓▓  | ▓▓ ▓▓ ▓▓    ▓▓
| ▓▓ \▓▓▓| ▓▓ ▓▓ ▓▓     |  ▓▓▓▓▓▓▓ ▓▓ ▓▓__/  \ ▓▓__/ ▓▓ ▓▓  | ▓▓_\▓▓▓▓▓▓\ ▓▓__/ ▓▓ ▓▓ ▓▓▓▓▓▓▓▓
| ▓▓  \▓ | ▓▓ ▓▓ ▓▓      \▓▓    ▓▓ ▓▓\▓▓    ▓▓\▓▓    ▓▓ ▓▓  | ▓▓       ▓▓\▓▓    ▓▓ ▓▓\▓▓     \
 \▓▓      \▓▓\▓▓\▓▓       \▓▓▓▓▓▓▓\▓▓ \▓▓▓▓▓▓  \▓▓▓▓▓▓ \▓▓   \▓▓\▓▓▓▓▓▓▓  \▓▓▓▓▓▓ \▓▓ \▓▓▓▓▓▓▓


2023-12-22 00:20:32 I/main: Backend: version 2.16.0, built on 2023-10-20 06:28:10.
2023-12-22 00:20:32 I/main: Frontend Terminal: version 2.16.0, provided by Mamoe Technologies
2023-12-22 00:20:32 I/main: Welcome to visit https://mirai.mamoe.net/
2023-12-22 00:20:33 I/plugin: Successfully loaded plugin miaomiao v1.0.0
2023-12-22 00:20:33 I/main: Prepared built-in commands: autoLogin, help, login, logout, permission, status, stop
2023-12-22 00:20:33 I/stdout: 初始化成功...
2023-12-22 00:20:33 I/stdout: 文件保存成功
2023-12-22 00:20:33 I/stdout: 文件保存成功
2023-12-22 00:20:33 I/stdout: 0点定时任务被调用了..
2023-12-22 00:20:33 W/BotConfiguration: 未指定设备信息, 已使用随机设备信息. 请查看 BotConfiguration.deviceInfo 以获取更多信息.
2023-12-22 00:20:33 W/BotConfiguration: Device info isn't specified. Please refer to BotConfiguration.deviceInfo for more information
2023-12-22 00:20:34 I/Net 2680785606: EncryptService SPI is not provided, sso secure ecdh will not be initialized.
2023-12-22 00:20:34 I/Net 2680785606: ECDH key is invalid, start to fetch ecdh public key from server.
2023-12-22 00:20:35 I/Net 2680785606: Successfully fetched ecdh public key from server.
2023-12-22 00:20:35 I/Bot 2680785606: [QRCodeLogin] 已获取登录二维码，请在手机 QQ 使用账号 2680785606 扫码
2023-12-22 00:20:35 I/Bot 2680785606: [QRCodeLogin] Fetched login qrcode, please scan via qq android with account 2680785606.
2023-12-22 00:20:35 I/Bot 2680785606: [QRCodeLogin] 将会显示二维码图片，若看不清图片，请查看文件 file:///C:/Users/ASUS/AppData/Local/Temp/mirai-qrcode-2680785606-17031756355288856127856041813.png
2023-12-22 00:20:35 I/Bot 2680785606: [QRCodeLogin] Displaying qrcode image. If not clear, view file file:///C:/Users/ASUS/AppData/Local/Temp/mirai-qrcode-2680785606-17031756355288856127856041813.png.
2023-12-22 00:20:35 I/Bot 2680785606: [QRCodeLogin] 

                                                                                                                     
                                                                                                                     
                                                                                                                     
                                                                                                                     
                                                                                                                     
                                                                                                                     
                                                                                                                     
                                                                                                                     
                                                                                                                     
                                                                                                                     
                                                                                                                     
                                                                                                                     
                                                                                                                     
                                                                                                                     
                                                                                                                     
                                                                                                                     
                                                                                                                     
                                                                                                                     
                                                                                                                     
                                                                                                                     
                                                                                                                     
                                                                                                                     
                                                                                                                     
                                                                                                                     
                                                                                                                     
                                                                                                                     
                                                                                                                     
                                                                                                                     
                                                                                                                     
                                                                                                                     
                                                                                                                     
                                                                                                                     
                                                                                                                     
                                                                                                                     
                                                                                                                     
                                                                                                                     
                                                                                                                     
                                                                                                                     
                                                                                                                     

2023-12-22 00:20:35 I/Bot 2680785606: [QRCodeLogin] 等待扫描二维码中
2023-12-22 00:20:35 I/Bot 2680785606: [QRCodeLogin] Waiting for scanning qrcode.
2023-12-22 00:20:40 I/Bot 2680785606: [QRCodeLogin] 扫描完成，请在手机 QQ 确认登录
2023-12-22 00:20:40 I/Bot 2680785606: [QRCodeLogin] Scan complete. Please confirm login.
2023-12-22 00:20:45 I/Bot 2680785606: [QRCodeLogin] 已确认登录
2023-12-22 00:20:45 I/Bot 2680785606: [QRCodeLogin] Login confirmed.
2023-12-22 00:20:45 I/Bot 2680785606: Login successful
2023-12-22 00:20:45 I/Bot 2680785606: Saved account secrets to local cache for fast login.
2023-12-22 00:20:45 I/Bot 2680785606: Login successful.
2023-12-22 00:20:45 I/Net 2680785606: Server time updated, serverTime: 1703175646, diff: 1ms=0.001s
2023-12-22 00:20:45 I/Net 2680785606: Syncing friend message history...
2023-12-22 00:20:45 I/Net 2680785606: Start loading friend list...
2023-12-22 00:20:45 I/Net 2680785606: Start loading stranger list...
2023-12-22 00:20:45 I/Net 2680785606: Start loading friendGroup list...
2023-12-22 00:20:45 I/Net 2680785606: Successfully loaded stranger list: 0 in total
2023-12-22 00:20:45 I/Net 2680785606: Start loading group list...
2023-12-22 00:20:45 I/Net 2680785606: Syncing friend message history: Success.
2023-12-22 00:20:45 I/Net 2680785606: Online OtherClients: PHP110(MOBILE)
2023-12-22 00:20:45 I/Net 2680785606: Successfully loaded friend list: 3 in total
2023-12-22 00:20:45 I/Net 2680785606: Successfully loaded friendGroup list: 4 in total
2023-12-22 00:20:46 I/Net 2680785606: Successfully loaded group list: 1 in total.
2023-12-22 00:20:46 I/Net 2680785606: Scheduled key refresh in 23h 55min 0.0s.
2023-12-22 00:20:46 I/Net 2680785606: Scheduled refresh login session in 19d 23h 55min 0.0s.
2023-12-22 00:20:46 I/Bot 2680785606: Bot login successful.
2023-12-22 00:20:46 I/main: 2 plugin(s) enabled.
2023-12-22 00:20:46 I/main: mirai-console started successfully.
2023-12-22 00:40:33 I/stdout: 文件保存成功
2023-12-22 01:00:33 I/stdout: 文件保存成功
2023-12-22 01:20:33 I/stdout: 文件保存成功
