2023-12-03 08:32:56 I/main: Starting mirai-console...
2023-12-03 08:32:56 I/main: 

===================================[ Mirai console 2.16.0 ]===================================
 __       __ __                   __  ______                                      __
|  \     /  \  \                 |  \/      \                                    |  \
| ▓▓\   /  ▓▓\▓▓ ______   ______  \▓▓  ▓▓▓▓▓▓\ ______  _______   _______  ______ | ▓▓ ______
| ▓▓▓\ /  ▓▓▓  \/      \ |      \|  \ ▓▓   \▓▓/      \|       \ /       \/      \| ▓▓/      \
| ▓▓▓▓\  ▓▓▓▓ ▓▓  ▓▓▓▓▓▓\ \▓▓▓▓▓▓\ ▓▓ ▓▓     |  ▓▓▓▓▓▓\ ▓▓▓▓▓▓▓\  ▓▓▓▓▓▓▓  ▓▓▓▓▓▓\ ▓▓  ▓▓▓▓▓▓\
| ▓▓\▓▓ ▓▓ ▓▓ ▓▓ ▓▓   \▓▓/      ▓▓ ▓▓ ▓▓   __| ▓▓  | ▓▓ ▓▓  | ▓▓\▓▓    \| ▓▓  | ▓▓ ▓▓ ▓▓    ▓▓
| ▓▓ \▓▓▓| ▓▓ ▓▓ ▓▓     |  ▓▓▓▓▓▓▓ ▓▓ ▓▓__/  \ ▓▓__/ ▓▓ ▓▓  | ▓▓_\▓▓▓▓▓▓\ ▓▓__/ ▓▓ ▓▓ ▓▓▓▓▓▓▓▓
| ▓▓  \▓ | ▓▓ ▓▓ ▓▓      \▓▓    ▓▓ ▓▓\▓▓    ▓▓\▓▓    ▓▓ ▓▓  | ▓▓       ▓▓\▓▓    ▓▓ ▓▓\▓▓     \
 \▓▓      \▓▓\▓▓\▓▓       \▓▓▓▓▓▓▓\▓▓ \▓▓▓▓▓▓  \▓▓▓▓▓▓ \▓▓   \▓▓\▓▓▓▓▓▓▓  \▓▓▓▓▓▓ \▓▓ \▓▓▓▓▓▓▓


2023-12-03 08:32:56 I/main: Backend: version 2.16.0, built on 2023-10-20 06:28:10.
2023-12-03 08:32:56 I/main: Frontend Terminal: version 2.16.0, provided by Mamoe Technologies
2023-12-03 08:32:56 I/main: Welcome to visit https://mirai.mamoe.net/
2023-12-03 08:33:02 I/stdout: 文件初始化成功
2023-12-03 08:33:02 W/stderr: java.io.EOFException
2023-12-03 08:33:02 W/stderr: 	at java.io.ObjectInputStream$PeekInputStream.readFully(ObjectInputStream.java:2832)
2023-12-03 08:33:02 W/stderr: 	at java.io.ObjectInputStream$BlockDataInputStream.readShort(ObjectInputStream.java:3307)
2023-12-03 08:33:02 W/stderr: 	at java.io.ObjectInputStream.readStreamHeader(ObjectInputStream.java:934)
2023-12-03 08:33:02 W/stderr: 	at java.io.ObjectInputStream.<init>(ObjectInputStream.java:396)
2023-12-03 08:33:02 W/stderr: 	at com.mao.utils.file.FileUtil.readMap(FileUtil.java:37)
2023-12-03 08:33:02 W/stderr: 	at com.mao.MiaoMiao.<init>(MiaoMiao.java:27)
2023-12-03 08:33:02 W/stderr: 	at com.mao.MiaoMiao.<clinit>(MiaoMiao.java:15)
2023-12-03 08:33:02 W/stderr: 	at java.lang.Class.forName0(Native Method)
2023-12-03 08:33:02 W/stderr: 	at java.lang.Class.forName(Class.java:348)
2023-12-03 08:33:02 W/stderr: 	at net.mamoe.mirai.console.internal.util.PluginServiceHelper.loadService(PluginServiceHelper.kt:53)
2023-12-03 08:33:02 W/stderr: 	at net.mamoe.mirai.console.internal.util.PluginServiceHelper.loadAllServices(PluginServiceHelper.kt:44)
2023-12-03 08:33:02 W/stderr: 	at net.mamoe.mirai.console.internal.plugin.BuiltInJvmPluginLoaderImpl$extractPlugins$findAllInstances$1.invoke(BuiltInJvmPluginLoaderImpl.kt:205)
2023-12-03 08:33:02 W/stderr: 	at net.mamoe.mirai.console.internal.plugin.BuiltInJvmPluginLoaderImpl$extractPlugins$findAllInstances$1.invoke(BuiltInJvmPluginLoaderImpl.kt:200)
2023-12-03 08:33:02 W/stderr: 	at kotlin.sequences.TransformingSequence$iterator$1.next(Sequences.kt:210)
2023-12-03 08:33:02 W/stderr: 	at kotlin.sequences.FlatteningSequence$iterator$1.ensureItemIterator(Sequences.kt:314)
2023-12-03 08:33:02 W/stderr: 	at kotlin.sequences.FlatteningSequence$iterator$1.hasNext(Sequences.kt:303)
2023-12-03 08:33:02 W/stderr: 	at kotlin.sequences.TransformingSequence$iterator$1.hasNext(Sequences.kt:214)
2023-12-03 08:33:02 W/stderr: 	at kotlin.sequences.FlatteningSequence$iterator$1.ensureItemIterator(Sequences.kt:316)
2023-12-03 08:33:02 W/stderr: 	at kotlin.sequences.FlatteningSequence$iterator$1.hasNext(Sequences.kt:303)
2023-12-03 08:33:02 W/stderr: 	at kotlin.sequences.TransformingSequence$iterator$1.hasNext(Sequences.kt:214)
2023-12-03 08:33:02 W/stderr: 	at kotlin.sequences.TransformingSequence$iterator$1.hasNext(Sequences.kt:214)
2023-12-03 08:33:02 W/stderr: 	at kotlin.sequences.SequencesKt___SequencesKt.toCollection(_Sequences.kt:787)
2023-12-03 08:33:02 W/stderr: 	at kotlin.sequences.SequencesKt___SequencesKt.toSet(_Sequences.kt:828)
2023-12-03 08:33:02 W/stderr: 	at net.mamoe.mirai.console.internal.plugin.BuiltInJvmPluginLoaderImpl.extractPlugins(BuiltInJvmPluginLoaderImpl.kt:287)
2023-12-03 08:33:02 W/stderr: 	at net.mamoe.mirai.console.internal.plugin.BuiltInJvmPluginLoaderImpl.listPlugins(BuiltInJvmPluginLoaderImpl.kt:72)
2023-12-03 08:33:02 W/stderr: 	at net.mamoe.mirai.console.plugin.jvm.JvmPluginLoader$BuiltIn.listPlugins(JvmPluginLoader.kt)
2023-12-03 08:33:02 W/stderr: 	at net.mamoe.mirai.console.internal.plugin.PluginManagerImpl.listAndSortAllPlugins(PluginManagerImpl.kt:207)
2023-12-03 08:33:02 W/stderr: 	at net.mamoe.mirai.console.internal.plugin.PluginManagerImpl.findAndSortAllPluginsUsingBuiltInLoaders(PluginManagerImpl.kt:153)
2023-12-03 08:33:02 W/stderr: 	at net.mamoe.mirai.console.internal.plugin.PluginManagerImpl.loadAllPluginsUsingBuiltInLoaders$mirai_console(PluginManagerImpl.kt:163)
2023-12-03 08:33:02 W/stderr: 	at net.mamoe.mirai.console.internal.MiraiConsoleImplementationBridge.doStart$mirai_console(MiraiConsoleImplementationBridge.kt:303)
2023-12-03 08:33:02 W/stderr: 	at net.mamoe.mirai.console.MiraiConsoleImplementation$Companion.start(MiraiConsoleImplementation.kt:512)
2023-12-03 08:33:02 W/stderr: 	at net.mamoe.mirai.console.terminal.MiraiConsoleTerminalLoader.startAsDaemon(MiraiConsoleTerminalLoader.kt:182)
2023-12-03 08:33:02 W/stderr: 	at net.mamoe.mirai.console.terminal.MiraiConsoleTerminalLoader.startAsDaemon$default(MiraiConsoleTerminalLoader.kt:181)
2023-12-03 08:33:02 W/stderr: 	at net.mamoe.mirai.console.terminal.MiraiConsoleTerminalLoader.main(MiraiConsoleTerminalLoader.kt:59)
2023-12-03 08:33:02 E/main: Failed to init MiraiConsole.
net.mamoe.mirai.console.internal.util.ServiceLoadException: Could not load service com.mao.MiaoMiao.
	at net.mamoe.mirai.console.internal.util.PluginServiceHelper.loadService(PluginServiceHelper.kt:62)
	at net.mamoe.mirai.console.internal.util.PluginServiceHelper.loadAllServices(PluginServiceHelper.kt:44)
	at net.mamoe.mirai.console.internal.plugin.BuiltInJvmPluginLoaderImpl$extractPlugins$findAllInstances$1.invoke(BuiltInJvmPluginLoaderImpl.kt:205)
	at net.mamoe.mirai.console.internal.plugin.BuiltInJvmPluginLoaderImpl$extractPlugins$findAllInstances$1.invoke(BuiltInJvmPluginLoaderImpl.kt:200)
	at kotlin.sequences.TransformingSequence$iterator$1.next(Sequences.kt:210)
	at kotlin.sequences.FlatteningSequence$iterator$1.ensureItemIterator(Sequences.kt:314)
	at kotlin.sequences.FlatteningSequence$iterator$1.hasNext(Sequences.kt:303)
	at kotlin.sequences.TransformingSequence$iterator$1.hasNext(Sequences.kt:214)
	at kotlin.sequences.FlatteningSequence$iterator$1.ensureItemIterator(Sequences.kt:316)
	at kotlin.sequences.FlatteningSequence$iterator$1.hasNext(Sequences.kt:303)
	at kotlin.sequences.TransformingSequence$iterator$1.hasNext(Sequences.kt:214)
	at kotlin.sequences.TransformingSequence$iterator$1.hasNext(Sequences.kt:214)
	at kotlin.sequences.SequencesKt___SequencesKt.toCollection(_Sequences.kt:787)
	at kotlin.sequences.SequencesKt___SequencesKt.toSet(_Sequences.kt:828)
	at net.mamoe.mirai.console.internal.plugin.BuiltInJvmPluginLoaderImpl.extractPlugins(BuiltInJvmPluginLoaderImpl.kt:287)
	at net.mamoe.mirai.console.internal.plugin.BuiltInJvmPluginLoaderImpl.listPlugins(BuiltInJvmPluginLoaderImpl.kt:72)
	at net.mamoe.mirai.console.plugin.jvm.JvmPluginLoader$BuiltIn.listPlugins(JvmPluginLoader.kt)
	at net.mamoe.mirai.console.internal.plugin.PluginManagerImpl.listAndSortAllPlugins(PluginManagerImpl.kt:207)
	at net.mamoe.mirai.console.internal.plugin.PluginManagerImpl.findAndSortAllPluginsUsingBuiltInLoaders(PluginManagerImpl.kt:153)
	at net.mamoe.mirai.console.internal.plugin.PluginManagerImpl.loadAllPluginsUsingBuiltInLoaders$mirai_console(PluginManagerImpl.kt:163)
	at net.mamoe.mirai.console.internal.MiraiConsoleImplementationBridge.doStart$mirai_console(MiraiConsoleImplementationBridge.kt:303)
	at net.mamoe.mirai.console.MiraiConsoleImplementation$Companion.start(MiraiConsoleImplementation.kt:512)
	at net.mamoe.mirai.console.terminal.MiraiConsoleTerminalLoader.startAsDaemon(MiraiConsoleTerminalLoader.kt:182)
	at net.mamoe.mirai.console.terminal.MiraiConsoleTerminalLoader.startAsDaemon$default(MiraiConsoleTerminalLoader.kt:181)
	at net.mamoe.mirai.console.terminal.MiraiConsoleTerminalLoader.main(MiraiConsoleTerminalLoader.kt:59)
Caused by: java.lang.ExceptionInInitializerError
	at java.lang.Class.forName0(Native Method)
	at java.lang.Class.forName(Class.java:348)
	at net.mamoe.mirai.console.internal.util.PluginServiceHelper.loadService(PluginServiceHelper.kt:53)
	... 24 more
Caused by: java.lang.NullPointerException
	at com.mao.MiaoMiao.<init>(MiaoMiao.java:29)
	at com.mao.MiaoMiao.<clinit>(MiaoMiao.java:15)
	... 27 more

2023-12-03 08:33:28 I/main: Starting mirai-console...
2023-12-03 08:33:28 I/main: 

===================================[ Mirai console 2.16.0 ]===================================
 __       __ __                   __  ______                                      __
|  \     /  \  \                 |  \/      \                                    |  \
| ▓▓\   /  ▓▓\▓▓ ______   ______  \▓▓  ▓▓▓▓▓▓\ ______  _______   _______  ______ | ▓▓ ______
| ▓▓▓\ /  ▓▓▓  \/      \ |      \|  \ ▓▓   \▓▓/      \|       \ /       \/      \| ▓▓/      \
| ▓▓▓▓\  ▓▓▓▓ ▓▓  ▓▓▓▓▓▓\ \▓▓▓▓▓▓\ ▓▓ ▓▓     |  ▓▓▓▓▓▓\ ▓▓▓▓▓▓▓\  ▓▓▓▓▓▓▓  ▓▓▓▓▓▓\ ▓▓  ▓▓▓▓▓▓\
| ▓▓\▓▓ ▓▓ ▓▓ ▓▓ ▓▓   \▓▓/      ▓▓ ▓▓ ▓▓   __| ▓▓  | ▓▓ ▓▓  | ▓▓\▓▓    \| ▓▓  | ▓▓ ▓▓ ▓▓    ▓▓
| ▓▓ \▓▓▓| ▓▓ ▓▓ ▓▓     |  ▓▓▓▓▓▓▓ ▓▓ ▓▓__/  \ ▓▓__/ ▓▓ ▓▓  | ▓▓_\▓▓▓▓▓▓\ ▓▓__/ ▓▓ ▓▓ ▓▓▓▓▓▓▓▓
| ▓▓  \▓ | ▓▓ ▓▓ ▓▓      \▓▓    ▓▓ ▓▓\▓▓    ▓▓\▓▓    ▓▓ ▓▓  | ▓▓       ▓▓\▓▓    ▓▓ ▓▓\▓▓     \
 \▓▓      \▓▓\▓▓\▓▓       \▓▓▓▓▓▓▓\▓▓ \▓▓▓▓▓▓  \▓▓▓▓▓▓ \▓▓   \▓▓\▓▓▓▓▓▓▓  \▓▓▓▓▓▓ \▓▓ \▓▓▓▓▓▓▓


2023-12-03 08:33:28 I/main: Backend: version 2.16.0, built on 2023-10-20 06:28:10.
2023-12-03 08:33:28 I/main: Frontend Terminal: version 2.16.0, provided by Mamoe Technologies
2023-12-03 08:33:28 I/main: Welcome to visit https://mirai.mamoe.net/
2023-12-03 08:33:32 W/stderr: java.io.EOFException
2023-12-03 08:33:32 W/stderr: 	at java.io.ObjectInputStream$PeekInputStream.readFully(ObjectInputStream.java:2832)
2023-12-03 08:33:32 W/stderr: 	at java.io.ObjectInputStream$BlockDataInputStream.readShort(ObjectInputStream.java:3307)
2023-12-03 08:33:32 W/stderr: 	at java.io.ObjectInputStream.readStreamHeader(ObjectInputStream.java:934)
2023-12-03 08:33:32 W/stderr: 	at java.io.ObjectInputStream.<init>(ObjectInputStream.java:396)
2023-12-03 08:33:32 W/stderr: 	at com.mao.utils.file.FileUtil.readMap(FileUtil.java:37)
2023-12-03 08:33:32 W/stderr: 	at com.mao.MiaoMiao.<init>(MiaoMiao.java:27)
2023-12-03 08:33:32 W/stderr: 	at com.mao.MiaoMiao.<clinit>(MiaoMiao.java:15)
2023-12-03 08:33:32 W/stderr: 	at java.lang.Class.forName0(Native Method)
2023-12-03 08:33:32 W/stderr: 	at java.lang.Class.forName(Class.java:348)
2023-12-03 08:33:32 W/stderr: 	at net.mamoe.mirai.console.internal.util.PluginServiceHelper.loadService(PluginServiceHelper.kt:53)
2023-12-03 08:33:32 W/stderr: 	at net.mamoe.mirai.console.internal.util.PluginServiceHelper.loadAllServices(PluginServiceHelper.kt:44)
2023-12-03 08:33:32 W/stderr: 	at net.mamoe.mirai.console.internal.plugin.BuiltInJvmPluginLoaderImpl$extractPlugins$findAllInstances$1.invoke(BuiltInJvmPluginLoaderImpl.kt:205)
2023-12-03 08:33:32 W/stderr: 	at net.mamoe.mirai.console.internal.plugin.BuiltInJvmPluginLoaderImpl$extractPlugins$findAllInstances$1.invoke(BuiltInJvmPluginLoaderImpl.kt:200)
2023-12-03 08:33:32 W/stderr: 	at kotlin.sequences.TransformingSequence$iterator$1.next(Sequences.kt:210)
2023-12-03 08:33:32 W/stderr: 	at kotlin.sequences.FlatteningSequence$iterator$1.ensureItemIterator(Sequences.kt:314)
2023-12-03 08:33:32 W/stderr: 	at kotlin.sequences.FlatteningSequence$iterator$1.hasNext(Sequences.kt:303)
2023-12-03 08:33:32 W/stderr: 	at kotlin.sequences.TransformingSequence$iterator$1.hasNext(Sequences.kt:214)
2023-12-03 08:33:32 W/stderr: 	at kotlin.sequences.FlatteningSequence$iterator$1.ensureItemIterator(Sequences.kt:316)
2023-12-03 08:33:32 W/stderr: 	at kotlin.sequences.FlatteningSequence$iterator$1.hasNext(Sequences.kt:303)
2023-12-03 08:33:32 W/stderr: 	at kotlin.sequences.TransformingSequence$iterator$1.hasNext(Sequences.kt:214)
2023-12-03 08:33:32 W/stderr: 	at kotlin.sequences.TransformingSequence$iterator$1.hasNext(Sequences.kt:214)
2023-12-03 08:33:32 W/stderr: 	at kotlin.sequences.SequencesKt___SequencesKt.toCollection(_Sequences.kt:787)
2023-12-03 08:33:32 W/stderr: 	at kotlin.sequences.SequencesKt___SequencesKt.toSet(_Sequences.kt:828)
2023-12-03 08:33:32 W/stderr: 	at net.mamoe.mirai.console.internal.plugin.BuiltInJvmPluginLoaderImpl.extractPlugins(BuiltInJvmPluginLoaderImpl.kt:287)
2023-12-03 08:33:32 W/stderr: 	at net.mamoe.mirai.console.internal.plugin.BuiltInJvmPluginLoaderImpl.listPlugins(BuiltInJvmPluginLoaderImpl.kt:72)
2023-12-03 08:33:32 W/stderr: 	at net.mamoe.mirai.console.plugin.jvm.JvmPluginLoader$BuiltIn.listPlugins(JvmPluginLoader.kt)
2023-12-03 08:33:32 W/stderr: 	at net.mamoe.mirai.console.internal.plugin.PluginManagerImpl.listAndSortAllPlugins(PluginManagerImpl.kt:207)
2023-12-03 08:33:32 W/stderr: 	at net.mamoe.mirai.console.internal.plugin.PluginManagerImpl.findAndSortAllPluginsUsingBuiltInLoaders(PluginManagerImpl.kt:153)
2023-12-03 08:33:32 W/stderr: 	at net.mamoe.mirai.console.internal.plugin.PluginManagerImpl.loadAllPluginsUsingBuiltInLoaders$mirai_console(PluginManagerImpl.kt:163)
2023-12-03 08:33:32 W/stderr: 	at net.mamoe.mirai.console.internal.MiraiConsoleImplementationBridge.doStart$mirai_console(MiraiConsoleImplementationBridge.kt:303)
2023-12-03 08:33:32 W/stderr: 	at net.mamoe.mirai.console.MiraiConsoleImplementation$Companion.start(MiraiConsoleImplementation.kt:512)
2023-12-03 08:33:32 W/stderr: 	at net.mamoe.mirai.console.terminal.MiraiConsoleTerminalLoader.startAsDaemon(MiraiConsoleTerminalLoader.kt:182)
2023-12-03 08:33:32 W/stderr: 	at net.mamoe.mirai.console.terminal.MiraiConsoleTerminalLoader.startAsDaemon$default(MiraiConsoleTerminalLoader.kt:181)
2023-12-03 08:33:32 W/stderr: 	at net.mamoe.mirai.console.terminal.MiraiConsoleTerminalLoader.main(MiraiConsoleTerminalLoader.kt:59)
2023-12-03 08:33:50 E/main: Failed to init MiraiConsole.
net.mamoe.mirai.console.internal.util.ServiceLoadException: Could not load service com.mao.MiaoMiao.
	at net.mamoe.mirai.console.internal.util.PluginServiceHelper.loadService(PluginServiceHelper.kt:62)
	at net.mamoe.mirai.console.internal.util.PluginServiceHelper.loadAllServices(PluginServiceHelper.kt:44)
	at net.mamoe.mirai.console.internal.plugin.BuiltInJvmPluginLoaderImpl$extractPlugins$findAllInstances$1.invoke(BuiltInJvmPluginLoaderImpl.kt:205)
	at net.mamoe.mirai.console.internal.plugin.BuiltInJvmPluginLoaderImpl$extractPlugins$findAllInstances$1.invoke(BuiltInJvmPluginLoaderImpl.kt:200)
	at kotlin.sequences.TransformingSequence$iterator$1.next(Sequences.kt:210)
	at kotlin.sequences.FlatteningSequence$iterator$1.ensureItemIterator(Sequences.kt:314)
	at kotlin.sequences.FlatteningSequence$iterator$1.hasNext(Sequences.kt:303)
	at kotlin.sequences.TransformingSequence$iterator$1.hasNext(Sequences.kt:214)
	at kotlin.sequences.FlatteningSequence$iterator$1.ensureItemIterator(Sequences.kt:316)
	at kotlin.sequences.FlatteningSequence$iterator$1.hasNext(Sequences.kt:303)
	at kotlin.sequences.TransformingSequence$iterator$1.hasNext(Sequences.kt:214)
	at kotlin.sequences.TransformingSequence$iterator$1.hasNext(Sequences.kt:214)
	at kotlin.sequences.SequencesKt___SequencesKt.toCollection(_Sequences.kt:787)
	at kotlin.sequences.SequencesKt___SequencesKt.toSet(_Sequences.kt:828)
	at net.mamoe.mirai.console.internal.plugin.BuiltInJvmPluginLoaderImpl.extractPlugins(BuiltInJvmPluginLoaderImpl.kt:287)
	at net.mamoe.mirai.console.internal.plugin.BuiltInJvmPluginLoaderImpl.listPlugins(BuiltInJvmPluginLoaderImpl.kt:72)
	at net.mamoe.mirai.console.plugin.jvm.JvmPluginLoader$BuiltIn.listPlugins(JvmPluginLoader.kt)
	at net.mamoe.mirai.console.internal.plugin.PluginManagerImpl.listAndSortAllPlugins(PluginManagerImpl.kt:207)
	at net.mamoe.mirai.console.internal.plugin.PluginManagerImpl.findAndSortAllPluginsUsingBuiltInLoaders(PluginManagerImpl.kt:153)
	at net.mamoe.mirai.console.internal.plugin.PluginManagerImpl.loadAllPluginsUsingBuiltInLoaders$mirai_console(PluginManagerImpl.kt:163)
	at net.mamoe.mirai.console.internal.MiraiConsoleImplementationBridge.doStart$mirai_console(MiraiConsoleImplementationBridge.kt:303)
	at net.mamoe.mirai.console.MiraiConsoleImplementation$Companion.start(MiraiConsoleImplementation.kt:512)
	at net.mamoe.mirai.console.terminal.MiraiConsoleTerminalLoader.startAsDaemon(MiraiConsoleTerminalLoader.kt:182)
	at net.mamoe.mirai.console.terminal.MiraiConsoleTerminalLoader.startAsDaemon$default(MiraiConsoleTerminalLoader.kt:181)
	at net.mamoe.mirai.console.terminal.MiraiConsoleTerminalLoader.main(MiraiConsoleTerminalLoader.kt:59)
Caused by: java.lang.ExceptionInInitializerError
	at java.lang.Class.forName0(Native Method)
	at java.lang.Class.forName(Class.java:348)
	at net.mamoe.mirai.console.internal.util.PluginServiceHelper.loadService(PluginServiceHelper.kt:53)
	... 24 more
Caused by: java.lang.NullPointerException
	at com.mao.MiaoMiao.<init>(MiaoMiao.java:29)
	at com.mao.MiaoMiao.<clinit>(MiaoMiao.java:15)
	... 27 more

2023-12-03 08:34:47 I/main: Starting mirai-console...
2023-12-03 08:34:47 I/main: 

===================================[ Mirai console 2.16.0 ]===================================
 __       __ __                   __  ______                                      __
|  \     /  \  \                 |  \/      \                                    |  \
| ▓▓\   /  ▓▓\▓▓ ______   ______  \▓▓  ▓▓▓▓▓▓\ ______  _______   _______  ______ | ▓▓ ______
| ▓▓▓\ /  ▓▓▓  \/      \ |      \|  \ ▓▓   \▓▓/      \|       \ /       \/      \| ▓▓/      \
| ▓▓▓▓\  ▓▓▓▓ ▓▓  ▓▓▓▓▓▓\ \▓▓▓▓▓▓\ ▓▓ ▓▓     |  ▓▓▓▓▓▓\ ▓▓▓▓▓▓▓\  ▓▓▓▓▓▓▓  ▓▓▓▓▓▓\ ▓▓  ▓▓▓▓▓▓\
| ▓▓\▓▓ ▓▓ ▓▓ ▓▓ ▓▓   \▓▓/      ▓▓ ▓▓ ▓▓   __| ▓▓  | ▓▓ ▓▓  | ▓▓\▓▓    \| ▓▓  | ▓▓ ▓▓ ▓▓    ▓▓
| ▓▓ \▓▓▓| ▓▓ ▓▓ ▓▓     |  ▓▓▓▓▓▓▓ ▓▓ ▓▓__/  \ ▓▓__/ ▓▓ ▓▓  | ▓▓_\▓▓▓▓▓▓\ ▓▓__/ ▓▓ ▓▓ ▓▓▓▓▓▓▓▓
| ▓▓  \▓ | ▓▓ ▓▓ ▓▓      \▓▓    ▓▓ ▓▓\▓▓    ▓▓\▓▓    ▓▓ ▓▓  | ▓▓       ▓▓\▓▓    ▓▓ ▓▓\▓▓     \
 \▓▓      \▓▓\▓▓\▓▓       \▓▓▓▓▓▓▓\▓▓ \▓▓▓▓▓▓  \▓▓▓▓▓▓ \▓▓   \▓▓\▓▓▓▓▓▓▓  \▓▓▓▓▓▓ \▓▓ \▓▓▓▓▓▓▓


2023-12-03 08:34:47 I/main: Backend: version 2.16.0, built on 2023-10-20 06:28:10.
2023-12-03 08:34:47 I/main: Frontend Terminal: version 2.16.0, provided by Mamoe Technologies
2023-12-03 08:34:47 I/main: Welcome to visit https://mirai.mamoe.net/
2023-12-03 08:34:48 W/stderr: java.io.EOFException
2023-12-03 08:34:48 W/stderr: 	at java.io.ObjectInputStream$PeekInputStream.readFully(ObjectInputStream.java:2832)
2023-12-03 08:34:48 W/stderr: 	at java.io.ObjectInputStream$BlockDataInputStream.readShort(ObjectInputStream.java:3307)
2023-12-03 08:34:48 W/stderr: 	at java.io.ObjectInputStream.readStreamHeader(ObjectInputStream.java:934)
2023-12-03 08:34:48 W/stderr: 	at java.io.ObjectInputStream.<init>(ObjectInputStream.java:396)
2023-12-03 08:34:48 W/stderr: 	at com.mao.utils.file.FileUtil.readMap(FileUtil.java:37)
2023-12-03 08:34:48 W/stderr: 	at com.mao.MiaoMiao.<init>(MiaoMiao.java:27)
2023-12-03 08:34:48 W/stderr: 	at com.mao.MiaoMiao.<clinit>(MiaoMiao.java:15)
2023-12-03 08:34:48 W/stderr: 	at java.lang.Class.forName0(Native Method)
2023-12-03 08:34:48 W/stderr: 	at java.lang.Class.forName(Class.java:348)
2023-12-03 08:34:48 W/stderr: 	at net.mamoe.mirai.console.internal.util.PluginServiceHelper.loadService(PluginServiceHelper.kt:53)
2023-12-03 08:34:48 W/stderr: 	at net.mamoe.mirai.console.internal.util.PluginServiceHelper.loadAllServices(PluginServiceHelper.kt:44)
2023-12-03 08:34:48 W/stderr: 	at net.mamoe.mirai.console.internal.plugin.BuiltInJvmPluginLoaderImpl$extractPlugins$findAllInstances$1.invoke(BuiltInJvmPluginLoaderImpl.kt:205)
2023-12-03 08:34:48 W/stderr: 	at net.mamoe.mirai.console.internal.plugin.BuiltInJvmPluginLoaderImpl$extractPlugins$findAllInstances$1.invoke(BuiltInJvmPluginLoaderImpl.kt:200)
2023-12-03 08:34:48 W/stderr: 	at kotlin.sequences.TransformingSequence$iterator$1.next(Sequences.kt:210)
2023-12-03 08:34:48 W/stderr: 	at kotlin.sequences.FlatteningSequence$iterator$1.ensureItemIterator(Sequences.kt:314)
2023-12-03 08:34:48 W/stderr: 	at kotlin.sequences.FlatteningSequence$iterator$1.hasNext(Sequences.kt:303)
2023-12-03 08:34:48 W/stderr: 	at kotlin.sequences.TransformingSequence$iterator$1.hasNext(Sequences.kt:214)
2023-12-03 08:34:48 W/stderr: 	at kotlin.sequences.FlatteningSequence$iterator$1.ensureItemIterator(Sequences.kt:316)
2023-12-03 08:34:48 W/stderr: 	at kotlin.sequences.FlatteningSequence$iterator$1.hasNext(Sequences.kt:303)
2023-12-03 08:34:48 W/stderr: 	at kotlin.sequences.TransformingSequence$iterator$1.hasNext(Sequences.kt:214)
2023-12-03 08:34:48 W/stderr: 	at kotlin.sequences.TransformingSequence$iterator$1.hasNext(Sequences.kt:214)
2023-12-03 08:34:48 W/stderr: 	at kotlin.sequences.SequencesKt___SequencesKt.toCollection(_Sequences.kt:787)
2023-12-03 08:34:48 W/stderr: 	at kotlin.sequences.SequencesKt___SequencesKt.toSet(_Sequences.kt:828)
2023-12-03 08:34:48 W/stderr: 	at net.mamoe.mirai.console.internal.plugin.BuiltInJvmPluginLoaderImpl.extractPlugins(BuiltInJvmPluginLoaderImpl.kt:287)
2023-12-03 08:34:48 W/stderr: 	at net.mamoe.mirai.console.internal.plugin.BuiltInJvmPluginLoaderImpl.listPlugins(BuiltInJvmPluginLoaderImpl.kt:72)
2023-12-03 08:34:48 W/stderr: 	at net.mamoe.mirai.console.plugin.jvm.JvmPluginLoader$BuiltIn.listPlugins(JvmPluginLoader.kt)
2023-12-03 08:34:48 W/stderr: 	at net.mamoe.mirai.console.internal.plugin.PluginManagerImpl.listAndSortAllPlugins(PluginManagerImpl.kt:207)
2023-12-03 08:34:48 W/stderr: 	at net.mamoe.mirai.console.internal.plugin.PluginManagerImpl.findAndSortAllPluginsUsingBuiltInLoaders(PluginManagerImpl.kt:153)
2023-12-03 08:34:48 W/stderr: 	at net.mamoe.mirai.console.internal.plugin.PluginManagerImpl.loadAllPluginsUsingBuiltInLoaders$mirai_console(PluginManagerImpl.kt:163)
2023-12-03 08:34:48 W/stderr: 	at net.mamoe.mirai.console.internal.MiraiConsoleImplementationBridge.doStart$mirai_console(MiraiConsoleImplementationBridge.kt:303)
2023-12-03 08:34:48 W/stderr: 	at net.mamoe.mirai.console.MiraiConsoleImplementation$Companion.start(MiraiConsoleImplementation.kt:512)
2023-12-03 08:34:48 W/stderr: 	at net.mamoe.mirai.console.terminal.MiraiConsoleTerminalLoader.startAsDaemon(MiraiConsoleTerminalLoader.kt:182)
2023-12-03 08:34:48 W/stderr: 	at net.mamoe.mirai.console.terminal.MiraiConsoleTerminalLoader.startAsDaemon$default(MiraiConsoleTerminalLoader.kt:181)
2023-12-03 08:34:48 W/stderr: 	at net.mamoe.mirai.console.terminal.MiraiConsoleTerminalLoader.main(MiraiConsoleTerminalLoader.kt:59)
2023-12-03 08:34:48 E/main: Failed to init MiraiConsole.
net.mamoe.mirai.console.internal.util.ServiceLoadException: Could not load service com.mao.MiaoMiao.
	at net.mamoe.mirai.console.internal.util.PluginServiceHelper.loadService(PluginServiceHelper.kt:62)
	at net.mamoe.mirai.console.internal.util.PluginServiceHelper.loadAllServices(PluginServiceHelper.kt:44)
	at net.mamoe.mirai.console.internal.plugin.BuiltInJvmPluginLoaderImpl$extractPlugins$findAllInstances$1.invoke(BuiltInJvmPluginLoaderImpl.kt:205)
	at net.mamoe.mirai.console.internal.plugin.BuiltInJvmPluginLoaderImpl$extractPlugins$findAllInstances$1.invoke(BuiltInJvmPluginLoaderImpl.kt:200)
	at kotlin.sequences.TransformingSequence$iterator$1.next(Sequences.kt:210)
	at kotlin.sequences.FlatteningSequence$iterator$1.ensureItemIterator(Sequences.kt:314)
	at kotlin.sequences.FlatteningSequence$iterator$1.hasNext(Sequences.kt:303)
	at kotlin.sequences.TransformingSequence$iterator$1.hasNext(Sequences.kt:214)
	at kotlin.sequences.FlatteningSequence$iterator$1.ensureItemIterator(Sequences.kt:316)
	at kotlin.sequences.FlatteningSequence$iterator$1.hasNext(Sequences.kt:303)
	at kotlin.sequences.TransformingSequence$iterator$1.hasNext(Sequences.kt:214)
	at kotlin.sequences.TransformingSequence$iterator$1.hasNext(Sequences.kt:214)
	at kotlin.sequences.SequencesKt___SequencesKt.toCollection(_Sequences.kt:787)
	at kotlin.sequences.SequencesKt___SequencesKt.toSet(_Sequences.kt:828)
	at net.mamoe.mirai.console.internal.plugin.BuiltInJvmPluginLoaderImpl.extractPlugins(BuiltInJvmPluginLoaderImpl.kt:287)
	at net.mamoe.mirai.console.internal.plugin.BuiltInJvmPluginLoaderImpl.listPlugins(BuiltInJvmPluginLoaderImpl.kt:72)
	at net.mamoe.mirai.console.plugin.jvm.JvmPluginLoader$BuiltIn.listPlugins(JvmPluginLoader.kt)
	at net.mamoe.mirai.console.internal.plugin.PluginManagerImpl.listAndSortAllPlugins(PluginManagerImpl.kt:207)
	at net.mamoe.mirai.console.internal.plugin.PluginManagerImpl.findAndSortAllPluginsUsingBuiltInLoaders(PluginManagerImpl.kt:153)
	at net.mamoe.mirai.console.internal.plugin.PluginManagerImpl.loadAllPluginsUsingBuiltInLoaders$mirai_console(PluginManagerImpl.kt:163)
	at net.mamoe.mirai.console.internal.MiraiConsoleImplementationBridge.doStart$mirai_console(MiraiConsoleImplementationBridge.kt:303)
	at net.mamoe.mirai.console.MiraiConsoleImplementation$Companion.start(MiraiConsoleImplementation.kt:512)
	at net.mamoe.mirai.console.terminal.MiraiConsoleTerminalLoader.startAsDaemon(MiraiConsoleTerminalLoader.kt:182)
	at net.mamoe.mirai.console.terminal.MiraiConsoleTerminalLoader.startAsDaemon$default(MiraiConsoleTerminalLoader.kt:181)
	at net.mamoe.mirai.console.terminal.MiraiConsoleTerminalLoader.main(MiraiConsoleTerminalLoader.kt:59)
Caused by: java.lang.ExceptionInInitializerError
	at java.lang.Class.forName0(Native Method)
	at java.lang.Class.forName(Class.java:348)
	at net.mamoe.mirai.console.internal.util.PluginServiceHelper.loadService(PluginServiceHelper.kt:53)
	... 24 more
Caused by: java.lang.NullPointerException
	at com.mao.MiaoMiao.<init>(MiaoMiao.java:29)
	at com.mao.MiaoMiao.<clinit>(MiaoMiao.java:15)
	... 27 more

2023-12-03 08:35:00 I/main: Starting mirai-console...
2023-12-03 08:35:00 I/main: 

===================================[ Mirai console 2.16.0 ]===================================
 __       __ __                   __  ______                                      __
|  \     /  \  \                 |  \/      \                                    |  \
| ▓▓\   /  ▓▓\▓▓ ______   ______  \▓▓  ▓▓▓▓▓▓\ ______  _______   _______  ______ | ▓▓ ______
| ▓▓▓\ /  ▓▓▓  \/      \ |      \|  \ ▓▓   \▓▓/      \|       \ /       \/      \| ▓▓/      \
| ▓▓▓▓\  ▓▓▓▓ ▓▓  ▓▓▓▓▓▓\ \▓▓▓▓▓▓\ ▓▓ ▓▓     |  ▓▓▓▓▓▓\ ▓▓▓▓▓▓▓\  ▓▓▓▓▓▓▓  ▓▓▓▓▓▓\ ▓▓  ▓▓▓▓▓▓\
| ▓▓\▓▓ ▓▓ ▓▓ ▓▓ ▓▓   \▓▓/      ▓▓ ▓▓ ▓▓   __| ▓▓  | ▓▓ ▓▓  | ▓▓\▓▓    \| ▓▓  | ▓▓ ▓▓ ▓▓    ▓▓
| ▓▓ \▓▓▓| ▓▓ ▓▓ ▓▓     |  ▓▓▓▓▓▓▓ ▓▓ ▓▓__/  \ ▓▓__/ ▓▓ ▓▓  | ▓▓_\▓▓▓▓▓▓\ ▓▓__/ ▓▓ ▓▓ ▓▓▓▓▓▓▓▓
| ▓▓  \▓ | ▓▓ ▓▓ ▓▓      \▓▓    ▓▓ ▓▓\▓▓    ▓▓\▓▓    ▓▓ ▓▓  | ▓▓       ▓▓\▓▓    ▓▓ ▓▓\▓▓     \
 \▓▓      \▓▓\▓▓\▓▓       \▓▓▓▓▓▓▓\▓▓ \▓▓▓▓▓▓  \▓▓▓▓▓▓ \▓▓   \▓▓\▓▓▓▓▓▓▓  \▓▓▓▓▓▓ \▓▓ \▓▓▓▓▓▓▓


2023-12-03 08:35:00 I/main: Backend: version 2.16.0, built on 2023-10-20 06:28:10.
2023-12-03 08:35:00 I/main: Frontend Terminal: version 2.16.0, provided by Mamoe Technologies
2023-12-03 08:35:00 I/main: Welcome to visit https://mirai.mamoe.net/
2023-12-03 08:35:01 W/stderr: java.io.EOFException
2023-12-03 08:35:01 W/stderr: 	at java.io.ObjectInputStream$PeekInputStream.readFully(ObjectInputStream.java:2832)
2023-12-03 08:35:01 W/stderr: 	at java.io.ObjectInputStream$BlockDataInputStream.readShort(ObjectInputStream.java:3307)
2023-12-03 08:35:01 W/stderr: 	at java.io.ObjectInputStream.readStreamHeader(ObjectInputStream.java:934)
2023-12-03 08:35:01 W/stderr: 	at java.io.ObjectInputStream.<init>(ObjectInputStream.java:396)
2023-12-03 08:35:01 W/stderr: 	at com.mao.utils.file.FileUtil.readMap(FileUtil.java:37)
2023-12-03 08:35:01 W/stderr: 	at com.mao.MiaoMiao.<init>(MiaoMiao.java:27)
2023-12-03 08:35:01 W/stderr: 	at com.mao.MiaoMiao.<clinit>(MiaoMiao.java:15)
2023-12-03 08:35:01 W/stderr: 	at java.lang.Class.forName0(Native Method)
2023-12-03 08:35:01 W/stderr: 	at java.lang.Class.forName(Class.java:348)
2023-12-03 08:35:01 W/stderr: 	at net.mamoe.mirai.console.internal.util.PluginServiceHelper.loadService(PluginServiceHelper.kt:53)
2023-12-03 08:35:01 W/stderr: 	at net.mamoe.mirai.console.internal.util.PluginServiceHelper.loadAllServices(PluginServiceHelper.kt:44)
2023-12-03 08:35:01 W/stderr: 	at net.mamoe.mirai.console.internal.plugin.BuiltInJvmPluginLoaderImpl$extractPlugins$findAllInstances$1.invoke(BuiltInJvmPluginLoaderImpl.kt:205)
2023-12-03 08:35:01 W/stderr: 	at net.mamoe.mirai.console.internal.plugin.BuiltInJvmPluginLoaderImpl$extractPlugins$findAllInstances$1.invoke(BuiltInJvmPluginLoaderImpl.kt:200)
2023-12-03 08:35:01 W/stderr: 	at kotlin.sequences.TransformingSequence$iterator$1.next(Sequences.kt:210)
2023-12-03 08:35:01 W/stderr: 	at kotlin.sequences.FlatteningSequence$iterator$1.ensureItemIterator(Sequences.kt:314)
2023-12-03 08:35:01 W/stderr: 	at kotlin.sequences.FlatteningSequence$iterator$1.hasNext(Sequences.kt:303)
2023-12-03 08:35:01 W/stderr: 	at kotlin.sequences.TransformingSequence$iterator$1.hasNext(Sequences.kt:214)
2023-12-03 08:35:01 W/stderr: 	at kotlin.sequences.FlatteningSequence$iterator$1.ensureItemIterator(Sequences.kt:316)
2023-12-03 08:35:01 W/stderr: 	at kotlin.sequences.FlatteningSequence$iterator$1.hasNext(Sequences.kt:303)
2023-12-03 08:35:01 W/stderr: 	at kotlin.sequences.TransformingSequence$iterator$1.hasNext(Sequences.kt:214)
2023-12-03 08:35:01 W/stderr: 	at kotlin.sequences.TransformingSequence$iterator$1.hasNext(Sequences.kt:214)
2023-12-03 08:35:01 W/stderr: 	at kotlin.sequences.SequencesKt___SequencesKt.toCollection(_Sequences.kt:787)
2023-12-03 08:35:01 W/stderr: 	at kotlin.sequences.SequencesKt___SequencesKt.toSet(_Sequences.kt:828)
2023-12-03 08:35:01 W/stderr: 	at net.mamoe.mirai.console.internal.plugin.BuiltInJvmPluginLoaderImpl.extractPlugins(BuiltInJvmPluginLoaderImpl.kt:287)
2023-12-03 08:35:01 W/stderr: 	at net.mamoe.mirai.console.internal.plugin.BuiltInJvmPluginLoaderImpl.listPlugins(BuiltInJvmPluginLoaderImpl.kt:72)
2023-12-03 08:35:01 W/stderr: 	at net.mamoe.mirai.console.plugin.jvm.JvmPluginLoader$BuiltIn.listPlugins(JvmPluginLoader.kt)
2023-12-03 08:35:01 W/stderr: 	at net.mamoe.mirai.console.internal.plugin.PluginManagerImpl.listAndSortAllPlugins(PluginManagerImpl.kt:207)
2023-12-03 08:35:01 W/stderr: 	at net.mamoe.mirai.console.internal.plugin.PluginManagerImpl.findAndSortAllPluginsUsingBuiltInLoaders(PluginManagerImpl.kt:153)
2023-12-03 08:35:01 W/stderr: 	at net.mamoe.mirai.console.internal.plugin.PluginManagerImpl.loadAllPluginsUsingBuiltInLoaders$mirai_console(PluginManagerImpl.kt:163)
2023-12-03 08:35:01 W/stderr: 	at net.mamoe.mirai.console.internal.MiraiConsoleImplementationBridge.doStart$mirai_console(MiraiConsoleImplementationBridge.kt:303)
2023-12-03 08:35:01 W/stderr: 	at net.mamoe.mirai.console.MiraiConsoleImplementation$Companion.start(MiraiConsoleImplementation.kt:512)
2023-12-03 08:35:01 W/stderr: 	at net.mamoe.mirai.console.terminal.MiraiConsoleTerminalLoader.startAsDaemon(MiraiConsoleTerminalLoader.kt:182)
2023-12-03 08:35:01 W/stderr: 	at net.mamoe.mirai.console.terminal.MiraiConsoleTerminalLoader.startAsDaemon$default(MiraiConsoleTerminalLoader.kt:181)
2023-12-03 08:35:01 W/stderr: 	at net.mamoe.mirai.console.terminal.MiraiConsoleTerminalLoader.main(MiraiConsoleTerminalLoader.kt:59)
2023-12-03 08:35:01 E/main: Failed to init MiraiConsole.
net.mamoe.mirai.console.internal.util.ServiceLoadException: Could not load service com.mao.MiaoMiao.
	at net.mamoe.mirai.console.internal.util.PluginServiceHelper.loadService(PluginServiceHelper.kt:62)
	at net.mamoe.mirai.console.internal.util.PluginServiceHelper.loadAllServices(PluginServiceHelper.kt:44)
	at net.mamoe.mirai.console.internal.plugin.BuiltInJvmPluginLoaderImpl$extractPlugins$findAllInstances$1.invoke(BuiltInJvmPluginLoaderImpl.kt:205)
	at net.mamoe.mirai.console.internal.plugin.BuiltInJvmPluginLoaderImpl$extractPlugins$findAllInstances$1.invoke(BuiltInJvmPluginLoaderImpl.kt:200)
	at kotlin.sequences.TransformingSequence$iterator$1.next(Sequences.kt:210)
	at kotlin.sequences.FlatteningSequence$iterator$1.ensureItemIterator(Sequences.kt:314)
	at kotlin.sequences.FlatteningSequence$iterator$1.hasNext(Sequences.kt:303)
	at kotlin.sequences.TransformingSequence$iterator$1.hasNext(Sequences.kt:214)
	at kotlin.sequences.FlatteningSequence$iterator$1.ensureItemIterator(Sequences.kt:316)
	at kotlin.sequences.FlatteningSequence$iterator$1.hasNext(Sequences.kt:303)
	at kotlin.sequences.TransformingSequence$iterator$1.hasNext(Sequences.kt:214)
	at kotlin.sequences.TransformingSequence$iterator$1.hasNext(Sequences.kt:214)
	at kotlin.sequences.SequencesKt___SequencesKt.toCollection(_Sequences.kt:787)
	at kotlin.sequences.SequencesKt___SequencesKt.toSet(_Sequences.kt:828)
	at net.mamoe.mirai.console.internal.plugin.BuiltInJvmPluginLoaderImpl.extractPlugins(BuiltInJvmPluginLoaderImpl.kt:287)
	at net.mamoe.mirai.console.internal.plugin.BuiltInJvmPluginLoaderImpl.listPlugins(BuiltInJvmPluginLoaderImpl.kt:72)
	at net.mamoe.mirai.console.plugin.jvm.JvmPluginLoader$BuiltIn.listPlugins(JvmPluginLoader.kt)
	at net.mamoe.mirai.console.internal.plugin.PluginManagerImpl.listAndSortAllPlugins(PluginManagerImpl.kt:207)
	at net.mamoe.mirai.console.internal.plugin.PluginManagerImpl.findAndSortAllPluginsUsingBuiltInLoaders(PluginManagerImpl.kt:153)
	at net.mamoe.mirai.console.internal.plugin.PluginManagerImpl.loadAllPluginsUsingBuiltInLoaders$mirai_console(PluginManagerImpl.kt:163)
	at net.mamoe.mirai.console.internal.MiraiConsoleImplementationBridge.doStart$mirai_console(MiraiConsoleImplementationBridge.kt:303)
	at net.mamoe.mirai.console.MiraiConsoleImplementation$Companion.start(MiraiConsoleImplementation.kt:512)
	at net.mamoe.mirai.console.terminal.MiraiConsoleTerminalLoader.startAsDaemon(MiraiConsoleTerminalLoader.kt:182)
	at net.mamoe.mirai.console.terminal.MiraiConsoleTerminalLoader.startAsDaemon$default(MiraiConsoleTerminalLoader.kt:181)
	at net.mamoe.mirai.console.terminal.MiraiConsoleTerminalLoader.main(MiraiConsoleTerminalLoader.kt:59)
Caused by: java.lang.ExceptionInInitializerError
	at java.lang.Class.forName0(Native Method)
	at java.lang.Class.forName(Class.java:348)
	at net.mamoe.mirai.console.internal.util.PluginServiceHelper.loadService(PluginServiceHelper.kt:53)
	... 24 more
Caused by: java.lang.NullPointerException
	at com.mao.MiaoMiao.<init>(MiaoMiao.java:29)
	at com.mao.MiaoMiao.<clinit>(MiaoMiao.java:15)
	... 27 more

2023-12-03 08:35:20 I/main: Starting mirai-console...
2023-12-03 08:35:20 I/main: 

===================================[ Mirai console 2.16.0 ]===================================
 __       __ __                   __  ______                                      __
|  \     /  \  \                 |  \/      \                                    |  \
| ▓▓\   /  ▓▓\▓▓ ______   ______  \▓▓  ▓▓▓▓▓▓\ ______  _______   _______  ______ | ▓▓ ______
| ▓▓▓\ /  ▓▓▓  \/      \ |      \|  \ ▓▓   \▓▓/      \|       \ /       \/      \| ▓▓/      \
| ▓▓▓▓\  ▓▓▓▓ ▓▓  ▓▓▓▓▓▓\ \▓▓▓▓▓▓\ ▓▓ ▓▓     |  ▓▓▓▓▓▓\ ▓▓▓▓▓▓▓\  ▓▓▓▓▓▓▓  ▓▓▓▓▓▓\ ▓▓  ▓▓▓▓▓▓\
| ▓▓\▓▓ ▓▓ ▓▓ ▓▓ ▓▓   \▓▓/      ▓▓ ▓▓ ▓▓   __| ▓▓  | ▓▓ ▓▓  | ▓▓\▓▓    \| ▓▓  | ▓▓ ▓▓ ▓▓    ▓▓
| ▓▓ \▓▓▓| ▓▓ ▓▓ ▓▓     |  ▓▓▓▓▓▓▓ ▓▓ ▓▓__/  \ ▓▓__/ ▓▓ ▓▓  | ▓▓_\▓▓▓▓▓▓\ ▓▓__/ ▓▓ ▓▓ ▓▓▓▓▓▓▓▓
| ▓▓  \▓ | ▓▓ ▓▓ ▓▓      \▓▓    ▓▓ ▓▓\▓▓    ▓▓\▓▓    ▓▓ ▓▓  | ▓▓       ▓▓\▓▓    ▓▓ ▓▓\▓▓     \
 \▓▓      \▓▓\▓▓\▓▓       \▓▓▓▓▓▓▓\▓▓ \▓▓▓▓▓▓  \▓▓▓▓▓▓ \▓▓   \▓▓\▓▓▓▓▓▓▓  \▓▓▓▓▓▓ \▓▓ \▓▓▓▓▓▓▓


2023-12-03 08:35:20 I/main: Backend: version 2.16.0, built on 2023-10-20 06:28:10.
2023-12-03 08:35:20 I/main: Frontend Terminal: version 2.16.0, provided by Mamoe Technologies
2023-12-03 08:35:20 I/main: Welcome to visit https://mirai.mamoe.net/
2023-12-03 08:35:22 W/stderr: java.io.EOFException
2023-12-03 08:35:22 W/stderr: 	at java.io.ObjectInputStream$PeekInputStream.readFully(ObjectInputStream.java:2832)
2023-12-03 08:35:22 W/stderr: 	at java.io.ObjectInputStream$BlockDataInputStream.readShort(ObjectInputStream.java:3307)
2023-12-03 08:35:22 W/stderr: 	at java.io.ObjectInputStream.readStreamHeader(ObjectInputStream.java:934)
2023-12-03 08:35:22 W/stderr: 	at java.io.ObjectInputStream.<init>(ObjectInputStream.java:396)
2023-12-03 08:35:22 W/stderr: 	at com.mao.utils.file.FileUtil.readMap(FileUtil.java:37)
2023-12-03 08:35:22 W/stderr: 	at com.mao.MiaoMiao.<init>(MiaoMiao.java:27)
2023-12-03 08:35:22 W/stderr: 	at com.mao.MiaoMiao.<clinit>(MiaoMiao.java:15)
2023-12-03 08:35:22 W/stderr: 	at java.lang.Class.forName0(Native Method)
2023-12-03 08:35:22 W/stderr: 	at java.lang.Class.forName(Class.java:348)
2023-12-03 08:35:22 W/stderr: 	at net.mamoe.mirai.console.internal.util.PluginServiceHelper.loadService(PluginServiceHelper.kt:53)
2023-12-03 08:35:22 W/stderr: 	at net.mamoe.mirai.console.internal.util.PluginServiceHelper.loadAllServices(PluginServiceHelper.kt:44)
2023-12-03 08:35:22 W/stderr: 	at net.mamoe.mirai.console.internal.plugin.BuiltInJvmPluginLoaderImpl$extractPlugins$findAllInstances$1.invoke(BuiltInJvmPluginLoaderImpl.kt:205)
2023-12-03 08:35:22 W/stderr: 	at net.mamoe.mirai.console.internal.plugin.BuiltInJvmPluginLoaderImpl$extractPlugins$findAllInstances$1.invoke(BuiltInJvmPluginLoaderImpl.kt:200)
2023-12-03 08:35:22 W/stderr: 	at kotlin.sequences.TransformingSequence$iterator$1.next(Sequences.kt:210)
2023-12-03 08:35:22 W/stderr: 	at kotlin.sequences.FlatteningSequence$iterator$1.ensureItemIterator(Sequences.kt:314)
2023-12-03 08:35:22 W/stderr: 	at kotlin.sequences.FlatteningSequence$iterator$1.hasNext(Sequences.kt:303)
2023-12-03 08:35:22 W/stderr: 	at kotlin.sequences.TransformingSequence$iterator$1.hasNext(Sequences.kt:214)
2023-12-03 08:35:22 W/stderr: 	at kotlin.sequences.FlatteningSequence$iterator$1.ensureItemIterator(Sequences.kt:316)
2023-12-03 08:35:22 W/stderr: 	at kotlin.sequences.FlatteningSequence$iterator$1.hasNext(Sequences.kt:303)
2023-12-03 08:35:22 W/stderr: 	at kotlin.sequences.TransformingSequence$iterator$1.hasNext(Sequences.kt:214)
2023-12-03 08:35:22 W/stderr: 	at kotlin.sequences.TransformingSequence$iterator$1.hasNext(Sequences.kt:214)
2023-12-03 08:35:22 W/stderr: 	at kotlin.sequences.SequencesKt___SequencesKt.toCollection(_Sequences.kt:787)
2023-12-03 08:35:22 W/stderr: 	at kotlin.sequences.SequencesKt___SequencesKt.toSet(_Sequences.kt:828)
2023-12-03 08:35:22 W/stderr: 	at net.mamoe.mirai.console.internal.plugin.BuiltInJvmPluginLoaderImpl.extractPlugins(BuiltInJvmPluginLoaderImpl.kt:287)
2023-12-03 08:35:22 W/stderr: 	at net.mamoe.mirai.console.internal.plugin.BuiltInJvmPluginLoaderImpl.listPlugins(BuiltInJvmPluginLoaderImpl.kt:72)
2023-12-03 08:35:22 W/stderr: 	at net.mamoe.mirai.console.plugin.jvm.JvmPluginLoader$BuiltIn.listPlugins(JvmPluginLoader.kt)
2023-12-03 08:35:22 W/stderr: 	at net.mamoe.mirai.console.internal.plugin.PluginManagerImpl.listAndSortAllPlugins(PluginManagerImpl.kt:207)
2023-12-03 08:35:22 W/stderr: 	at net.mamoe.mirai.console.internal.plugin.PluginManagerImpl.findAndSortAllPluginsUsingBuiltInLoaders(PluginManagerImpl.kt:153)
2023-12-03 08:35:22 W/stderr: 	at net.mamoe.mirai.console.internal.plugin.PluginManagerImpl.loadAllPluginsUsingBuiltInLoaders$mirai_console(PluginManagerImpl.kt:163)
2023-12-03 08:35:22 W/stderr: 	at net.mamoe.mirai.console.internal.MiraiConsoleImplementationBridge.doStart$mirai_console(MiraiConsoleImplementationBridge.kt:303)
2023-12-03 08:35:22 W/stderr: 	at net.mamoe.mirai.console.MiraiConsoleImplementation$Companion.start(MiraiConsoleImplementation.kt:512)
2023-12-03 08:35:22 W/stderr: 	at net.mamoe.mirai.console.terminal.MiraiConsoleTerminalLoader.startAsDaemon(MiraiConsoleTerminalLoader.kt:182)
2023-12-03 08:35:22 W/stderr: 	at net.mamoe.mirai.console.terminal.MiraiConsoleTerminalLoader.startAsDaemon$default(MiraiConsoleTerminalLoader.kt:181)
2023-12-03 08:35:22 W/stderr: 	at net.mamoe.mirai.console.terminal.MiraiConsoleTerminalLoader.main(MiraiConsoleTerminalLoader.kt:59)
2023-12-03 08:35:35 E/main: Failed to init MiraiConsole.
net.mamoe.mirai.console.internal.util.ServiceLoadException: Could not load service com.mao.MiaoMiao.
	at net.mamoe.mirai.console.internal.util.PluginServiceHelper.loadService(PluginServiceHelper.kt:62)
	at net.mamoe.mirai.console.internal.util.PluginServiceHelper.loadAllServices(PluginServiceHelper.kt:44)
	at net.mamoe.mirai.console.internal.plugin.BuiltInJvmPluginLoaderImpl$extractPlugins$findAllInstances$1.invoke(BuiltInJvmPluginLoaderImpl.kt:205)
	at net.mamoe.mirai.console.internal.plugin.BuiltInJvmPluginLoaderImpl$extractPlugins$findAllInstances$1.invoke(BuiltInJvmPluginLoaderImpl.kt:200)
	at kotlin.sequences.TransformingSequence$iterator$1.next(Sequences.kt:210)
	at kotlin.sequences.FlatteningSequence$iterator$1.ensureItemIterator(Sequences.kt:314)
	at kotlin.sequences.FlatteningSequence$iterator$1.hasNext(Sequences.kt:303)
	at kotlin.sequences.TransformingSequence$iterator$1.hasNext(Sequences.kt:214)
	at kotlin.sequences.FlatteningSequence$iterator$1.ensureItemIterator(Sequences.kt:316)
	at kotlin.sequences.FlatteningSequence$iterator$1.hasNext(Sequences.kt:303)
	at kotlin.sequences.TransformingSequence$iterator$1.hasNext(Sequences.kt:214)
	at kotlin.sequences.TransformingSequence$iterator$1.hasNext(Sequences.kt:214)
	at kotlin.sequences.SequencesKt___SequencesKt.toCollection(_Sequences.kt:787)
	at kotlin.sequences.SequencesKt___SequencesKt.toSet(_Sequences.kt:828)
	at net.mamoe.mirai.console.internal.plugin.BuiltInJvmPluginLoaderImpl.extractPlugins(BuiltInJvmPluginLoaderImpl.kt:287)
	at net.mamoe.mirai.console.internal.plugin.BuiltInJvmPluginLoaderImpl.listPlugins(BuiltInJvmPluginLoaderImpl.kt:72)
	at net.mamoe.mirai.console.plugin.jvm.JvmPluginLoader$BuiltIn.listPlugins(JvmPluginLoader.kt)
	at net.mamoe.mirai.console.internal.plugin.PluginManagerImpl.listAndSortAllPlugins(PluginManagerImpl.kt:207)
	at net.mamoe.mirai.console.internal.plugin.PluginManagerImpl.findAndSortAllPluginsUsingBuiltInLoaders(PluginManagerImpl.kt:153)
	at net.mamoe.mirai.console.internal.plugin.PluginManagerImpl.loadAllPluginsUsingBuiltInLoaders$mirai_console(PluginManagerImpl.kt:163)
	at net.mamoe.mirai.console.internal.MiraiConsoleImplementationBridge.doStart$mirai_console(MiraiConsoleImplementationBridge.kt:303)
	at net.mamoe.mirai.console.MiraiConsoleImplementation$Companion.start(MiraiConsoleImplementation.kt:512)
	at net.mamoe.mirai.console.terminal.MiraiConsoleTerminalLoader.startAsDaemon(MiraiConsoleTerminalLoader.kt:182)
	at net.mamoe.mirai.console.terminal.MiraiConsoleTerminalLoader.startAsDaemon$default(MiraiConsoleTerminalLoader.kt:181)
	at net.mamoe.mirai.console.terminal.MiraiConsoleTerminalLoader.main(MiraiConsoleTerminalLoader.kt:59)
Caused by: java.lang.ExceptionInInitializerError
	at java.lang.Class.forName0(Native Method)
	at java.lang.Class.forName(Class.java:348)
	at net.mamoe.mirai.console.internal.util.PluginServiceHelper.loadService(PluginServiceHelper.kt:53)
	... 24 more
Caused by: java.lang.NullPointerException
	at com.mao.MiaoMiao.<init>(MiaoMiao.java:29)
	at com.mao.MiaoMiao.<clinit>(MiaoMiao.java:15)
	... 27 more

2023-12-03 08:35:58 I/main: Starting mirai-console...
2023-12-03 08:35:58 I/main: 

===================================[ Mirai console 2.16.0 ]===================================
 __       __ __                   __  ______                                      __
|  \     /  \  \                 |  \/      \                                    |  \
| ▓▓\   /  ▓▓\▓▓ ______   ______  \▓▓  ▓▓▓▓▓▓\ ______  _______   _______  ______ | ▓▓ ______
| ▓▓▓\ /  ▓▓▓  \/      \ |      \|  \ ▓▓   \▓▓/      \|       \ /       \/      \| ▓▓/      \
| ▓▓▓▓\  ▓▓▓▓ ▓▓  ▓▓▓▓▓▓\ \▓▓▓▓▓▓\ ▓▓ ▓▓     |  ▓▓▓▓▓▓\ ▓▓▓▓▓▓▓\  ▓▓▓▓▓▓▓  ▓▓▓▓▓▓\ ▓▓  ▓▓▓▓▓▓\
| ▓▓\▓▓ ▓▓ ▓▓ ▓▓ ▓▓   \▓▓/      ▓▓ ▓▓ ▓▓   __| ▓▓  | ▓▓ ▓▓  | ▓▓\▓▓    \| ▓▓  | ▓▓ ▓▓ ▓▓    ▓▓
| ▓▓ \▓▓▓| ▓▓ ▓▓ ▓▓     |  ▓▓▓▓▓▓▓ ▓▓ ▓▓__/  \ ▓▓__/ ▓▓ ▓▓  | ▓▓_\▓▓▓▓▓▓\ ▓▓__/ ▓▓ ▓▓ ▓▓▓▓▓▓▓▓
| ▓▓  \▓ | ▓▓ ▓▓ ▓▓      \▓▓    ▓▓ ▓▓\▓▓    ▓▓\▓▓    ▓▓ ▓▓  | ▓▓       ▓▓\▓▓    ▓▓ ▓▓\▓▓     \
 \▓▓      \▓▓\▓▓\▓▓       \▓▓▓▓▓▓▓\▓▓ \▓▓▓▓▓▓  \▓▓▓▓▓▓ \▓▓   \▓▓\▓▓▓▓▓▓▓  \▓▓▓▓▓▓ \▓▓ \▓▓▓▓▓▓▓


2023-12-03 08:35:58 I/main: Backend: version 2.16.0, built on 2023-10-20 06:28:10.
2023-12-03 08:35:58 I/main: Frontend Terminal: version 2.16.0, provided by Mamoe Technologies
2023-12-03 08:35:58 I/main: Welcome to visit https://mirai.mamoe.net/
2023-12-03 08:37:46 I/main: Starting mirai-console...
2023-12-03 08:37:46 I/main: 

===================================[ Mirai console 2.16.0 ]===================================
 __       __ __                   __  ______                                      __
|  \     /  \  \                 |  \/      \                                    |  \
| ▓▓\   /  ▓▓\▓▓ ______   ______  \▓▓  ▓▓▓▓▓▓\ ______  _______   _______  ______ | ▓▓ ______
| ▓▓▓\ /  ▓▓▓  \/      \ |      \|  \ ▓▓   \▓▓/      \|       \ /       \/      \| ▓▓/      \
| ▓▓▓▓\  ▓▓▓▓ ▓▓  ▓▓▓▓▓▓\ \▓▓▓▓▓▓\ ▓▓ ▓▓     |  ▓▓▓▓▓▓\ ▓▓▓▓▓▓▓\  ▓▓▓▓▓▓▓  ▓▓▓▓▓▓\ ▓▓  ▓▓▓▓▓▓\
| ▓▓\▓▓ ▓▓ ▓▓ ▓▓ ▓▓   \▓▓/      ▓▓ ▓▓ ▓▓   __| ▓▓  | ▓▓ ▓▓  | ▓▓\▓▓    \| ▓▓  | ▓▓ ▓▓ ▓▓    ▓▓
| ▓▓ \▓▓▓| ▓▓ ▓▓ ▓▓     |  ▓▓▓▓▓▓▓ ▓▓ ▓▓__/  \ ▓▓__/ ▓▓ ▓▓  | ▓▓_\▓▓▓▓▓▓\ ▓▓__/ ▓▓ ▓▓ ▓▓▓▓▓▓▓▓
| ▓▓  \▓ | ▓▓ ▓▓ ▓▓      \▓▓    ▓▓ ▓▓\▓▓    ▓▓\▓▓    ▓▓ ▓▓  | ▓▓       ▓▓\▓▓    ▓▓ ▓▓\▓▓     \
 \▓▓      \▓▓\▓▓\▓▓       \▓▓▓▓▓▓▓\▓▓ \▓▓▓▓▓▓  \▓▓▓▓▓▓ \▓▓   \▓▓\▓▓▓▓▓▓▓  \▓▓▓▓▓▓ \▓▓ \▓▓▓▓▓▓▓


2023-12-03 08:37:46 I/main: Backend: version 2.16.0, built on 2023-10-20 06:28:10.
2023-12-03 08:37:46 I/main: Frontend Terminal: version 2.16.0, provided by Mamoe Technologies
2023-12-03 08:37:46 I/main: Welcome to visit https://mirai.mamoe.net/
2023-12-03 08:37:48 W/stderr: java.io.EOFException
2023-12-03 08:37:48 W/stderr: 	at java.io.ObjectInputStream$PeekInputStream.readFully(ObjectInputStream.java:2832)
2023-12-03 08:37:48 W/stderr: 	at java.io.ObjectInputStream$BlockDataInputStream.readShort(ObjectInputStream.java:3307)
2023-12-03 08:37:48 W/stderr: 	at java.io.ObjectInputStream.readStreamHeader(ObjectInputStream.java:934)
2023-12-03 08:37:48 W/stderr: 	at java.io.ObjectInputStream.<init>(ObjectInputStream.java:396)
2023-12-03 08:37:48 W/stderr: 	at com.mao.utils.file.FileUtil.readMap(FileUtil.java:28)
2023-12-03 08:37:48 W/stderr: 	at com.mao.MiaoMiao.<init>(MiaoMiao.java:27)
2023-12-03 08:37:48 W/stderr: 	at com.mao.MiaoMiao.<clinit>(MiaoMiao.java:15)
2023-12-03 08:37:48 W/stderr: 	at java.lang.Class.forName0(Native Method)
2023-12-03 08:37:48 W/stderr: 	at java.lang.Class.forName(Class.java:348)
2023-12-03 08:37:48 W/stderr: 	at net.mamoe.mirai.console.internal.util.PluginServiceHelper.loadService(PluginServiceHelper.kt:53)
2023-12-03 08:37:48 W/stderr: 	at net.mamoe.mirai.console.internal.util.PluginServiceHelper.loadAllServices(PluginServiceHelper.kt:44)
2023-12-03 08:37:48 W/stderr: 	at net.mamoe.mirai.console.internal.plugin.BuiltInJvmPluginLoaderImpl$extractPlugins$findAllInstances$1.invoke(BuiltInJvmPluginLoaderImpl.kt:205)
2023-12-03 08:37:48 W/stderr: 	at net.mamoe.mirai.console.internal.plugin.BuiltInJvmPluginLoaderImpl$extractPlugins$findAllInstances$1.invoke(BuiltInJvmPluginLoaderImpl.kt:200)
2023-12-03 08:37:48 W/stderr: 	at kotlin.sequences.TransformingSequence$iterator$1.next(Sequences.kt:210)
2023-12-03 08:37:48 W/stderr: 	at kotlin.sequences.FlatteningSequence$iterator$1.ensureItemIterator(Sequences.kt:314)
2023-12-03 08:37:48 W/stderr: 	at kotlin.sequences.FlatteningSequence$iterator$1.hasNext(Sequences.kt:303)
2023-12-03 08:37:48 W/stderr: 	at kotlin.sequences.TransformingSequence$iterator$1.hasNext(Sequences.kt:214)
2023-12-03 08:37:48 W/stderr: 	at kotlin.sequences.FlatteningSequence$iterator$1.ensureItemIterator(Sequences.kt:316)
2023-12-03 08:37:48 W/stderr: 	at kotlin.sequences.FlatteningSequence$iterator$1.hasNext(Sequences.kt:303)
2023-12-03 08:37:48 W/stderr: 	at kotlin.sequences.TransformingSequence$iterator$1.hasNext(Sequences.kt:214)
2023-12-03 08:37:48 W/stderr: 	at kotlin.sequences.TransformingSequence$iterator$1.hasNext(Sequences.kt:214)
2023-12-03 08:37:48 W/stderr: 	at kotlin.sequences.SequencesKt___SequencesKt.toCollection(_Sequences.kt:787)
2023-12-03 08:37:48 W/stderr: 	at kotlin.sequences.SequencesKt___SequencesKt.toSet(_Sequences.kt:828)
2023-12-03 08:37:48 W/stderr: 	at net.mamoe.mirai.console.internal.plugin.BuiltInJvmPluginLoaderImpl.extractPlugins(BuiltInJvmPluginLoaderImpl.kt:287)
2023-12-03 08:37:48 W/stderr: 	at net.mamoe.mirai.console.internal.plugin.BuiltInJvmPluginLoaderImpl.listPlugins(BuiltInJvmPluginLoaderImpl.kt:72)
2023-12-03 08:37:48 W/stderr: 	at net.mamoe.mirai.console.plugin.jvm.JvmPluginLoader$BuiltIn.listPlugins(JvmPluginLoader.kt)
2023-12-03 08:37:48 W/stderr: 	at net.mamoe.mirai.console.internal.plugin.PluginManagerImpl.listAndSortAllPlugins(PluginManagerImpl.kt:207)
2023-12-03 08:37:48 W/stderr: 	at net.mamoe.mirai.console.internal.plugin.PluginManagerImpl.findAndSortAllPluginsUsingBuiltInLoaders(PluginManagerImpl.kt:153)
2023-12-03 08:37:48 W/stderr: 	at net.mamoe.mirai.console.internal.plugin.PluginManagerImpl.loadAllPluginsUsingBuiltInLoaders$mirai_console(PluginManagerImpl.kt:163)
2023-12-03 08:37:48 W/stderr: 	at net.mamoe.mirai.console.internal.MiraiConsoleImplementationBridge.doStart$mirai_console(MiraiConsoleImplementationBridge.kt:303)
2023-12-03 08:37:48 W/stderr: 	at net.mamoe.mirai.console.MiraiConsoleImplementation$Companion.start(MiraiConsoleImplementation.kt:512)
2023-12-03 08:37:48 W/stderr: 	at net.mamoe.mirai.console.terminal.MiraiConsoleTerminalLoader.startAsDaemon(MiraiConsoleTerminalLoader.kt:182)
2023-12-03 08:37:48 W/stderr: 	at net.mamoe.mirai.console.terminal.MiraiConsoleTerminalLoader.startAsDaemon$default(MiraiConsoleTerminalLoader.kt:181)
2023-12-03 08:37:48 W/stderr: 	at net.mamoe.mirai.console.terminal.MiraiConsoleTerminalLoader.main(MiraiConsoleTerminalLoader.kt:59)
2023-12-03 08:37:48 E/main: Failed to init MiraiConsole.
net.mamoe.mirai.console.internal.util.ServiceLoadException: Could not load service com.mao.MiaoMiao.
	at net.mamoe.mirai.console.internal.util.PluginServiceHelper.loadService(PluginServiceHelper.kt:62)
	at net.mamoe.mirai.console.internal.util.PluginServiceHelper.loadAllServices(PluginServiceHelper.kt:44)
	at net.mamoe.mirai.console.internal.plugin.BuiltInJvmPluginLoaderImpl$extractPlugins$findAllInstances$1.invoke(BuiltInJvmPluginLoaderImpl.kt:205)
	at net.mamoe.mirai.console.internal.plugin.BuiltInJvmPluginLoaderImpl$extractPlugins$findAllInstances$1.invoke(BuiltInJvmPluginLoaderImpl.kt:200)
	at kotlin.sequences.TransformingSequence$iterator$1.next(Sequences.kt:210)
	at kotlin.sequences.FlatteningSequence$iterator$1.ensureItemIterator(Sequences.kt:314)
	at kotlin.sequences.FlatteningSequence$iterator$1.hasNext(Sequences.kt:303)
	at kotlin.sequences.TransformingSequence$iterator$1.hasNext(Sequences.kt:214)
	at kotlin.sequences.FlatteningSequence$iterator$1.ensureItemIterator(Sequences.kt:316)
	at kotlin.sequences.FlatteningSequence$iterator$1.hasNext(Sequences.kt:303)
	at kotlin.sequences.TransformingSequence$iterator$1.hasNext(Sequences.kt:214)
	at kotlin.sequences.TransformingSequence$iterator$1.hasNext(Sequences.kt:214)
	at kotlin.sequences.SequencesKt___SequencesKt.toCollection(_Sequences.kt:787)
	at kotlin.sequences.SequencesKt___SequencesKt.toSet(_Sequences.kt:828)
	at net.mamoe.mirai.console.internal.plugin.BuiltInJvmPluginLoaderImpl.extractPlugins(BuiltInJvmPluginLoaderImpl.kt:287)
	at net.mamoe.mirai.console.internal.plugin.BuiltInJvmPluginLoaderImpl.listPlugins(BuiltInJvmPluginLoaderImpl.kt:72)
	at net.mamoe.mirai.console.plugin.jvm.JvmPluginLoader$BuiltIn.listPlugins(JvmPluginLoader.kt)
	at net.mamoe.mirai.console.internal.plugin.PluginManagerImpl.listAndSortAllPlugins(PluginManagerImpl.kt:207)
	at net.mamoe.mirai.console.internal.plugin.PluginManagerImpl.findAndSortAllPluginsUsingBuiltInLoaders(PluginManagerImpl.kt:153)
	at net.mamoe.mirai.console.internal.plugin.PluginManagerImpl.loadAllPluginsUsingBuiltInLoaders$mirai_console(PluginManagerImpl.kt:163)
	at net.mamoe.mirai.console.internal.MiraiConsoleImplementationBridge.doStart$mirai_console(MiraiConsoleImplementationBridge.kt:303)
	at net.mamoe.mirai.console.MiraiConsoleImplementation$Companion.start(MiraiConsoleImplementation.kt:512)
	at net.mamoe.mirai.console.terminal.MiraiConsoleTerminalLoader.startAsDaemon(MiraiConsoleTerminalLoader.kt:182)
	at net.mamoe.mirai.console.terminal.MiraiConsoleTerminalLoader.startAsDaemon$default(MiraiConsoleTerminalLoader.kt:181)
	at net.mamoe.mirai.console.terminal.MiraiConsoleTerminalLoader.main(MiraiConsoleTerminalLoader.kt:59)
Caused by: java.lang.ExceptionInInitializerError
	at java.lang.Class.forName0(Native Method)
	at java.lang.Class.forName(Class.java:348)
	at net.mamoe.mirai.console.internal.util.PluginServiceHelper.loadService(PluginServiceHelper.kt:53)
	... 24 more
Caused by: java.lang.NullPointerException
	at com.mao.MiaoMiao.<init>(MiaoMiao.java:29)
	at com.mao.MiaoMiao.<clinit>(MiaoMiao.java:15)
	... 27 more

2023-12-03 08:38:12 I/main: Starting mirai-console...
2023-12-03 08:38:12 I/main: 

===================================[ Mirai console 2.16.0 ]===================================
 __       __ __                   __  ______                                      __
|  \     /  \  \                 |  \/      \                                    |  \
| ▓▓\   /  ▓▓\▓▓ ______   ______  \▓▓  ▓▓▓▓▓▓\ ______  _______   _______  ______ | ▓▓ ______
| ▓▓▓\ /  ▓▓▓  \/      \ |      \|  \ ▓▓   \▓▓/      \|       \ /       \/      \| ▓▓/      \
| ▓▓▓▓\  ▓▓▓▓ ▓▓  ▓▓▓▓▓▓\ \▓▓▓▓▓▓\ ▓▓ ▓▓     |  ▓▓▓▓▓▓\ ▓▓▓▓▓▓▓\  ▓▓▓▓▓▓▓  ▓▓▓▓▓▓\ ▓▓  ▓▓▓▓▓▓\
| ▓▓\▓▓ ▓▓ ▓▓ ▓▓ ▓▓   \▓▓/      ▓▓ ▓▓ ▓▓   __| ▓▓  | ▓▓ ▓▓  | ▓▓\▓▓    \| ▓▓  | ▓▓ ▓▓ ▓▓    ▓▓
| ▓▓ \▓▓▓| ▓▓ ▓▓ ▓▓     |  ▓▓▓▓▓▓▓ ▓▓ ▓▓__/  \ ▓▓__/ ▓▓ ▓▓  | ▓▓_\▓▓▓▓▓▓\ ▓▓__/ ▓▓ ▓▓ ▓▓▓▓▓▓▓▓
| ▓▓  \▓ | ▓▓ ▓▓ ▓▓      \▓▓    ▓▓ ▓▓\▓▓    ▓▓\▓▓    ▓▓ ▓▓  | ▓▓       ▓▓\▓▓    ▓▓ ▓▓\▓▓     \
 \▓▓      \▓▓\▓▓\▓▓       \▓▓▓▓▓▓▓\▓▓ \▓▓▓▓▓▓  \▓▓▓▓▓▓ \▓▓   \▓▓\▓▓▓▓▓▓▓  \▓▓▓▓▓▓ \▓▓ \▓▓▓▓▓▓▓


2023-12-03 08:38:12 I/main: Backend: version 2.16.0, built on 2023-10-20 06:28:10.
2023-12-03 08:38:12 I/main: Frontend Terminal: version 2.16.0, provided by Mamoe Technologies
2023-12-03 08:38:12 I/main: Welcome to visit https://mirai.mamoe.net/
2023-12-03 08:38:13 I/stdout: 定时器任务正在执行...
2023-12-03 08:38:13 I/plugin: Successfully loaded plugin miaomiao v0.1.0
2023-12-03 08:38:13 I/main: Prepared built-in commands: autoLogin, help, login, logout, permission, status, stop
2023-12-03 08:38:13 I/main: 2 plugin(s) enabled.
2023-12-03 08:38:13 I/main: mirai-console started successfully.
2023-12-03 08:38:35 I/Bot.2680785606: Calculating type 2 PoW, it can take some time....
2023-12-03 08:38:35 I/Bot.2680785606: Got PoW result, cost: 38 ms
2023-12-03 08:38:35 I/Bot.2680785606: [SliderCaptcha] 需要滑动验证码, 请按照以下链接的步骤完成滑动验证码, 然后输入获取到的 ticket
2023-12-03 08:38:35 I/Bot.2680785606: [SliderCaptcha] Slider captcha required. Please solve the captcha with following link. Type ticket here after completion.
2023-12-03 08:38:35 I/Bot.2680785606: [SliderCaptcha] @see https://github.com/project-mirai/mirai-login-solver-selenium
2023-12-03 08:38:35 I/Bot.2680785606: [SliderCaptcha] @see https://docs.mirai.mamoe.net/mirai-login-solver-selenium/
2023-12-03 08:38:35 I/Bot.2680785606: [SliderCaptcha] 或者输入 helper 来使用 TxCaptchaHelper 完成滑动验证码
2023-12-03 08:38:35 I/Bot.2680785606: [SliderCaptcha] Or type helper to resolve slider captcha with TxCaptchaHelper.apk
2023-12-03 08:38:35 W/Bot.2680785606: [SliderCaptcha] TxCaptchaHelper 的在线服务疑似被屏蔽，可能无法使用。TxCaptchaHelper 现已无法满足登录QQ机器人，请在以下链接下载全新的验证器
2023-12-03 08:38:35 W/Bot.2680785606: [SliderCaptcha] The service of TxCaptchaHelper might be blocked. We recommend you to download the new login solver plugin in below link.
2023-12-03 08:38:35 W/Bot.2680785606: [SliderCaptcha] @see https://github.com/KasukuSakura/mirai-login-solver-sakura
2023-12-03 08:38:35 I/Bot.2680785606: [SliderCaptcha] Captcha link: https://ssl.captcha.qq.com/template/wireless_mqq_captcha.html?style=simple&aid=16&uin=2680785606&sid=5401860200437894666&cap_cd=YF-ITtmrrpj5_-wbY2NqcUzqz8KdwwsF6x_DNVSojIVo4KaRQAK4AA**&clientype=1&apptype=2
