2024-02-15 01:43:29 I/main: Starting mirai-console...
2024-02-15 01:43:30 I/main: 

===================================[ Mirai console 2.16.0 ]===================================
 __       __ __                   __  ______                                      __
|  \     /  \  \                 |  \/      \                                    |  \
| ▓▓\   /  ▓▓\▓▓ ______   ______  \▓▓  ▓▓▓▓▓▓\ ______  _______   _______  ______ | ▓▓ ______
| ▓▓▓\ /  ▓▓▓  \/      \ |      \|  \ ▓▓   \▓▓/      \|       \ /       \/      \| ▓▓/      \
| ▓▓▓▓\  ▓▓▓▓ ▓▓  ▓▓▓▓▓▓\ \▓▓▓▓▓▓\ ▓▓ ▓▓     |  ▓▓▓▓▓▓\ ▓▓▓▓▓▓▓\  ▓▓▓▓▓▓▓  ▓▓▓▓▓▓\ ▓▓  ▓▓▓▓▓▓\
| ▓▓\▓▓ ▓▓ ▓▓ ▓▓ ▓▓   \▓▓/      ▓▓ ▓▓ ▓▓   __| ▓▓  | ▓▓ ▓▓  | ▓▓\▓▓    \| ▓▓  | ▓▓ ▓▓ ▓▓    ▓▓
| ▓▓ \▓▓▓| ▓▓ ▓▓ ▓▓     |  ▓▓▓▓▓▓▓ ▓▓ ▓▓__/  \ ▓▓__/ ▓▓ ▓▓  | ▓▓_\▓▓▓▓▓▓\ ▓▓__/ ▓▓ ▓▓ ▓▓▓▓▓▓▓▓
| ▓▓  \▓ | ▓▓ ▓▓ ▓▓      \▓▓    ▓▓ ▓▓\▓▓    ▓▓\▓▓    ▓▓ ▓▓  | ▓▓       ▓▓\▓▓    ▓▓ ▓▓\▓▓     \
 \▓▓      \▓▓\▓▓\▓▓       \▓▓▓▓▓▓▓\▓▓ \▓▓▓▓▓▓  \▓▓▓▓▓▓ \▓▓   \▓▓\▓▓▓▓▓▓▓  \▓▓▓▓▓▓ \▓▓ \▓▓▓▓▓▓▓


2024-02-15 01:43:30 I/main: Backend: version 2.16.0, built on 2023-10-20 06:28:10.
2024-02-15 01:43:30 I/main: Frontend Terminal: version 2.16.0, provided by Mamoe Technologies
2024-02-15 01:43:30 I/main: Welcome to visit https://mirai.mamoe.net/
2024-02-15 01:43:30 I/plugin: Successfully loaded plugin miaomiao v1.0.0
2024-02-15 01:43:31 I/main: Prepared built-in commands: autoLogin, help, login, logout, permission, status, stop
2024-02-15 01:43:31 I/stdout: 0点定时任务被调用了..
2024-02-15 01:43:31 I/stdout: 180分钟定时任务被调用...
2024-02-15 01:43:31 I/stdout: 初始化成功...
2024-02-15 01:43:31 I/main: 2 plugin(s) enabled.
2024-02-15 01:43:31 I/main: mirai-console started successfully.
2024-02-15 01:43:51 I/main: Starting mirai-console...
2024-02-15 01:43:51 I/main: 

===================================[ Mirai console 2.16.0 ]===================================
 __       __ __                   __  ______                                      __
|  \     /  \  \                 |  \/      \                                    |  \
| ▓▓\   /  ▓▓\▓▓ ______   ______  \▓▓  ▓▓▓▓▓▓\ ______  _______   _______  ______ | ▓▓ ______
| ▓▓▓\ /  ▓▓▓  \/      \ |      \|  \ ▓▓   \▓▓/      \|       \ /       \/      \| ▓▓/      \
| ▓▓▓▓\  ▓▓▓▓ ▓▓  ▓▓▓▓▓▓\ \▓▓▓▓▓▓\ ▓▓ ▓▓     |  ▓▓▓▓▓▓\ ▓▓▓▓▓▓▓\  ▓▓▓▓▓▓▓  ▓▓▓▓▓▓\ ▓▓  ▓▓▓▓▓▓\
| ▓▓\▓▓ ▓▓ ▓▓ ▓▓ ▓▓   \▓▓/      ▓▓ ▓▓ ▓▓   __| ▓▓  | ▓▓ ▓▓  | ▓▓\▓▓    \| ▓▓  | ▓▓ ▓▓ ▓▓    ▓▓
| ▓▓ \▓▓▓| ▓▓ ▓▓ ▓▓     |  ▓▓▓▓▓▓▓ ▓▓ ▓▓__/  \ ▓▓__/ ▓▓ ▓▓  | ▓▓_\▓▓▓▓▓▓\ ▓▓__/ ▓▓ ▓▓ ▓▓▓▓▓▓▓▓
| ▓▓  \▓ | ▓▓ ▓▓ ▓▓      \▓▓    ▓▓ ▓▓\▓▓    ▓▓\▓▓    ▓▓ ▓▓  | ▓▓       ▓▓\▓▓    ▓▓ ▓▓\▓▓     \
 \▓▓      \▓▓\▓▓\▓▓       \▓▓▓▓▓▓▓\▓▓ \▓▓▓▓▓▓  \▓▓▓▓▓▓ \▓▓   \▓▓\▓▓▓▓▓▓▓  \▓▓▓▓▓▓ \▓▓ \▓▓▓▓▓▓▓


2024-02-15 01:43:51 I/main: Backend: version 2.16.0, built on 2023-10-20 06:28:10.
2024-02-15 01:43:51 I/main: Frontend Terminal: version 2.16.0, provided by Mamoe Technologies
2024-02-15 01:43:51 I/main: Welcome to visit https://mirai.mamoe.net/
2024-02-15 01:43:52 I/plugin: Successfully loaded plugin miaomiao v1.0.0
2024-02-15 01:43:52 I/main: Prepared built-in commands: autoLogin, help, login, logout, permission, status, stop
2024-02-15 01:43:52 I/stdout: 0点定时任务被调用了..
2024-02-15 01:43:52 I/stdout: 180分钟定时任务被调用...
2024-02-15 01:43:53 I/stdout: 初始化成功...
2024-02-15 01:43:53 I/main: 2 plugin(s) enabled.
2024-02-15 01:43:53 I/main: mirai-console started successfully.
2024-02-15 01:44:08 I/main: Starting mirai-console...
2024-02-15 01:44:08 I/main: 

===================================[ Mirai console 2.16.0 ]===================================
 __       __ __                   __  ______                                      __
|  \     /  \  \                 |  \/      \                                    |  \
| ▓▓\   /  ▓▓\▓▓ ______   ______  \▓▓  ▓▓▓▓▓▓\ ______  _______   _______  ______ | ▓▓ ______
| ▓▓▓\ /  ▓▓▓  \/      \ |      \|  \ ▓▓   \▓▓/      \|       \ /       \/      \| ▓▓/      \
| ▓▓▓▓\  ▓▓▓▓ ▓▓  ▓▓▓▓▓▓\ \▓▓▓▓▓▓\ ▓▓ ▓▓     |  ▓▓▓▓▓▓\ ▓▓▓▓▓▓▓\  ▓▓▓▓▓▓▓  ▓▓▓▓▓▓\ ▓▓  ▓▓▓▓▓▓\
| ▓▓\▓▓ ▓▓ ▓▓ ▓▓ ▓▓   \▓▓/      ▓▓ ▓▓ ▓▓   __| ▓▓  | ▓▓ ▓▓  | ▓▓\▓▓    \| ▓▓  | ▓▓ ▓▓ ▓▓    ▓▓
| ▓▓ \▓▓▓| ▓▓ ▓▓ ▓▓     |  ▓▓▓▓▓▓▓ ▓▓ ▓▓__/  \ ▓▓__/ ▓▓ ▓▓  | ▓▓_\▓▓▓▓▓▓\ ▓▓__/ ▓▓ ▓▓ ▓▓▓▓▓▓▓▓
| ▓▓  \▓ | ▓▓ ▓▓ ▓▓      \▓▓    ▓▓ ▓▓\▓▓    ▓▓\▓▓    ▓▓ ▓▓  | ▓▓       ▓▓\▓▓    ▓▓ ▓▓\▓▓     \
 \▓▓      \▓▓\▓▓\▓▓       \▓▓▓▓▓▓▓\▓▓ \▓▓▓▓▓▓  \▓▓▓▓▓▓ \▓▓   \▓▓\▓▓▓▓▓▓▓  \▓▓▓▓▓▓ \▓▓ \▓▓▓▓▓▓▓


2024-02-15 01:44:08 I/main: Backend: version 2.16.0, built on 2023-10-20 06:28:10.
2024-02-15 01:44:08 I/main: Frontend Terminal: version 2.16.0, provided by Mamoe Technologies
2024-02-15 01:44:08 I/main: Welcome to visit https://mirai.mamoe.net/
2024-02-15 01:44:09 I/plugin: Successfully loaded plugin miaomiao v1.0.0
2024-02-15 01:44:09 I/main: Prepared built-in commands: autoLogin, help, login, logout, permission, status, stop
2024-02-15 01:44:09 I/stdout: 0点定时任务被调用了..
2024-02-15 01:44:09 I/stdout: 180分钟定时任务被调用...
2024-02-15 01:44:10 I/stdout: 初始化成功...
2024-02-15 01:44:10 W/BotConfiguration: 未指定设备信息, 已使用随机设备信息. 请查看 BotConfiguration.deviceInfo 以获取更多信息.
2024-02-15 01:44:10 W/BotConfiguration: Device info isn't specified. Please refer to BotConfiguration.deviceInfo for more information
2024-02-15 01:44:10 I/Net 2680785606: EncryptService SPI is not provided, sso secure ecdh will not be initialized.
2024-02-15 01:44:10 I/Net 2680785606: ECDH key is invalid, start to fetch ecdh public key from server.
2024-02-15 01:44:11 I/Net 2680785606: Successfully fetched ecdh public key from server.
2024-02-15 01:44:11 I/Bot 2680785606: [QRCodeLogin] 已获取登录二维码，请在手机 QQ 使用账号 2680785606 扫码
2024-02-15 01:44:11 I/Bot 2680785606: [QRCodeLogin] Fetched login qrcode, please scan via qq android with account 2680785606.
2024-02-15 01:44:11 I/Bot 2680785606: [QRCodeLogin] 将会显示二维码图片，若看不清图片，请查看文件 file:///C:/Users/ASUS/AppData/Local/Temp/mirai-qrcode-2680785606-17079326514321796178143600420.png
2024-02-15 01:44:11 I/Bot 2680785606: [QRCodeLogin] Displaying qrcode image. If not clear, view file file:///C:/Users/ASUS/AppData/Local/Temp/mirai-qrcode-2680785606-17079326514321796178143600420.png.
2024-02-15 01:44:11 I/Bot 2680785606: [QRCodeLogin] 

                                                                                                                     
                                                                                                                     
                                                                                                                     
                                                                                                                     
                                                                                                                     
                                                                                                                     
                                                                                                                     
                                                                                                                     
                                                                                                                     
                                                                                                                     
                                                                                                                     
                                                                                                                     
                                                                                                                     
                                                                                                                     
                                                                                                                     
                                                                                                                     
                                                                                                                     
                                                                                                                     
                                                                                                                     
                                                                                                                     
                                                                                                                     
                                                                                                                     
                                                                                                                     
                                                                                                                     
                                                                                                                     
                                                                                                                     
                                                                                                                     
                                                                                                                     
                                                                                                                     
                                                                                                                     
                                                                                                                     
                                                                                                                     
                                                                                                                     
                                                                                                                     
                                                                                                                     
                                                                                                                     
                                                                                                                     
                                                                                                                     
                                                                                                                     

2024-02-15 01:44:11 I/Bot 2680785606: [QRCodeLogin] 等待扫描二维码中
2024-02-15 01:44:11 I/Bot 2680785606: [QRCodeLogin] Waiting for scanning qrcode.
2024-02-15 01:44:46 I/Bot 2680785606: [QRCodeLogin] 扫描完成，请在手机 QQ 确认登录
2024-02-15 01:44:46 I/Bot 2680785606: [QRCodeLogin] Scan complete. Please confirm login.
2024-02-15 01:44:51 I/Bot 2680785606: [QRCodeLogin] 已确认登录
2024-02-15 01:44:51 I/Bot 2680785606: [QRCodeLogin] Login confirmed.
2024-02-15 01:44:51 I/Bot 2680785606: Login successful
2024-02-15 01:44:51 I/Bot 2680785606: Saved account secrets to local cache for fast login.
2024-02-15 01:44:51 I/Bot 2680785606: Login successful.
2024-02-15 01:44:51 I/Net 2680785606: Server time updated, serverTime: 1707932692, diff: 1ms=0.001s
2024-02-15 01:44:51 I/Net 2680785606: Syncing friend message history...
2024-02-15 01:44:51 I/Net 2680785606: Start loading friend list...
2024-02-15 01:44:51 I/Net 2680785606: Start loading stranger list...
2024-02-15 01:44:51 I/Net 2680785606: Start loading friendGroup list...
2024-02-15 01:44:51 I/Net 2680785606: Start loading group list...
2024-02-15 01:44:51 I/Net 2680785606: Successfully loaded stranger list: 0 in total
2024-02-15 01:44:51 I/Net 2680785606: Syncing friend message history: Success.
2024-02-15 01:44:51 I/Net 2680785606: Successfully loaded friend list: 3 in total
2024-02-15 01:44:51 I/Net 2680785606: Successfully loaded friendGroup list: 4 in total
2024-02-15 01:44:52 I/Net 2680785606: Online OtherClients: PHP110(MOBILE)
2024-02-15 01:44:52 I/Net 2680785606: Successfully loaded group list: 1 in total.
2024-02-15 01:44:52 I/Net 2680785606: Scheduled refresh login session in 19d 23h 55min 0.0s.
2024-02-15 01:44:52 I/Net 2680785606: Scheduled key refresh in 23h 55min 0.0s.
2024-02-15 01:44:52 I/Bot 2680785606: Bot login successful.
2024-02-15 01:44:52 I/main: 2 plugin(s) enabled.
2024-02-15 01:44:52 I/main: mirai-console started successfully.
2024-02-15 01:45:00 I/stdout: 奶片三服信息获取失败
2024-02-15 01:45:00 I/stdout: 喵服二服信息获取失败
2024-02-15 01:45:00 I/stdout: 获取服务器信息耗时 : 2635秒
2024-02-15 01:45:48 I/main: Starting mirai-console...
2024-02-15 01:45:48 I/main: 

===================================[ Mirai console 2.16.0 ]===================================
 __       __ __                   __  ______                                      __
|  \     /  \  \                 |  \/      \                                    |  \
| ▓▓\   /  ▓▓\▓▓ ______   ______  \▓▓  ▓▓▓▓▓▓\ ______  _______   _______  ______ | ▓▓ ______
| ▓▓▓\ /  ▓▓▓  \/      \ |      \|  \ ▓▓   \▓▓/      \|       \ /       \/      \| ▓▓/      \
| ▓▓▓▓\  ▓▓▓▓ ▓▓  ▓▓▓▓▓▓\ \▓▓▓▓▓▓\ ▓▓ ▓▓     |  ▓▓▓▓▓▓\ ▓▓▓▓▓▓▓\  ▓▓▓▓▓▓▓  ▓▓▓▓▓▓\ ▓▓  ▓▓▓▓▓▓\
| ▓▓\▓▓ ▓▓ ▓▓ ▓▓ ▓▓   \▓▓/      ▓▓ ▓▓ ▓▓   __| ▓▓  | ▓▓ ▓▓  | ▓▓\▓▓    \| ▓▓  | ▓▓ ▓▓ ▓▓    ▓▓
| ▓▓ \▓▓▓| ▓▓ ▓▓ ▓▓     |  ▓▓▓▓▓▓▓ ▓▓ ▓▓__/  \ ▓▓__/ ▓▓ ▓▓  | ▓▓_\▓▓▓▓▓▓\ ▓▓__/ ▓▓ ▓▓ ▓▓▓▓▓▓▓▓
| ▓▓  \▓ | ▓▓ ▓▓ ▓▓      \▓▓    ▓▓ ▓▓\▓▓    ▓▓\▓▓    ▓▓ ▓▓  | ▓▓       ▓▓\▓▓    ▓▓ ▓▓\▓▓     \
 \▓▓      \▓▓\▓▓\▓▓       \▓▓▓▓▓▓▓\▓▓ \▓▓▓▓▓▓  \▓▓▓▓▓▓ \▓▓   \▓▓\▓▓▓▓▓▓▓  \▓▓▓▓▓▓ \▓▓ \▓▓▓▓▓▓▓


2024-02-15 01:45:48 I/main: Backend: version 2.16.0, built on 2023-10-20 06:28:10.
2024-02-15 01:45:48 I/main: Frontend Terminal: version 2.16.0, provided by Mamoe Technologies
2024-02-15 01:45:48 I/main: Welcome to visit https://mirai.mamoe.net/
2024-02-15 01:45:49 I/plugin: Successfully loaded plugin miaomiao v1.0.0
2024-02-15 01:45:49 I/main: Prepared built-in commands: autoLogin, help, login, logout, permission, status, stop
2024-02-15 01:45:49 I/stdout: 0点定时任务被调用了..
2024-02-15 01:45:49 I/stdout: 180分钟定时任务被调用...
2024-02-15 01:45:50 I/stdout: 初始化成功...
2024-02-15 01:45:50 W/BotConfiguration: 未指定设备信息, 已使用随机设备信息. 请查看 BotConfiguration.deviceInfo 以获取更多信息.
2024-02-15 01:45:50 W/BotConfiguration: Device info isn't specified. Please refer to BotConfiguration.deviceInfo for more information
2024-02-15 01:45:50 I/Net 2680785606: EncryptService SPI is not provided, sso secure ecdh will not be initialized.
2024-02-15 01:45:50 I/Net 2680785606: ECDH key is invalid, start to fetch ecdh public key from server.
2024-02-15 01:45:50 I/Net 2680785606: Successfully fetched ecdh public key from server.
2024-02-15 01:45:50 I/Bot 2680785606: [QRCodeLogin] 已获取登录二维码，请在手机 QQ 使用账号 2680785606 扫码
2024-02-15 01:45:50 I/Bot 2680785606: [QRCodeLogin] Fetched login qrcode, please scan via qq android with account 2680785606.
2024-02-15 01:45:51 I/Bot 2680785606: [QRCodeLogin] 将会显示二维码图片，若看不清图片，请查看文件 file:///C:/Users/ASUS/AppData/Local/Temp/mirai-qrcode-2680785606-17079327505416018614447605488.png
2024-02-15 01:45:51 I/Bot 2680785606: [QRCodeLogin] Displaying qrcode image. If not clear, view file file:///C:/Users/ASUS/AppData/Local/Temp/mirai-qrcode-2680785606-17079327505416018614447605488.png.
2024-02-15 01:45:51 I/Bot 2680785606: [QRCodeLogin] 

                                                                                                                     
                                                                                                                     
                                                                                                                     
                                                                                                                     
                                                                                                                     
                                                                                                                     
                                                                                                                     
                                                                                                                     
                                                                                                                     
                                                                                                                     
                                                                                                                     
                                                                                                                     
                                                                                                                     
                                                                                                                     
                                                                                                                     
                                                                                                                     
                                                                                                                     
                                                                                                                     
                                                                                                                     
                                                                                                                     
                                                                                                                     
                                                                                                                     
                                                                                                                     
                                                                                                                     
                                                                                                                     
                                                                                                                     
                                                                                                                     
                                                                                                                     
                                                                                                                     
                                                                                                                     
                                                                                                                     
                                                                                                                     
                                                                                                                     
                                                                                                                     
                                                                                                                     
                                                                                                                     
                                                                                                                     
                                                                                                                     
                                                                                                                     

2024-02-15 01:45:51 I/Bot 2680785606: [QRCodeLogin] 等待扫描二维码中
2024-02-15 01:45:51 I/Bot 2680785606: [QRCodeLogin] Waiting for scanning qrcode.
2024-02-15 01:46:01 I/Bot 2680785606: [QRCodeLogin] 扫描完成，请在手机 QQ 确认登录
2024-02-15 01:46:01 I/Bot 2680785606: [QRCodeLogin] Scan complete. Please confirm login.
2024-02-15 01:46:06 I/Bot 2680785606: [QRCodeLogin] 已确认登录
2024-02-15 01:46:06 I/Bot 2680785606: [QRCodeLogin] Login confirmed.
2024-02-15 01:46:06 I/Bot 2680785606: Login successful
2024-02-15 01:46:06 I/Bot 2680785606: Saved account secrets to local cache for fast login.
2024-02-15 01:46:06 I/Bot 2680785606: Login successful.
2024-02-15 01:46:06 I/Net 2680785606: Server time updated, serverTime: 1707932766, diff: 0ms=0.0s
2024-02-15 01:46:06 I/Net 2680785606: Syncing friend message history...
2024-02-15 01:46:06 I/Net 2680785606: Start loading friend list...
2024-02-15 01:46:06 I/Net 2680785606: Start loading friendGroup list...
2024-02-15 01:46:06 I/Net 2680785606: Start loading stranger list...
2024-02-15 01:46:06 I/Net 2680785606: Start loading group list...
2024-02-15 01:46:06 I/Net 2680785606: Successfully loaded stranger list: 0 in total
2024-02-15 01:46:06 I/Net 2680785606: Syncing friend message history: Success.
2024-02-15 01:46:06 I/Net 2680785606: Successfully loaded friend list: 3 in total
2024-02-15 01:46:06 I/Net 2680785606: Online OtherClients: PHP110(MOBILE)
2024-02-15 01:46:06 I/Net 2680785606: Successfully loaded friendGroup list: 4 in total
2024-02-15 01:46:06 I/Net 2680785606: Successfully loaded group list: 1 in total.
2024-02-15 01:46:06 I/Net 2680785606: Scheduled refresh login session in 19d 23h 55min 0.0s.
2024-02-15 01:46:06 I/Net 2680785606: Scheduled key refresh in 23h 55min 0.0s.
2024-02-15 01:46:06 I/Bot 2680785606: Bot login successful.
2024-02-15 01:46:06 I/main: 2 plugin(s) enabled.
2024-02-15 01:46:06 I/main: mirai-console started successfully.
2024-02-15 01:46:14 I/stdout: 奶片三服信息获取失败
2024-02-15 01:46:14 I/stdout: 获取服务器信息耗时 : 2376秒
2024-02-15 01:46:50 I/stdout: 奶片三服信息获取失败
2024-02-15 01:46:50 I/stdout: 获取服务器信息耗时 : 2400秒
2024-02-15 01:52:30 I/main: Starting mirai-console...
2024-02-15 01:52:30 I/main: 

===================================[ Mirai console 2.16.0 ]===================================
 __       __ __                   __  ______                                      __
|  \     /  \  \                 |  \/      \                                    |  \
| ▓▓\   /  ▓▓\▓▓ ______   ______  \▓▓  ▓▓▓▓▓▓\ ______  _______   _______  ______ | ▓▓ ______
| ▓▓▓\ /  ▓▓▓  \/      \ |      \|  \ ▓▓   \▓▓/      \|       \ /       \/      \| ▓▓/      \
| ▓▓▓▓\  ▓▓▓▓ ▓▓  ▓▓▓▓▓▓\ \▓▓▓▓▓▓\ ▓▓ ▓▓     |  ▓▓▓▓▓▓\ ▓▓▓▓▓▓▓\  ▓▓▓▓▓▓▓  ▓▓▓▓▓▓\ ▓▓  ▓▓▓▓▓▓\
| ▓▓\▓▓ ▓▓ ▓▓ ▓▓ ▓▓   \▓▓/      ▓▓ ▓▓ ▓▓   __| ▓▓  | ▓▓ ▓▓  | ▓▓\▓▓    \| ▓▓  | ▓▓ ▓▓ ▓▓    ▓▓
| ▓▓ \▓▓▓| ▓▓ ▓▓ ▓▓     |  ▓▓▓▓▓▓▓ ▓▓ ▓▓__/  \ ▓▓__/ ▓▓ ▓▓  | ▓▓_\▓▓▓▓▓▓\ ▓▓__/ ▓▓ ▓▓ ▓▓▓▓▓▓▓▓
| ▓▓  \▓ | ▓▓ ▓▓ ▓▓      \▓▓    ▓▓ ▓▓\▓▓    ▓▓\▓▓    ▓▓ ▓▓  | ▓▓       ▓▓\▓▓    ▓▓ ▓▓\▓▓     \
 \▓▓      \▓▓\▓▓\▓▓       \▓▓▓▓▓▓▓\▓▓ \▓▓▓▓▓▓  \▓▓▓▓▓▓ \▓▓   \▓▓\▓▓▓▓▓▓▓  \▓▓▓▓▓▓ \▓▓ \▓▓▓▓▓▓▓


2024-02-15 01:52:30 I/main: Backend: version 2.16.0, built on 2023-10-20 06:28:10.
2024-02-15 01:52:30 I/main: Frontend Terminal: version 2.16.0, provided by Mamoe Technologies
2024-02-15 01:52:30 I/main: Welcome to visit https://mirai.mamoe.net/
2024-02-15 01:52:31 I/plugin: Successfully loaded plugin miaomiao v1.0.0
2024-02-15 01:52:31 I/main: Prepared built-in commands: autoLogin, help, login, logout, permission, status, stop
2024-02-15 01:52:31 I/stdout: 0点定时任务被调用了..
2024-02-15 01:52:31 I/stdout: 180分钟定时任务被调用...
2024-02-15 01:52:50 I/stdout: 初始化成功...
2024-02-15 01:52:50 W/BotConfiguration: 未指定设备信息, 已使用随机设备信息. 请查看 BotConfiguration.deviceInfo 以获取更多信息.
2024-02-15 01:52:50 W/BotConfiguration: Device info isn't specified. Please refer to BotConfiguration.deviceInfo for more information
2024-02-15 01:52:50 I/Net 2680785606: EncryptService SPI is not provided, sso secure ecdh will not be initialized.
2024-02-15 01:52:50 I/Net 2680785606: ECDH key is invalid, start to fetch ecdh public key from server.
2024-02-15 01:52:51 I/Net 2680785606: Successfully fetched ecdh public key from server.
2024-02-15 01:52:51 I/Bot 2680785606: [QRCodeLogin] 已获取登录二维码，请在手机 QQ 使用账号 2680785606 扫码
2024-02-15 01:52:51 I/Bot 2680785606: [QRCodeLogin] Fetched login qrcode, please scan via qq android with account 2680785606.
2024-02-15 01:52:51 I/Bot 2680785606: [QRCodeLogin] 将会显示二维码图片，若看不清图片，请查看文件 file:///C:/Users/ASUS/AppData/Local/Temp/mirai-qrcode-2680785606-17079331714463692954641882012.png
2024-02-15 01:52:51 I/Bot 2680785606: [QRCodeLogin] Displaying qrcode image. If not clear, view file file:///C:/Users/ASUS/AppData/Local/Temp/mirai-qrcode-2680785606-17079331714463692954641882012.png.
2024-02-15 01:52:51 I/Bot 2680785606: [QRCodeLogin] 

                                                                                                                     
                                                                                                                     
                                                                                                                     
                                                                                                                     
                                                                                                                     
                                                                                                                     
                                                                                                                     
                                                                                                                     
                                                                                                                     
                                                                                                                     
                                                                                                                     
                                                                                                                     
                                                                                                                     
                                                                                                                     
                                                                                                                     
                                                                                                                     
                                                                                                                     
                                                                                                                     
                                                                                                                     
                                                                                                                     
                                                                                                                     
                                                                                                                     
                                                                                                                     
                                                                                                                     
                                                                                                                     
                                                                                                                     
                                                                                                                     
                                                                                                                     
                                                                                                                     
                                                                                                                     
                                                                                                                     
                                                                                                                     
                                                                                                                     
                                                                                                                     
                                                                                                                     
                                                                                                                     
                                                                                                                     
                                                                                                                     
                                                                                                                     

2024-02-15 01:52:51 I/Bot 2680785606: [QRCodeLogin] 等待扫描二维码中
2024-02-15 01:52:51 I/Bot 2680785606: [QRCodeLogin] Waiting for scanning qrcode.
2024-02-15 01:53:06 I/Bot 2680785606: [QRCodeLogin] 扫描完成，请在手机 QQ 确认登录
2024-02-15 01:53:06 I/Bot 2680785606: [QRCodeLogin] Scan complete. Please confirm login.
2024-02-15 01:53:11 I/Bot 2680785606: [QRCodeLogin] 已确认登录
2024-02-15 01:53:11 I/Bot 2680785606: [QRCodeLogin] Login confirmed.
2024-02-15 01:53:11 I/Bot 2680785606: Login successful
2024-02-15 01:53:11 I/Bot 2680785606: Saved account secrets to local cache for fast login.
2024-02-15 01:53:11 I/Bot 2680785606: Login successful.
2024-02-15 01:53:11 I/Net 2680785606: Server time updated, serverTime: 1707933192, diff: 1ms=0.001s
2024-02-15 01:53:11 I/Net 2680785606: Syncing friend message history...
2024-02-15 01:53:11 I/Net 2680785606: Start loading friend list...
2024-02-15 01:53:11 I/Net 2680785606: Start loading stranger list...
2024-02-15 01:53:11 I/Net 2680785606: Start loading friendGroup list...
2024-02-15 01:53:11 I/Net 2680785606: Start loading group list...
2024-02-15 01:53:11 I/Net 2680785606: Successfully loaded stranger list: 0 in total
2024-02-15 01:53:11 I/Net 2680785606: Syncing friend message history: Success.
2024-02-15 01:53:11 I/Net 2680785606: Successfully loaded friend list: 3 in total
2024-02-15 01:53:11 I/Net 2680785606: Online OtherClients: PHP110(MOBILE)
2024-02-15 01:53:11 I/Net 2680785606: Successfully loaded friendGroup list: 4 in total
2024-02-15 01:53:11 I/Net 2680785606: Successfully loaded group list: 1 in total.
2024-02-15 01:53:12 I/Net 2680785606: Scheduled key refresh in 23h 55min 0.0s.
2024-02-15 01:53:12 I/Net 2680785606: Scheduled refresh login session in 19d 23h 55min 0.0s.
2024-02-15 01:53:12 I/Bot 2680785606: Bot login successful.
2024-02-15 01:53:12 I/main: 2 plugin(s) enabled.
2024-02-15 01:53:12 I/main: mirai-console started successfully.
2024-02-15 01:53:18 I/stdout: 奶片三服信息获取失败
2024-02-15 01:53:18 I/stdout: 获取服务器信息耗时 : 2330秒
2024-02-15 02:02:01 I/main: Starting mirai-console...
2024-02-15 02:02:01 I/main: 

===================================[ Mirai console 2.16.0 ]===================================
 __       __ __                   __  ______                                      __
|  \     /  \  \                 |  \/      \                                    |  \
| ▓▓\   /  ▓▓\▓▓ ______   ______  \▓▓  ▓▓▓▓▓▓\ ______  _______   _______  ______ | ▓▓ ______
| ▓▓▓\ /  ▓▓▓  \/      \ |      \|  \ ▓▓   \▓▓/      \|       \ /       \/      \| ▓▓/      \
| ▓▓▓▓\  ▓▓▓▓ ▓▓  ▓▓▓▓▓▓\ \▓▓▓▓▓▓\ ▓▓ ▓▓     |  ▓▓▓▓▓▓\ ▓▓▓▓▓▓▓\  ▓▓▓▓▓▓▓  ▓▓▓▓▓▓\ ▓▓  ▓▓▓▓▓▓\
| ▓▓\▓▓ ▓▓ ▓▓ ▓▓ ▓▓   \▓▓/      ▓▓ ▓▓ ▓▓   __| ▓▓  | ▓▓ ▓▓  | ▓▓\▓▓    \| ▓▓  | ▓▓ ▓▓ ▓▓    ▓▓
| ▓▓ \▓▓▓| ▓▓ ▓▓ ▓▓     |  ▓▓▓▓▓▓▓ ▓▓ ▓▓__/  \ ▓▓__/ ▓▓ ▓▓  | ▓▓_\▓▓▓▓▓▓\ ▓▓__/ ▓▓ ▓▓ ▓▓▓▓▓▓▓▓
| ▓▓  \▓ | ▓▓ ▓▓ ▓▓      \▓▓    ▓▓ ▓▓\▓▓    ▓▓\▓▓    ▓▓ ▓▓  | ▓▓       ▓▓\▓▓    ▓▓ ▓▓\▓▓     \
 \▓▓      \▓▓\▓▓\▓▓       \▓▓▓▓▓▓▓\▓▓ \▓▓▓▓▓▓  \▓▓▓▓▓▓ \▓▓   \▓▓\▓▓▓▓▓▓▓  \▓▓▓▓▓▓ \▓▓ \▓▓▓▓▓▓▓


2024-02-15 02:02:01 I/main: Backend: version 2.16.0, built on 2023-10-20 06:28:10.
2024-02-15 02:02:01 I/main: Frontend Terminal: version 2.16.0, provided by Mamoe Technologies
2024-02-15 02:02:01 I/main: Welcome to visit https://mirai.mamoe.net/
2024-02-15 02:02:02 I/plugin: Successfully loaded plugin miaomiao v1.0.0
2024-02-15 02:02:02 I/main: Prepared built-in commands: autoLogin, help, login, logout, permission, status, stop
2024-02-15 02:02:02 I/stdout: 0点定时任务被调用了..
2024-02-15 02:02:02 I/stdout: 180分钟定时任务被调用...
2024-02-15 02:02:07 I/stdout: 初始化成功...
2024-02-15 02:02:07 W/BotConfiguration: 未指定设备信息, 已使用随机设备信息. 请查看 BotConfiguration.deviceInfo 以获取更多信息.
2024-02-15 02:02:07 W/BotConfiguration: Device info isn't specified. Please refer to BotConfiguration.deviceInfo for more information
2024-02-15 02:02:07 I/Net 2680785606: EncryptService SPI is not provided, sso secure ecdh will not be initialized.
2024-02-15 02:02:07 I/Net 2680785606: ECDH key is invalid, start to fetch ecdh public key from server.
2024-02-15 02:02:07 I/Net 2680785606: Successfully fetched ecdh public key from server.
2024-02-15 02:02:08 I/Bot 2680785606: [QRCodeLogin] 已获取登录二维码，请在手机 QQ 使用账号 2680785606 扫码
2024-02-15 02:02:08 I/Bot 2680785606: [QRCodeLogin] Fetched login qrcode, please scan via qq android with account 2680785606.
2024-02-15 02:02:08 I/Bot 2680785606: [QRCodeLogin] 将会显示二维码图片，若看不清图片，请查看文件 file:///C:/Users/ASUS/AppData/Local/Temp/mirai-qrcode-2680785606-17079337283131466006517085239.png
2024-02-15 02:02:08 I/Bot 2680785606: [QRCodeLogin] Displaying qrcode image. If not clear, view file file:///C:/Users/ASUS/AppData/Local/Temp/mirai-qrcode-2680785606-17079337283131466006517085239.png.
2024-02-15 02:02:08 I/Bot 2680785606: [QRCodeLogin] 

                                                                                                                     
                                                                                                                     
                                                                                                                     
                                                                                                                     
                                                                                                                     
                                                                                                                     
                                                                                                                     
                                                                                                                     
                                                                                                                     
                                                                                                                     
                                                                                                                     
                                                                                                                     
                                                                                                                     
                                                                                                                     
                                                                                                                     
                                                                                                                     
                                                                                                                     
                                                                                                                     
                                                                                                                     
                                                                                                                     
                                                                                                                     
                                                                                                                     
                                                                                                                     
                                                                                                                     
                                                                                                                     
                                                                                                                     
                                                                                                                     
                                                                                                                     
                                                                                                                     
                                                                                                                     
                                                                                                                     
                                                                                                                     
                                                                                                                     
                                                                                                                     
                                                                                                                     
                                                                                                                     
                                                                                                                     
                                                                                                                     
                                                                                                                     

2024-02-15 02:02:08 I/Bot 2680785606: [QRCodeLogin] 等待扫描二维码中
2024-02-15 02:02:08 I/Bot 2680785606: [QRCodeLogin] Waiting for scanning qrcode.
2024-02-15 02:02:18 I/Bot 2680785606: [QRCodeLogin] 扫描完成，请在手机 QQ 确认登录
2024-02-15 02:02:18 I/Bot 2680785606: [QRCodeLogin] Scan complete. Please confirm login.
2024-02-15 02:02:28 I/Bot 2680785606: [QRCodeLogin] 已确认登录
2024-02-15 02:02:28 I/Bot 2680785606: [QRCodeLogin] Login confirmed.
2024-02-15 02:02:28 I/Bot 2680785606: Login successful
2024-02-15 02:02:28 I/Bot 2680785606: Saved account secrets to local cache for fast login.
2024-02-15 02:02:28 I/Bot 2680785606: Login successful.
2024-02-15 02:02:28 I/Net 2680785606: Server time updated, serverTime: 1707933748, diff: 0ms=0.0s
2024-02-15 02:02:28 I/Net 2680785606: Syncing friend message history...
2024-02-15 02:02:28 I/Net 2680785606: Start loading friend list...
2024-02-15 02:02:28 I/Net 2680785606: Start loading stranger list...
2024-02-15 02:02:28 I/Net 2680785606: Start loading friendGroup list...
2024-02-15 02:02:28 I/Net 2680785606: Successfully loaded stranger list: 0 in total
2024-02-15 02:02:28 I/Net 2680785606: Start loading group list...
2024-02-15 02:02:28 I/Net 2680785606: Syncing friend message history: Success.
2024-02-15 02:02:28 I/Net 2680785606: Successfully loaded friendGroup list: 4 in total
2024-02-15 02:02:28 I/Net 2680785606: Online OtherClients: PHP110(MOBILE)
2024-02-15 02:02:28 I/Net 2680785606: Successfully loaded friend list: 3 in total
2024-02-15 02:02:28 I/Net 2680785606: Successfully loaded group list: 1 in total.
2024-02-15 02:02:28 I/Net 2680785606: Scheduled refresh login session in 19d 23h 55min 0.0s.
2024-02-15 02:02:28 I/Net 2680785606: Scheduled key refresh in 23h 55min 0.0s.
2024-02-15 02:02:28 I/Bot 2680785606: Bot login successful.
2024-02-15 02:02:28 I/main: 2 plugin(s) enabled.
2024-02-15 02:02:28 I/main: mirai-console started successfully.
2024-02-15 02:23:17 I/main: Starting mirai-console...
2024-02-15 02:23:17 I/main: 

===================================[ Mirai console 2.16.0 ]===================================
 __       __ __                   __  ______                                      __
|  \     /  \  \                 |  \/      \                                    |  \
| ▓▓\   /  ▓▓\▓▓ ______   ______  \▓▓  ▓▓▓▓▓▓\ ______  _______   _______  ______ | ▓▓ ______
| ▓▓▓\ /  ▓▓▓  \/      \ |      \|  \ ▓▓   \▓▓/      \|       \ /       \/      \| ▓▓/      \
| ▓▓▓▓\  ▓▓▓▓ ▓▓  ▓▓▓▓▓▓\ \▓▓▓▓▓▓\ ▓▓ ▓▓     |  ▓▓▓▓▓▓\ ▓▓▓▓▓▓▓\  ▓▓▓▓▓▓▓  ▓▓▓▓▓▓\ ▓▓  ▓▓▓▓▓▓\
| ▓▓\▓▓ ▓▓ ▓▓ ▓▓ ▓▓   \▓▓/      ▓▓ ▓▓ ▓▓   __| ▓▓  | ▓▓ ▓▓  | ▓▓\▓▓    \| ▓▓  | ▓▓ ▓▓ ▓▓    ▓▓
| ▓▓ \▓▓▓| ▓▓ ▓▓ ▓▓     |  ▓▓▓▓▓▓▓ ▓▓ ▓▓__/  \ ▓▓__/ ▓▓ ▓▓  | ▓▓_\▓▓▓▓▓▓\ ▓▓__/ ▓▓ ▓▓ ▓▓▓▓▓▓▓▓
| ▓▓  \▓ | ▓▓ ▓▓ ▓▓      \▓▓    ▓▓ ▓▓\▓▓    ▓▓\▓▓    ▓▓ ▓▓  | ▓▓       ▓▓\▓▓    ▓▓ ▓▓\▓▓     \
 \▓▓      \▓▓\▓▓\▓▓       \▓▓▓▓▓▓▓\▓▓ \▓▓▓▓▓▓  \▓▓▓▓▓▓ \▓▓   \▓▓\▓▓▓▓▓▓▓  \▓▓▓▓▓▓ \▓▓ \▓▓▓▓▓▓▓


2024-02-15 02:23:17 I/main: Backend: version 2.16.0, built on 2023-10-20 06:28:10.
2024-02-15 02:23:17 I/main: Frontend Terminal: version 2.16.0, provided by Mamoe Technologies
2024-02-15 02:23:17 I/main: Welcome to visit https://mirai.mamoe.net/
2024-02-15 02:23:18 I/plugin: Successfully loaded plugin miaomiao v1.0.0
2024-02-15 02:23:18 I/main: Prepared built-in commands: autoLogin, help, login, logout, permission, status, stop
2024-02-15 02:23:18 I/stdout: 0点定时任务被调用了..
2024-02-15 02:23:18 I/stdout: 180分钟定时任务被调用...
2024-02-15 02:23:19 I/stdout: 初始化成功...
2024-02-15 02:23:19 W/BotConfiguration: 未指定设备信息, 已使用随机设备信息. 请查看 BotConfiguration.deviceInfo 以获取更多信息.
2024-02-15 02:23:19 W/BotConfiguration: Device info isn't specified. Please refer to BotConfiguration.deviceInfo for more information
2024-02-15 02:23:20 I/Net 2680785606: EncryptService SPI is not provided, sso secure ecdh will not be initialized.
2024-02-15 02:23:20 I/Net 2680785606: ECDH key is invalid, start to fetch ecdh public key from server.
2024-02-15 02:23:20 I/Net 2680785606: Successfully fetched ecdh public key from server.
2024-02-15 02:23:20 I/Bot 2680785606: [QRCodeLogin] 已获取登录二维码，请在手机 QQ 使用账号 2680785606 扫码
2024-02-15 02:23:20 I/Bot 2680785606: [QRCodeLogin] Fetched login qrcode, please scan via qq android with account 2680785606.
2024-02-15 02:23:20 I/Bot 2680785606: [QRCodeLogin] 将会显示二维码图片，若看不清图片，请查看文件 file:///C:/Users/ASUS/AppData/Local/Temp/mirai-qrcode-2680785606-17079350003700669228350394656.png
2024-02-15 02:23:20 I/Bot 2680785606: [QRCodeLogin] Displaying qrcode image. If not clear, view file file:///C:/Users/ASUS/AppData/Local/Temp/mirai-qrcode-2680785606-17079350003700669228350394656.png.
2024-02-15 02:23:20 I/Bot 2680785606: [QRCodeLogin] 

                                                                                                                     
                                                                                                                     
                                                                                                                     
                                                                                                                     
                                                                                                                     
                                                                                                                     
                                                                                                                     
                                                                                                                     
                                                                                                                     
                                                                                                                     
                                                                                                                     
                                                                                                                     
                                                                                                                     
                                                                                                                     
                                                                                                                     
                                                                                                                     
                                                                                                                     
                                                                                                                     
                                                                                                                     
                                                                                                                     
                                                                                                                     
                                                                                                                     
                                                                                                                     
                                                                                                                     
                                                                                                                     
                                                                                                                     
                                                                                                                     
                                                                                                                     
                                                                                                                     
                                                                                                                     
                                                                                                                     
                                                                                                                     
                                                                                                                     
                                                                                                                     
                                                                                                                     
                                                                                                                     
                                                                                                                     
                                                                                                                     
                                                                                                                     

2024-02-15 02:23:20 I/Bot 2680785606: [QRCodeLogin] 等待扫描二维码中
2024-02-15 02:23:20 I/Bot 2680785606: [QRCodeLogin] Waiting for scanning qrcode.
2024-02-15 02:24:01 I/Bot 2680785606: [QRCodeLogin] 扫描完成，请在手机 QQ 确认登录
2024-02-15 02:24:01 I/Bot 2680785606: [QRCodeLogin] Scan complete. Please confirm login.
2024-02-15 02:24:06 I/Bot 2680785606: [QRCodeLogin] 已确认登录
2024-02-15 02:24:06 I/Bot 2680785606: [QRCodeLogin] Login confirmed.
2024-02-15 02:24:06 I/Bot 2680785606: Login successful
2024-02-15 02:24:06 I/Bot 2680785606: Saved account secrets to local cache for fast login.
2024-02-15 02:24:06 I/Bot 2680785606: Login successful.
2024-02-15 02:24:06 I/Net 2680785606: Server time updated, serverTime: 1707935046, diff: 0ms=0.0s
2024-02-15 02:24:06 I/Net 2680785606: Syncing friend message history...
2024-02-15 02:24:06 I/Net 2680785606: Start loading friend list...
2024-02-15 02:24:06 I/Net 2680785606: Start loading stranger list...
2024-02-15 02:24:06 I/Net 2680785606: Start loading friendGroup list...
2024-02-15 02:24:06 I/Net 2680785606: Successfully loaded stranger list: 0 in total
2024-02-15 02:24:06 I/Net 2680785606: Start loading group list...
2024-02-15 02:24:06 I/Net 2680785606: Syncing friend message history: Success.
2024-02-15 02:24:06 I/Net 2680785606: Successfully loaded friend list: 3 in total
2024-02-15 02:24:06 I/Net 2680785606: Successfully loaded friendGroup list: 4 in total
2024-02-15 02:24:06 I/Net 2680785606: Online OtherClients: PHP110(MOBILE)
2024-02-15 02:24:06 I/Net 2680785606: Successfully loaded group list: 1 in total.
2024-02-15 02:24:06 I/Net 2680785606: Scheduled refresh login session in 19d 23h 55min 0.0s.
2024-02-15 02:24:06 I/Net 2680785606: Scheduled key refresh in 23h 55min 0.0s.
2024-02-15 02:24:06 I/Bot 2680785606: Bot login successful.
2024-02-15 02:24:06 I/main: 2 plugin(s) enabled.
2024-02-15 02:24:06 I/main: mirai-console started successfully.
