2024-02-16 10:04:34 I/main: Starting mirai-console...
2024-02-16 10:04:34 I/main: 

===================================[ Mirai console 2.16.0 ]===================================
 __       __ __                   __  ______                                      __
|  \     /  \  \                 |  \/      \                                    |  \
| ▓▓\   /  ▓▓\▓▓ ______   ______  \▓▓  ▓▓▓▓▓▓\ ______  _______   _______  ______ | ▓▓ ______
| ▓▓▓\ /  ▓▓▓  \/      \ |      \|  \ ▓▓   \▓▓/      \|       \ /       \/      \| ▓▓/      \
| ▓▓▓▓\  ▓▓▓▓ ▓▓  ▓▓▓▓▓▓\ \▓▓▓▓▓▓\ ▓▓ ▓▓     |  ▓▓▓▓▓▓\ ▓▓▓▓▓▓▓\  ▓▓▓▓▓▓▓  ▓▓▓▓▓▓\ ▓▓  ▓▓▓▓▓▓\
| ▓▓\▓▓ ▓▓ ▓▓ ▓▓ ▓▓   \▓▓/      ▓▓ ▓▓ ▓▓   __| ▓▓  | ▓▓ ▓▓  | ▓▓\▓▓    \| ▓▓  | ▓▓ ▓▓ ▓▓    ▓▓
| ▓▓ \▓▓▓| ▓▓ ▓▓ ▓▓     |  ▓▓▓▓▓▓▓ ▓▓ ▓▓__/  \ ▓▓__/ ▓▓ ▓▓  | ▓▓_\▓▓▓▓▓▓\ ▓▓__/ ▓▓ ▓▓ ▓▓▓▓▓▓▓▓
| ▓▓  \▓ | ▓▓ ▓▓ ▓▓      \▓▓    ▓▓ ▓▓\▓▓    ▓▓\▓▓    ▓▓ ▓▓  | ▓▓       ▓▓\▓▓    ▓▓ ▓▓\▓▓     \
 \▓▓      \▓▓\▓▓\▓▓       \▓▓▓▓▓▓▓\▓▓ \▓▓▓▓▓▓  \▓▓▓▓▓▓ \▓▓   \▓▓\▓▓▓▓▓▓▓  \▓▓▓▓▓▓ \▓▓ \▓▓▓▓▓▓▓


2024-02-16 10:04:34 I/main: Backend: version 2.16.0, built on 2023-10-20 06:28:10.
2024-02-16 10:04:34 I/main: Frontend Terminal: version 2.16.0, provided by Mamoe Technologies
2024-02-16 10:04:34 I/main: Welcome to visit https://mirai.mamoe.net/
2024-02-16 10:04:44 I/plugin: Successfully loaded plugin miaomiao v1.0.0
2024-02-16 10:04:45 I/main: Prepared built-in commands: autoLogin, help, login, logout, permission, status, stop
2024-02-16 10:04:45 I/stdout: 0点定时任务被调用了..
2024-02-16 10:04:45 I/stdout: 180分钟定时任务被调用...
2024-02-16 10:04:45 I/stdout: 初始化成功...
2024-02-16 10:04:45 I/main: 2 plugin(s) enabled.
2024-02-16 10:04:45 I/main: mirai-console started successfully.
2024-02-16 10:04:57 W/console: Closing input service...
